{"/home/ltulloch/src/vscode-tekton/out/src/cli.js":{"path":"/home/ltulloch/src/vscode-tekton/out/src/cli.js","s":{"1":1,"2":6,"3":1,"4":0,"5":0,"6":0,"7":1,"8":0,"9":0,"10":0,"11":1,"12":6,"13":0,"14":6,"15":1,"16":1,"17":1,"18":1,"19":5,"20":1,"21":5,"22":0,"23":0,"24":3,"25":3,"26":3,"27":3,"28":3,"29":3,"30":3,"31":3,"32":3,"33":3,"34":3,"35":1,"36":1,"37":0,"38":9,"39":9,"40":9,"41":9,"42":0,"43":9,"44":9,"45":9,"46":9,"47":9,"48":0},"b":{"1":[1,1,1],"2":[6,6],"3":[6,0],"4":[6,6],"5":[1,4],"6":[3,0],"7":[9,0],"8":[0,9]},"f":{"1":6,"2":6,"3":0,"4":0,"5":6,"6":0,"7":1,"8":5,"9":0,"10":0,"11":3,"12":3,"13":3,"14":1,"15":0,"16":9,"17":9},"fnMap":{"1":{"name":"(anonymous_1)","line":6,"loc":{"start":{"line":6,"column":44},"end":{"line":6,"column":89}}},"2":{"name":"(anonymous_2)","line":7,"loc":{"start":{"line":7,"column":36},"end":{"line":7,"column":63}}},"3":{"name":"fulfilled","line":8,"loc":{"start":{"line":8,"column":8},"end":{"line":8,"column":34}}},"4":{"name":"rejected","line":9,"loc":{"start":{"line":9,"column":8},"end":{"line":9,"column":33}}},"5":{"name":"step","line":10,"loc":{"start":{"line":10,"column":8},"end":{"line":10,"column":30}}},"6":{"name":"(anonymous_6)","line":10,"loc":{"start":{"line":10,"column":76},"end":{"line":10,"column":95}}},"7":{"name":"(anonymous_7)","line":18,"loc":{"start":{"line":18,"column":15},"end":{"line":18,"column":18}}},"8":{"name":"(anonymous_8)","line":21,"loc":{"start":{"line":21,"column":22},"end":{"line":21,"column":25}}},"9":{"name":"(anonymous_9)","line":27,"loc":{"start":{"line":27,"column":21},"end":{"line":27,"column":24}}},"10":{"name":"(anonymous_10)","line":28,"loc":{"start":{"line":28,"column":47},"end":{"line":28,"column":60}}},"11":{"name":"(anonymous_11)","line":32,"loc":{"start":{"line":32,"column":11},"end":{"line":32,"column":28}}},"12":{"name":"(anonymous_12)","line":33,"loc":{"start":{"line":33,"column":47},"end":{"line":33,"column":60}}},"13":{"name":"(anonymous_13)","line":34,"loc":{"start":{"line":34,"column":84},"end":{"line":34,"column":97}}},"14":{"name":"(anonymous_14)","line":54,"loc":{"start":{"line":54,"column":15},"end":{"line":54,"column":18}}},"15":{"name":"(anonymous_15)","line":57,"loc":{"start":{"line":57,"column":8},"end":{"line":57,"column":11}}},"16":{"name":"(anonymous_16)","line":60,"loc":{"start":{"line":60,"column":16},"end":{"line":60,"column":22}}},"17":{"name":"(anonymous_17)","line":70,"loc":{"start":{"line":70,"column":9},"end":{"line":70,"column":16}}}},"statementMap":{"1":{"start":{"line":6,"column":0},"end":{"line":13,"column":2}},"2":{"start":{"line":7,"column":4},"end":{"line":12,"column":7}},"3":{"start":{"line":8,"column":8},"end":{"line":8,"column":99}},"4":{"start":{"line":8,"column":36},"end":{"line":8,"column":97}},"5":{"start":{"line":8,"column":42},"end":{"line":8,"column":70}},"6":{"start":{"line":8,"column":85},"end":{"line":8,"column":95}},"7":{"start":{"line":9,"column":8},"end":{"line":9,"column":102}},"8":{"start":{"line":9,"column":35},"end":{"line":9,"column":100}},"9":{"start":{"line":9,"column":41},"end":{"line":9,"column":73}},"10":{"start":{"line":9,"column":88},"end":{"line":9,"column":98}},"11":{"start":{"line":10,"column":8},"end":{"line":10,"column":151}},"12":{"start":{"line":10,"column":32},"end":{"line":10,"column":149}},"13":{"start":{"line":10,"column":97},"end":{"line":10,"column":119}},"14":{"start":{"line":11,"column":8},"end":{"line":11,"column":78}},"15":{"start":{"line":14,"column":0},"end":{"line":14,"column":62}},"16":{"start":{"line":15,"column":0},"end":{"line":15,"column":46}},"17":{"start":{"line":16,"column":0},"end":{"line":16,"column":33}},"18":{"start":{"line":19,"column":8},"end":{"line":19,"column":47}},"19":{"start":{"line":22,"column":8},"end":{"line":24,"column":9}},"20":{"start":{"line":23,"column":12},"end":{"line":23,"column":37}},"21":{"start":{"line":25,"column":8},"end":{"line":25,"column":28}},"22":{"start":{"line":28,"column":8},"end":{"line":30,"column":11}},"23":{"start":{"line":29,"column":12},"end":{"line":29,"column":35}},"24":{"start":{"line":33,"column":8},"end":{"line":49,"column":11}},"25":{"start":{"line":34,"column":12},"end":{"line":48,"column":16}},"26":{"start":{"line":34,"column":52},"end":{"line":48,"column":14}},"27":{"start":{"line":35,"column":16},"end":{"line":35,"column":43}},"28":{"start":{"line":36,"column":16},"end":{"line":38,"column":17}},"29":{"start":{"line":37,"column":20},"end":{"line":37,"column":53}},"30":{"start":{"line":39,"column":16},"end":{"line":47,"column":19}},"31":{"start":{"line":40,"column":20},"end":{"line":40,"column":85}},"32":{"start":{"line":41,"column":20},"end":{"line":41,"column":58}},"33":{"start":{"line":42,"column":20},"end":{"line":42,"column":50}},"34":{"start":{"line":46,"column":20},"end":{"line":46,"column":71}},"35":{"start":{"line":52,"column":0},"end":{"line":52,"column":18}},"36":{"start":{"line":55,"column":8},"end":{"line":55,"column":77}},"37":{"start":{"line":58,"column":8},"end":{"line":58,"column":28}},"38":{"start":{"line":61,"column":8},"end":{"line":61,"column":21}},"39":{"start":{"line":62,"column":8},"end":{"line":67,"column":9}},"40":{"start":{"line":63,"column":12},"end":{"line":63,"column":64}},"41":{"start":{"line":66,"column":12},"end":{"line":66,"column":23}},"42":{"start":{"line":68,"column":8},"end":{"line":68,"column":24}},"43":{"start":{"line":71,"column":8},"end":{"line":71,"column":49}},"44":{"start":{"line":72,"column":8},"end":{"line":72,"column":38}},"45":{"start":{"line":73,"column":8},"end":{"line":75,"column":9}},"46":{"start":{"line":74,"column":12},"end":{"line":74,"column":38}},"47":{"start":{"line":76,"column":8},"end":{"line":78,"column":9}},"48":{"start":{"line":77,"column":12},"end":{"line":77,"column":32}}},"branchMap":{"1":{"line":6,"type":"binary-expr","locations":[{"start":{"line":6,"column":17},"end":{"line":6,"column":21}},{"start":{"line":6,"column":25},"end":{"line":6,"column":39}},{"start":{"line":6,"column":44},"end":{"line":13,"column":1}}]},"2":{"line":7,"type":"binary-expr","locations":[{"start":{"line":7,"column":16},"end":{"line":7,"column":17}},{"start":{"line":7,"column":22},"end":{"line":7,"column":33}}]},"3":{"line":10,"type":"cond-expr","locations":[{"start":{"line":10,"column":46},"end":{"line":10,"column":67}},{"start":{"line":10,"column":70},"end":{"line":10,"column":148}}]},"4":{"line":11,"type":"binary-expr","locations":[{"start":{"line":11,"column":51},"end":{"line":11,"column":61}},{"start":{"line":11,"column":65},"end":{"line":11,"column":67}}]},"5":{"line":22,"type":"if","locations":[{"start":{"line":22,"column":8},"end":{"line":22,"column":8}},{"start":{"line":22,"column":8},"end":{"line":22,"column":8}}]},"6":{"line":36,"type":"if","locations":[{"start":{"line":36,"column":16},"end":{"line":36,"column":16}},{"start":{"line":36,"column":16},"end":{"line":36,"column":16}}]},"7":{"line":73,"type":"if","locations":[{"start":{"line":73,"column":8},"end":{"line":73,"column":8}},{"start":{"line":73,"column":8},"end":{"line":73,"column":8}}]},"8":{"line":76,"type":"if","locations":[{"start":{"line":76,"column":8},"end":{"line":76,"column":8}},{"start":{"line":76,"column":8},"end":{"line":76,"column":8}}]}}},"/home/ltulloch/src/vscode-tekton/out/src/pipeline/pipelineExplorer.js":{"path":"/home/ltulloch/src/vscode-tekton/out/src/pipeline/pipelineExplorer.js","s":{"1":1,"2":0,"3":1,"4":0,"5":0,"6":0,"7":1,"8":0,"9":0,"10":0,"11":1,"12":0,"13":0,"14":0,"15":1,"16":1,"17":1,"18":1,"19":1,"20":1,"21":1,"22":0,"23":0,"24":0,"25":0,"26":0,"27":2,"28":2,"29":2,"30":0,"31":0,"32":0,"33":0,"34":0,"35":0,"36":0,"37":0,"38":0,"39":0,"40":0,"41":0,"42":1,"43":1},"b":{"1":[1,1,1],"2":[0,0],"3":[0,0],"4":[0,0],"5":[2,0],"6":[0,0],"7":[0,0]},"f":{"1":0,"2":0,"3":0,"4":0,"5":0,"6":0,"7":0,"8":2,"9":0,"10":0,"11":0,"12":0,"13":0,"14":0,"15":0},"fnMap":{"1":{"name":"(anonymous_1)","line":2,"loc":{"start":{"line":2,"column":44},"end":{"line":2,"column":89}}},"2":{"name":"(anonymous_2)","line":3,"loc":{"start":{"line":3,"column":36},"end":{"line":3,"column":63}}},"3":{"name":"fulfilled","line":4,"loc":{"start":{"line":4,"column":8},"end":{"line":4,"column":34}}},"4":{"name":"rejected","line":5,"loc":{"start":{"line":5,"column":8},"end":{"line":5,"column":33}}},"5":{"name":"step","line":6,"loc":{"start":{"line":6,"column":8},"end":{"line":6,"column":30}}},"6":{"name":"(anonymous_6)","line":6,"loc":{"start":{"line":6,"column":76},"end":{"line":6,"column":95}}},"7":{"name":"(anonymous_7)","line":18,"loc":{"start":{"line":18,"column":15},"end":{"line":18,"column":18}}},"8":{"name":"(anonymous_8)","line":25,"loc":{"start":{"line":25,"column":22},"end":{"line":25,"column":25}}},"9":{"name":"(anonymous_9)","line":31,"loc":{"start":{"line":31,"column":15},"end":{"line":31,"column":25}}},"10":{"name":"(anonymous_10)","line":34,"loc":{"start":{"line":34,"column":15},"end":{"line":34,"column":25}}},"11":{"name":"(anonymous_11)","line":37,"loc":{"start":{"line":37,"column":13},"end":{"line":37,"column":23}}},"12":{"name":"(anonymous_12)","line":40,"loc":{"start":{"line":40,"column":11},"end":{"line":40,"column":20}}},"13":{"name":"(anonymous_13)","line":46,"loc":{"start":{"line":46,"column":11},"end":{"line":46,"column":14}}},"14":{"name":"(anonymous_14)","line":50,"loc":{"start":{"line":50,"column":10},"end":{"line":50,"column":17}}},"15":{"name":"(anonymous_15)","line":51,"loc":{"start":{"line":51,"column":47},"end":{"line":51,"column":60}}}},"statementMap":{"1":{"start":{"line":2,"column":0},"end":{"line":9,"column":2}},"2":{"start":{"line":3,"column":4},"end":{"line":8,"column":7}},"3":{"start":{"line":4,"column":8},"end":{"line":4,"column":99}},"4":{"start":{"line":4,"column":36},"end":{"line":4,"column":97}},"5":{"start":{"line":4,"column":42},"end":{"line":4,"column":70}},"6":{"start":{"line":4,"column":85},"end":{"line":4,"column":95}},"7":{"start":{"line":5,"column":8},"end":{"line":5,"column":102}},"8":{"start":{"line":5,"column":35},"end":{"line":5,"column":100}},"9":{"start":{"line":5,"column":41},"end":{"line":5,"column":73}},"10":{"start":{"line":5,"column":88},"end":{"line":5,"column":98}},"11":{"start":{"line":6,"column":8},"end":{"line":6,"column":151}},"12":{"start":{"line":6,"column":32},"end":{"line":6,"column":149}},"13":{"start":{"line":6,"column":97},"end":{"line":6,"column":119}},"14":{"start":{"line":7,"column":8},"end":{"line":7,"column":78}},"15":{"start":{"line":10,"column":0},"end":{"line":10,"column":62}},"16":{"start":{"line":11,"column":0},"end":{"line":11,"column":35}},"17":{"start":{"line":12,"column":0},"end":{"line":12,"column":32}},"18":{"start":{"line":13,"column":0},"end":{"line":13,"column":41}},"19":{"start":{"line":14,"column":0},"end":{"line":14,"column":47}},"20":{"start":{"line":15,"column":0},"end":{"line":15,"column":29}},"21":{"start":{"line":16,"column":0},"end":{"line":16,"column":83}},"22":{"start":{"line":19,"column":8},"end":{"line":19,"column":70}},"23":{"start":{"line":20,"column":8},"end":{"line":20,"column":73}},"24":{"start":{"line":21,"column":8},"end":{"line":21,"column":91}},"25":{"start":{"line":22,"column":8},"end":{"line":22,"column":69}},"26":{"start":{"line":23,"column":8},"end":{"line":23,"column":109}},"27":{"start":{"line":26,"column":8},"end":{"line":28,"column":9}},"28":{"start":{"line":27,"column":12},"end":{"line":27,"column":66}},"29":{"start":{"line":29,"column":8},"end":{"line":29,"column":41}},"30":{"start":{"line":32,"column":8},"end":{"line":32,"column":23}},"31":{"start":{"line":35,"column":8},"end":{"line":35,"column":85}},"32":{"start":{"line":38,"column":8},"end":{"line":38,"column":35}},"33":{"start":{"line":41,"column":8},"end":{"line":43,"column":9}},"34":{"start":{"line":42,"column":12},"end":{"line":42,"column":46}},"35":{"start":{"line":44,"column":8},"end":{"line":44,"column":53}},"36":{"start":{"line":47,"column":8},"end":{"line":47,"column":33}},"37":{"start":{"line":48,"column":8},"end":{"line":48,"column":32}},"38":{"start":{"line":51,"column":8},"end":{"line":57,"column":11}},"39":{"start":{"line":52,"column":12},"end":{"line":52,"column":43}},"40":{"start":{"line":55,"column":12},"end":{"line":55,"column":45}},"41":{"start":{"line":56,"column":12},"end":{"line":56,"column":39}},"42":{"start":{"line":60,"column":0},"end":{"line":60,"column":46}},"43":{"start":{"line":61,"column":0},"end":{"line":61,"column":44}}},"branchMap":{"1":{"line":2,"type":"binary-expr","locations":[{"start":{"line":2,"column":17},"end":{"line":2,"column":21}},{"start":{"line":2,"column":25},"end":{"line":2,"column":39}},{"start":{"line":2,"column":44},"end":{"line":9,"column":1}}]},"2":{"line":3,"type":"binary-expr","locations":[{"start":{"line":3,"column":16},"end":{"line":3,"column":17}},{"start":{"line":3,"column":22},"end":{"line":3,"column":33}}]},"3":{"line":6,"type":"cond-expr","locations":[{"start":{"line":6,"column":46},"end":{"line":6,"column":67}},{"start":{"line":6,"column":70},"end":{"line":6,"column":148}}]},"4":{"line":7,"type":"binary-expr","locations":[{"start":{"line":7,"column":51},"end":{"line":7,"column":61}},{"start":{"line":7,"column":65},"end":{"line":7,"column":67}}]},"5":{"line":26,"type":"if","locations":[{"start":{"line":26,"column":8},"end":{"line":26,"column":8}},{"start":{"line":26,"column":8},"end":{"line":26,"column":8}}]},"6":{"line":35,"type":"cond-expr","locations":[{"start":{"line":35,"column":25},"end":{"line":35,"column":46}},{"start":{"line":35,"column":49},"end":{"line":35,"column":84}}]},"7":{"line":41,"type":"if","locations":[{"start":{"line":41,"column":8},"end":{"line":41,"column":8}},{"start":{"line":41,"column":8},"end":{"line":41,"column":8}}]}}},"/home/ltulloch/src/vscode-tekton/out/src/tkn.js":{"path":"/home/ltulloch/src/vscode-tekton/out/src/tkn.js","s":{"1":1,"2":11,"3":11,"4":0,"5":11,"6":11,"7":11,"8":11,"9":1,"10":0,"11":1,"12":0,"13":0,"14":0,"15":1,"16":0,"17":0,"18":0,"19":1,"20":0,"21":0,"22":0,"23":1,"24":1,"25":1,"26":1,"27":1,"28":1,"29":1,"30":1,"31":1,"32":1,"33":1,"34":1,"35":1,"36":1,"37":1,"38":1,"39":1,"40":11,"41":11,"42":11,"43":11,"44":11,"45":0,"46":11,"47":3,"48":3,"49":3,"50":0,"51":0,"52":0,"53":0,"54":3,"55":0,"56":0,"57":0,"58":0,"59":0,"60":0,"61":0,"62":1,"63":1,"64":1,"65":1,"66":1,"67":1,"68":1,"69":1,"70":1,"71":1,"72":1,"73":1,"74":1,"75":1,"76":1,"77":1,"78":1,"79":1,"80":1,"81":0,"82":0,"83":0,"84":0,"85":0,"86":0,"87":0,"88":0,"89":0,"90":0,"91":0,"92":0,"93":1,"94":1,"95":0,"96":1,"97":1,"98":0,"99":0,"100":0,"101":0,"102":0,"103":0,"104":1,"105":1,"106":3,"107":1,"108":3,"109":0,"110":0,"111":0,"112":0,"113":0,"114":0,"115":0,"116":0,"117":0,"118":0,"119":0,"120":0,"121":0,"122":0,"123":0,"124":0,"125":0,"126":0,"127":0,"128":1,"129":1,"130":0,"131":0,"132":0,"133":0,"134":0,"135":0,"136":0,"137":0,"138":0,"139":0,"140":0,"141":0,"142":0,"143":0,"144":0,"145":0,"146":0,"147":0,"148":0,"149":0,"150":0,"151":0,"152":0,"153":0,"154":0,"155":0,"156":0,"157":0,"158":0,"159":0,"160":0,"161":0,"162":0,"163":0,"164":8,"165":1,"166":1},"b":{"1":[1,1,1],"2":[0,11],"3":[11,0],"4":[0,11],"5":[11,11],"6":[11,0],"7":[11,11],"8":[0,11],"9":[11,0],"10":[11,11,11],"11":[1,1,1],"12":[0,0],"13":[0,0],"14":[0,0],"15":[1,1],"16":[11,0],"17":[0,3],"18":[0,0],"19":[0,0],"20":[0,0],"21":[1,2],"22":[0,0],"23":[0,0],"24":[0,0],"25":[0,0],"26":[0,0],"27":[0,0],"28":[0,0],"29":[0,0],"30":[0,0]},"f":{"1":11,"2":0,"3":0,"4":0,"5":0,"6":0,"7":0,"8":1,"9":11,"10":3,"11":0,"12":0,"13":0,"14":0,"15":3,"16":0,"17":0,"18":0,"19":0,"20":0,"21":0,"22":0,"23":1,"24":0,"25":0,"26":0,"27":0,"28":0,"29":0,"30":0,"31":0,"32":0,"33":1,"34":3,"35":0,"36":0,"37":0,"38":0,"39":0,"40":1,"41":1,"42":0,"43":0,"44":0,"45":0,"46":0,"47":0,"48":0,"49":0,"50":0,"51":0,"52":0,"53":0,"54":0,"55":0,"56":0,"57":0,"58":0,"59":0,"60":0,"61":0,"62":0,"63":8},"fnMap":{"1":{"name":"(anonymous_1)","line":2,"loc":{"start":{"line":2,"column":46},"end":{"line":2,"column":87}}},"2":{"name":"(anonymous_2)","line":8,"loc":{"start":{"line":8,"column":44},"end":{"line":8,"column":89}}},"3":{"name":"(anonymous_3)","line":9,"loc":{"start":{"line":9,"column":36},"end":{"line":9,"column":63}}},"4":{"name":"fulfilled","line":10,"loc":{"start":{"line":10,"column":8},"end":{"line":10,"column":34}}},"5":{"name":"rejected","line":11,"loc":{"start":{"line":11,"column":8},"end":{"line":11,"column":33}}},"6":{"name":"step","line":12,"loc":{"start":{"line":12,"column":8},"end":{"line":12,"column":30}}},"7":{"name":"(anonymous_7)","line":12,"loc":{"start":{"line":12,"column":76},"end":{"line":12,"column":95}}},"8":{"name":"(anonymous_8)","line":26,"loc":{"start":{"line":26,"column":1},"end":{"line":26,"column":24}}},"9":{"name":"verbose","line":33,"loc":{"start":{"line":33,"column":0},"end":{"line":33,"column":43}}},"10":{"name":"(anonymous_10)","line":43,"loc":{"start":{"line":43,"column":24},"end":{"line":43,"column":43}}},"11":{"name":"(anonymous_11)","line":50,"loc":{"start":{"line":50,"column":24},"end":{"line":50,"column":31}}},"12":{"name":"(anonymous_12)","line":53,"loc":{"start":{"line":53,"column":24},"end":{"line":53,"column":27}}},"13":{"name":"(anonymous_13)","line":56,"loc":{"start":{"line":56,"column":28},"end":{"line":56,"column":35}}},"14":{"name":"(anonymous_14)","line":59,"loc":{"start":{"line":59,"column":27},"end":{"line":59,"column":34}}},"15":{"name":"(anonymous_15)","line":62,"loc":{"start":{"line":62,"column":31},"end":{"line":62,"column":38}}},"16":{"name":"(anonymous_16)","line":65,"loc":{"start":{"line":65,"column":30},"end":{"line":65,"column":37}}},"17":{"name":"(anonymous_17)","line":68,"loc":{"start":{"line":68,"column":20},"end":{"line":68,"column":27}}},"18":{"name":"(anonymous_18)","line":71,"loc":{"start":{"line":71,"column":23},"end":{"line":71,"column":30}}},"19":{"name":"(anonymous_19)","line":77,"loc":{"start":{"line":77,"column":26},"end":{"line":77,"column":33}}},"20":{"name":"(anonymous_20)","line":80,"loc":{"start":{"line":80,"column":26},"end":{"line":80,"column":29}}},"21":{"name":"(anonymous_21)","line":83,"loc":{"start":{"line":83,"column":35},"end":{"line":83,"column":52}}},"22":{"name":"(anonymous_22)","line":86,"loc":{"start":{"line":86,"column":23},"end":{"line":86,"column":34}}},"23":{"name":"(anonymous_23)","line":125,"loc":{"start":{"line":125,"column":15},"end":{"line":125,"column":118}}},"24":{"name":"(anonymous_24)","line":165,"loc":{"start":{"line":165,"column":16},"end":{"line":165,"column":19}}},"25":{"name":"(anonymous_25)","line":168,"loc":{"start":{"line":168,"column":15},"end":{"line":168,"column":18}}},"26":{"name":"(anonymous_26)","line":171,"loc":{"start":{"line":171,"column":13},"end":{"line":171,"column":16}}},"27":{"name":"(anonymous_27)","line":174,"loc":{"start":{"line":174,"column":20},"end":{"line":174,"column":23}}},"28":{"name":"(anonymous_28)","line":177,"loc":{"start":{"line":177,"column":11},"end":{"line":177,"column":14}}},"29":{"name":"(anonymous_29)","line":180,"loc":{"start":{"line":180,"column":15},"end":{"line":180,"column":18}}},"30":{"name":"(anonymous_30)","line":183,"loc":{"start":{"line":183,"column":13},"end":{"line":183,"column":16}}},"31":{"name":"getInstance","line":188,"loc":{"start":{"line":188,"column":0},"end":{"line":188,"column":23}}},"32":{"name":"compareNodes","line":192,"loc":{"start":{"line":192,"column":0},"end":{"line":192,"column":28}}},"33":{"name":"(anonymous_33)","line":203,"loc":{"start":{"line":203,"column":15},"end":{"line":203,"column":18}}},"34":{"name":"(anonymous_34)","line":207,"loc":{"start":{"line":207,"column":23},"end":{"line":207,"column":26}}},"35":{"name":"(anonymous_35)","line":214,"loc":{"start":{"line":214,"column":16},"end":{"line":214,"column":19}}},"36":{"name":"(anonymous_36)","line":215,"loc":{"start":{"line":215,"column":47},"end":{"line":215,"column":60}}},"37":{"name":"(anonymous_37)","line":222,"loc":{"start":{"line":222,"column":17},"end":{"line":222,"column":20}}},"38":{"name":"(anonymous_38)","line":223,"loc":{"start":{"line":223,"column":47},"end":{"line":223,"column":60}}},"39":{"name":"(anonymous_39)","line":242,"loc":{"start":{"line":242,"column":19},"end":{"line":242,"column":33}}},"40":{"name":"(anonymous_40)","line":245,"loc":{"start":{"line":245,"column":12},"end":{"line":245,"column":19}}},"41":{"name":"(anonymous_41)","line":248,"loc":{"start":{"line":248,"column":15},"end":{"line":248,"column":25}}},"42":{"name":"(anonymous_42)","line":251,"loc":{"start":{"line":251,"column":28},"end":{"line":251,"column":44}}},"43":{"name":"(anonymous_43)","line":254,"loc":{"start":{"line":254,"column":19},"end":{"line":254,"column":33}}},"44":{"name":"(anonymous_44)","line":257,"loc":{"start":{"line":257,"column":17},"end":{"line":257,"column":28}}},"45":{"name":"(anonymous_45)","line":260,"loc":{"start":{"line":260,"column":20},"end":{"line":260,"column":31}}},"46":{"name":"(anonymous_46)","line":263,"loc":{"start":{"line":263,"column":23},"end":{"line":263,"column":37}}},"47":{"name":"(anonymous_47)","line":266,"loc":{"start":{"line":266,"column":22},"end":{"line":266,"column":36}}},"48":{"name":"(anonymous_48)","line":269,"loc":{"start":{"line":269,"column":18},"end":{"line":269,"column":28}}},"49":{"name":"(anonymous_49)","line":272,"loc":{"start":{"line":272,"column":24},"end":{"line":272,"column":38}}},"50":{"name":"(anonymous_50)","line":275,"loc":{"start":{"line":275,"column":21},"end":{"line":275,"column":69}}},"51":{"name":"(anonymous_51)","line":276,"loc":{"start":{"line":276,"column":47},"end":{"line":276,"column":60}}},"52":{"name":"(anonymous_52)","line":286,"loc":{"start":{"line":286,"column":11},"end":{"line":286,"column":39}}},"53":{"name":"(anonymous_53)","line":287,"loc":{"start":{"line":287,"column":47},"end":{"line":287,"column":60}}},"54":{"name":"(anonymous_54)","line":289,"loc":{"start":{"line":289,"column":237},"end":{"line":289,"column":250}}},"55":{"name":"(anonymous_55)","line":292,"loc":{"start":{"line":292,"column":19},"end":{"line":292,"column":33}}},"56":{"name":"(anonymous_56)","line":298,"loc":{"start":{"line":298,"column":23},"end":{"line":298,"column":37}}},"57":{"name":"(anonymous_57)","line":301,"loc":{"start":{"line":301,"column":19},"end":{"line":301,"column":29}}},"58":{"name":"(anonymous_58)","line":304,"loc":{"start":{"line":304,"column":21},"end":{"line":304,"column":38}}},"59":{"name":"(anonymous_59)","line":307,"loc":{"start":{"line":307,"column":28},"end":{"line":307,"column":45}}},"60":{"name":"(anonymous_60)","line":310,"loc":{"start":{"line":310,"column":16},"end":{"line":310,"column":27}}},"61":{"name":"(anonymous_61)","line":313,"loc":{"start":{"line":313,"column":25},"end":{"line":313,"column":45}}},"62":{"name":"(anonymous_62)","line":314,"loc":{"start":{"line":314,"column":47},"end":{"line":314,"column":60}}},"63":{"name":"(anonymous_63)","line":320,"loc":{"start":{"line":320,"column":14},"end":{"line":320,"column":17}}}},"statementMap":{"1":{"start":{"line":2,"column":0},"end":{"line":7,"column":2}},"2":{"start":{"line":3,"column":4},"end":{"line":3,"column":129}},"3":{"start":{"line":4,"column":4},"end":{"line":5,"column":150}},"4":{"start":{"line":4,"column":79},"end":{"line":4,"column":131}},"5":{"start":{"line":5,"column":9},"end":{"line":5,"column":150}},"6":{"start":{"line":5,"column":58},"end":{"line":5,"column":150}},"7":{"start":{"line":5,"column":81},"end":{"line":5,"column":150}},"8":{"start":{"line":6,"column":4},"end":{"line":6,"column":66}},"9":{"start":{"line":8,"column":0},"end":{"line":15,"column":2}},"10":{"start":{"line":9,"column":4},"end":{"line":14,"column":7}},"11":{"start":{"line":10,"column":8},"end":{"line":10,"column":99}},"12":{"start":{"line":10,"column":36},"end":{"line":10,"column":97}},"13":{"start":{"line":10,"column":42},"end":{"line":10,"column":70}},"14":{"start":{"line":10,"column":85},"end":{"line":10,"column":95}},"15":{"start":{"line":11,"column":8},"end":{"line":11,"column":102}},"16":{"start":{"line":11,"column":35},"end":{"line":11,"column":100}},"17":{"start":{"line":11,"column":41},"end":{"line":11,"column":73}},"18":{"start":{"line":11,"column":88},"end":{"line":11,"column":98}},"19":{"start":{"line":12,"column":8},"end":{"line":12,"column":151}},"20":{"start":{"line":12,"column":32},"end":{"line":12,"column":149}},"21":{"start":{"line":12,"column":97},"end":{"line":12,"column":119}},"22":{"start":{"line":13,"column":8},"end":{"line":13,"column":78}},"23":{"start":{"line":16,"column":0},"end":{"line":16,"column":62}},"24":{"start":{"line":17,"column":0},"end":{"line":17,"column":37}},"25":{"start":{"line":18,"column":0},"end":{"line":18,"column":35}},"26":{"start":{"line":19,"column":0},"end":{"line":19,"column":52}},"27":{"start":{"line":20,"column":0},"end":{"line":20,"column":29}},"28":{"start":{"line":21,"column":0},"end":{"line":21,"column":35}},"29":{"start":{"line":22,"column":0},"end":{"line":22,"column":40}},"30":{"start":{"line":23,"column":0},"end":{"line":23,"column":66}},"31":{"start":{"line":24,"column":0},"end":{"line":24,"column":36}},"32":{"start":{"line":25,"column":0},"end":{"line":25,"column":16}},"33":{"start":{"line":26,"column":0},"end":{"line":32,"column":68}},"34":{"start":{"line":27,"column":4},"end":{"line":27,"column":33}},"35":{"start":{"line":28,"column":4},"end":{"line":28,"column":39}},"36":{"start":{"line":29,"column":4},"end":{"line":29,"column":41}},"37":{"start":{"line":30,"column":4},"end":{"line":30,"column":47}},"38":{"start":{"line":31,"column":4},"end":{"line":31,"column":47}},"39":{"start":{"line":33,"column":0},"end":{"line":48,"column":1}},"40":{"start":{"line":34,"column":4},"end":{"line":34,"column":14}},"41":{"start":{"line":35,"column":4},"end":{"line":35,"column":11}},"42":{"start":{"line":36,"column":4},"end":{"line":42,"column":5}},"43":{"start":{"line":37,"column":8},"end":{"line":37,"column":24}},"44":{"start":{"line":38,"column":8},"end":{"line":38,"column":30}},"45":{"start":{"line":41,"column":8},"end":{"line":41,"column":41}},"46":{"start":{"line":43,"column":4},"end":{"line":47,"column":6}},"47":{"start":{"line":44,"column":8},"end":{"line":44,"column":100}},"48":{"start":{"line":45,"column":8},"end":{"line":45,"column":45}},"49":{"start":{"line":46,"column":8},"end":{"line":46,"column":51}},"50":{"start":{"line":51,"column":8},"end":{"line":51,"column":44}},"51":{"start":{"line":54,"column":8},"end":{"line":54,"column":35}},"52":{"start":{"line":57,"column":8},"end":{"line":57,"column":39}},"53":{"start":{"line":60,"column":8},"end":{"line":60,"column":38}},"54":{"start":{"line":63,"column":8},"end":{"line":63,"column":50}},"55":{"start":{"line":66,"column":8},"end":{"line":66,"column":46}},"56":{"start":{"line":69,"column":8},"end":{"line":69,"column":39}},"57":{"start":{"line":72,"column":8},"end":{"line":72,"column":42}},"58":{"start":{"line":78,"column":8},"end":{"line":78,"column":42}},"59":{"start":{"line":81,"column":8},"end":{"line":81,"column":29}},"60":{"start":{"line":84,"column":8},"end":{"line":84,"column":44}},"61":{"start":{"line":87,"column":8},"end":{"line":87,"column":26}},"62":{"start":{"line":90,"column":0},"end":{"line":92,"column":35}},"63":{"start":{"line":93,"column":0},"end":{"line":95,"column":35}},"64":{"start":{"line":96,"column":0},"end":{"line":98,"column":39}},"65":{"start":{"line":99,"column":0},"end":{"line":101,"column":38}},"66":{"start":{"line":102,"column":0},"end":{"line":104,"column":42}},"67":{"start":{"line":105,"column":0},"end":{"line":107,"column":41}},"68":{"start":{"line":108,"column":0},"end":{"line":110,"column":31}},"69":{"start":{"line":111,"column":0},"end":{"line":113,"column":34}},"70":{"start":{"line":114,"column":0},"end":{"line":116,"column":37}},"71":{"start":{"line":117,"column":0},"end":{"line":119,"column":37}},"72":{"start":{"line":120,"column":0},"end":{"line":122,"column":46}},"73":{"start":{"line":123,"column":0},"end":{"line":123,"column":26}},"74":{"start":{"line":126,"column":8},"end":{"line":126,"column":29}},"75":{"start":{"line":127,"column":8},"end":{"line":127,"column":25}},"76":{"start":{"line":128,"column":8},"end":{"line":128,"column":31}},"77":{"start":{"line":129,"column":8},"end":{"line":129,"column":23}},"78":{"start":{"line":130,"column":8},"end":{"line":130,"column":49}},"79":{"start":{"line":131,"column":8},"end":{"line":131,"column":33}},"80":{"start":{"line":132,"column":8},"end":{"line":163,"column":10}},"81":{"start":{"line":137,"column":35},"end":{"line":137,"column":58}},"82":{"start":{"line":143,"column":35},"end":{"line":143,"column":65}},"83":{"start":{"line":149,"column":35},"end":{"line":149,"column":58}},"84":{"start":{"line":155,"column":35},"end":{"line":155,"column":61}},"85":{"start":{"line":161,"column":35},"end":{"line":161,"column":65}},"86":{"start":{"line":166,"column":8},"end":{"line":166,"column":106}},"87":{"start":{"line":169,"column":8},"end":{"line":169,"column":69}},"88":{"start":{"line":172,"column":8},"end":{"line":172,"column":25}},"89":{"start":{"line":175,"column":8},"end":{"line":175,"column":58}},"90":{"start":{"line":178,"column":8},"end":{"line":178,"column":25}},"91":{"start":{"line":181,"column":8},"end":{"line":181,"column":61}},"92":{"start":{"line":184,"column":8},"end":{"line":184,"column":27}},"93":{"start":{"line":187,"column":0},"end":{"line":187,"column":40}},"94":{"start":{"line":188,"column":0},"end":{"line":190,"column":1}},"95":{"start":{"line":189,"column":4},"end":{"line":189,"column":28}},"96":{"start":{"line":191,"column":0},"end":{"line":191,"column":34}},"97":{"start":{"line":192,"column":0},"end":{"line":201,"column":1}},"98":{"start":{"line":193,"column":4},"end":{"line":195,"column":5}},"99":{"start":{"line":194,"column":8},"end":{"line":194,"column":18}},"100":{"start":{"line":196,"column":4},"end":{"line":198,"column":5}},"101":{"start":{"line":197,"column":8},"end":{"line":197,"column":17}},"102":{"start":{"line":199,"column":4},"end":{"line":199,"column":59}},"103":{"start":{"line":200,"column":4},"end":{"line":200,"column":50}},"104":{"start":{"line":204,"column":8},"end":{"line":204,"column":80}},"105":{"start":{"line":205,"column":8},"end":{"line":205,"column":31}},"106":{"start":{"line":208,"column":8},"end":{"line":210,"column":9}},"107":{"start":{"line":209,"column":12},"end":{"line":209,"column":45}},"108":{"start":{"line":211,"column":8},"end":{"line":211,"column":32}},"109":{"start":{"line":215,"column":8},"end":{"line":220,"column":11}},"110":{"start":{"line":216,"column":12},"end":{"line":218,"column":13}},"111":{"start":{"line":217,"column":16},"end":{"line":217,"column":70}},"112":{"start":{"line":219,"column":12},"end":{"line":219,"column":45}},"113":{"start":{"line":223,"column":8},"end":{"line":240,"column":11}},"114":{"start":{"line":224,"column":12},"end":{"line":224,"column":26}},"115":{"start":{"line":225,"column":12},"end":{"line":225,"column":93}},"116":{"start":{"line":226,"column":12},"end":{"line":229,"column":13}},"117":{"start":{"line":227,"column":16},"end":{"line":227,"column":36}},"118":{"start":{"line":228,"column":16},"end":{"line":228,"column":149}},"119":{"start":{"line":230,"column":12},"end":{"line":235,"column":13}},"120":{"start":{"line":231,"column":16},"end":{"line":231,"column":55}},"121":{"start":{"line":236,"column":12},"end":{"line":236,"column":69}},"122":{"start":{"line":236,"column":48},"end":{"line":236,"column":67}},"123":{"start":{"line":237,"column":12},"end":{"line":237,"column":48}},"124":{"start":{"line":238,"column":12},"end":{"line":238,"column":142}},"125":{"start":{"line":239,"column":12},"end":{"line":239,"column":152}},"126":{"start":{"line":239,"column":44},"end":{"line":239,"column":131}},"127":{"start":{"line":243,"column":8},"end":{"line":243,"column":51}},"128":{"start":{"line":246,"column":8},"end":{"line":246,"column":51}},"129":{"start":{"line":249,"column":8},"end":{"line":249,"column":51}},"130":{"start":{"line":252,"column":8},"end":{"line":252,"column":51}},"131":{"start":{"line":255,"column":8},"end":{"line":255,"column":51}},"132":{"start":{"line":258,"column":8},"end":{"line":258,"column":51}},"133":{"start":{"line":261,"column":8},"end":{"line":261,"column":51}},"134":{"start":{"line":264,"column":8},"end":{"line":264,"column":51}},"135":{"start":{"line":267,"column":8},"end":{"line":267,"column":51}},"136":{"start":{"line":270,"column":8},"end":{"line":270,"column":51}},"137":{"start":{"line":273,"column":8},"end":{"line":273,"column":51}},"138":{"start":{"line":276,"column":8},"end":{"line":284,"column":11}},"139":{"start":{"line":277,"column":12},"end":{"line":277,"column":76}},"140":{"start":{"line":278,"column":12},"end":{"line":280,"column":13}},"141":{"start":{"line":279,"column":16},"end":{"line":279,"column":58}},"142":{"start":{"line":281,"column":12},"end":{"line":281,"column":94}},"143":{"start":{"line":282,"column":12},"end":{"line":282,"column":45}},"144":{"start":{"line":283,"column":12},"end":{"line":283,"column":28}},"145":{"start":{"line":287,"column":8},"end":{"line":290,"column":11}},"146":{"start":{"line":288,"column":12},"end":{"line":288,"column":78}},"147":{"start":{"line":289,"column":12},"end":{"line":289,"column":427}},"148":{"start":{"line":289,"column":205},"end":{"line":289,"column":323}},"149":{"start":{"line":289,"column":252},"end":{"line":289,"column":320}},"150":{"start":{"line":289,"column":340},"end":{"line":289,"column":425}},"151":{"start":{"line":293,"column":8},"end":{"line":293,"column":48}},"152":{"start":{"line":294,"column":8},"end":{"line":294,"column":47}},"153":{"start":{"line":295,"column":8},"end":{"line":295,"column":71}},"154":{"start":{"line":296,"column":8},"end":{"line":296,"column":20}},"155":{"start":{"line":299,"column":8},"end":{"line":299,"column":51}},"156":{"start":{"line":302,"column":8},"end":{"line":302,"column":51}},"157":{"start":{"line":305,"column":8},"end":{"line":305,"column":51}},"158":{"start":{"line":308,"column":8},"end":{"line":308,"column":51}},"159":{"start":{"line":311,"column":8},"end":{"line":311,"column":51}},"160":{"start":{"line":314,"column":8},"end":{"line":318,"column":11}},"161":{"start":{"line":315,"column":12},"end":{"line":315,"column":89}},"162":{"start":{"line":316,"column":12},"end":{"line":316,"column":104}},"163":{"start":{"line":317,"column":12},"end":{"line":317,"column":191}},"164":{"start":{"line":321,"column":8},"end":{"line":321,"column":27}},"165":{"start":{"line":324,"column":0},"end":{"line":324,"column":44}},"166":{"start":{"line":325,"column":0},"end":{"line":325,"column":26}}},"branchMap":{"1":{"line":2,"type":"binary-expr","locations":[{"start":{"line":2,"column":18},"end":{"line":2,"column":22}},{"start":{"line":2,"column":26},"end":{"line":2,"column":41}},{"start":{"line":2,"column":46},"end":{"line":7,"column":1}}]},"2":{"line":3,"type":"cond-expr","locations":[{"start":{"line":3,"column":42},"end":{"line":3,"column":48}},{"start":{"line":3,"column":51},"end":{"line":3,"column":125}}]},"3":{"line":3,"type":"cond-expr","locations":[{"start":{"line":3,"column":67},"end":{"line":3,"column":118}},{"start":{"line":3,"column":121},"end":{"line":3,"column":125}}]},"4":{"line":4,"type":"if","locations":[{"start":{"line":4,"column":4},"end":{"line":4,"column":4}},{"start":{"line":4,"column":4},"end":{"line":4,"column":4}}]},"5":{"line":4,"type":"binary-expr","locations":[{"start":{"line":4,"column":8},"end":{"line":4,"column":35}},{"start":{"line":4,"column":39},"end":{"line":4,"column":77}}]},"6":{"line":5,"type":"if","locations":[{"start":{"line":5,"column":58},"end":{"line":5,"column":58}},{"start":{"line":5,"column":58},"end":{"line":5,"column":58}}]},"7":{"line":5,"type":"binary-expr","locations":[{"start":{"line":5,"column":86},"end":{"line":5,"column":143}},{"start":{"line":5,"column":148},"end":{"line":5,"column":149}}]},"8":{"line":5,"type":"cond-expr","locations":[{"start":{"line":5,"column":94},"end":{"line":5,"column":98}},{"start":{"line":5,"column":101},"end":{"line":5,"column":143}}]},"9":{"line":5,"type":"cond-expr","locations":[{"start":{"line":5,"column":109},"end":{"line":5,"column":126}},{"start":{"line":5,"column":129},"end":{"line":5,"column":143}}]},"10":{"line":6,"type":"binary-expr","locations":[{"start":{"line":6,"column":11},"end":{"line":6,"column":16}},{"start":{"line":6,"column":20},"end":{"line":6,"column":21}},{"start":{"line":6,"column":25},"end":{"line":6,"column":62}}]},"11":{"line":8,"type":"binary-expr","locations":[{"start":{"line":8,"column":17},"end":{"line":8,"column":21}},{"start":{"line":8,"column":25},"end":{"line":8,"column":39}},{"start":{"line":8,"column":44},"end":{"line":15,"column":1}}]},"12":{"line":9,"type":"binary-expr","locations":[{"start":{"line":9,"column":16},"end":{"line":9,"column":17}},{"start":{"line":9,"column":22},"end":{"line":9,"column":33}}]},"13":{"line":12,"type":"cond-expr","locations":[{"start":{"line":12,"column":46},"end":{"line":12,"column":67}},{"start":{"line":12,"column":70},"end":{"line":12,"column":148}}]},"14":{"line":13,"type":"binary-expr","locations":[{"start":{"line":13,"column":51},"end":{"line":13,"column":61}},{"start":{"line":13,"column":65},"end":{"line":13,"column":67}}]},"15":{"line":32,"type":"binary-expr","locations":[{"start":{"line":32,"column":17},"end":{"line":32,"column":36}},{"start":{"line":32,"column":41},"end":{"line":32,"column":65}}]},"16":{"line":36,"type":"if","locations":[{"start":{"line":36,"column":4},"end":{"line":36,"column":4}},{"start":{"line":36,"column":4},"end":{"line":36,"column":4}}]},"17":{"line":46,"type":"cond-expr","locations":[{"start":{"line":46,"column":34},"end":{"line":46,"column":44}},{"start":{"line":46,"column":47},"end":{"line":46,"column":49}}]},"18":{"line":193,"type":"if","locations":[{"start":{"line":193,"column":4},"end":{"line":193,"column":4}},{"start":{"line":193,"column":4},"end":{"line":193,"column":4}}]},"19":{"line":196,"type":"if","locations":[{"start":{"line":196,"column":4},"end":{"line":196,"column":4}},{"start":{"line":196,"column":4},"end":{"line":196,"column":4}}]},"20":{"line":200,"type":"cond-expr","locations":[{"start":{"line":200,"column":15},"end":{"line":200,"column":16}},{"start":{"line":200,"column":19},"end":{"line":200,"column":49}}]},"21":{"line":208,"type":"if","locations":[{"start":{"line":208,"column":8},"end":{"line":208,"column":8}},{"start":{"line":208,"column":8},"end":{"line":208,"column":8}}]},"22":{"line":216,"type":"if","locations":[{"start":{"line":216,"column":12},"end":{"line":216,"column":12}},{"start":{"line":216,"column":12},"end":{"line":216,"column":12}}]},"23":{"line":226,"type":"if","locations":[{"start":{"line":226,"column":12},"end":{"line":226,"column":12}},{"start":{"line":226,"column":12},"end":{"line":226,"column":12}}]},"24":{"line":238,"type":"cond-expr","locations":[{"start":{"line":238,"column":53},"end":{"line":238,"column":95}},{"start":{"line":238,"column":98},"end":{"line":238,"column":141}}]},"25":{"line":278,"type":"if","locations":[{"start":{"line":278,"column":12},"end":{"line":278,"column":12}},{"start":{"line":278,"column":12},"end":{"line":278,"column":12}}]},"26":{"line":289,"type":"cond-expr","locations":[{"start":{"line":289,"column":54},"end":{"line":289,"column":156}},{"start":{"line":289,"column":159},"end":{"line":289,"column":166}}]},"27":{"line":289,"type":"cond-expr","locations":[{"start":{"line":289,"column":174},"end":{"line":289,"column":181}},{"start":{"line":289,"column":184},"end":{"line":289,"column":186}}]},"28":{"line":289,"type":"cond-expr","locations":[{"start":{"line":289,"column":282},"end":{"line":289,"column":310}},{"start":{"line":289,"column":313},"end":{"line":289,"column":319}}]},"29":{"line":289,"type":"binary-expr","locations":[{"start":{"line":289,"column":259},"end":{"line":289,"column":271}},{"start":{"line":289,"column":275},"end":{"line":289,"column":279}}]},"30":{"line":289,"type":"cond-expr","locations":[{"start":{"line":289,"column":347},"end":{"line":289,"column":366}},{"start":{"line":289,"column":369},"end":{"line":289,"column":425}}]}}},"/home/ltulloch/src/vscode-tekton/out/src/util/windowUtils.js":{"path":"/home/ltulloch/src/vscode-tekton/out/src/util/windowUtils.js","s":{"1":1,"2":1,"3":1,"4":2,"5":2,"6":2,"7":2,"8":1,"9":2,"10":2,"11":1},"b":{"1":[0,2],"2":[1,1],"3":[2,1,1],"4":[0,2]},"f":{"1":2},"fnMap":{"1":{"name":"(anonymous_1)","line":10,"loc":{"start":{"line":10,"column":25},"end":{"line":10,"column":70}}}},"statementMap":{"1":{"start":{"line":6,"column":0},"end":{"line":6,"column":62}},"2":{"start":{"line":7,"column":0},"end":{"line":7,"column":35}},"3":{"start":{"line":8,"column":0},"end":{"line":8,"column":29}},"4":{"start":{"line":11,"column":8},"end":{"line":11,"column":28}},"5":{"start":{"line":12,"column":8},"end":{"line":12,"column":37}},"6":{"start":{"line":13,"column":8},"end":{"line":13,"column":67}},"7":{"start":{"line":14,"column":8},"end":{"line":16,"column":9}},"8":{"start":{"line":15,"column":12},"end":{"line":15,"column":74}},"9":{"start":{"line":17,"column":8},"end":{"line":22,"column":10}},"10":{"start":{"line":23,"column":8},"end":{"line":23,"column":55}},"11":{"start":{"line":26,"column":0},"end":{"line":26,"column":32}}},"branchMap":{"1":{"line":13,"type":"cond-expr","locations":[{"start":{"line":13,"column":51},"end":{"line":13,"column":57}},{"start":{"line":13,"column":60},"end":{"line":13,"column":66}}]},"2":{"line":14,"type":"if","locations":[{"start":{"line":14,"column":8},"end":{"line":14,"column":8}},{"start":{"line":14,"column":8},"end":{"line":14,"column":8}}]},"3":{"line":14,"type":"binary-expr","locations":[{"start":{"line":14,"column":12},"end":{"line":14,"column":24}},{"start":{"line":14,"column":28},"end":{"line":14,"column":36}},{"start":{"line":14,"column":40},"end":{"line":14,"column":72}}]},"4":{"line":21,"type":"cond-expr","locations":[{"start":{"line":21,"column":54},"end":{"line":21,"column":63}},{"start":{"line":21,"column":66},"end":{"line":21,"column":77}}]}}},"/home/ltulloch/src/vscode-tekton/out/src/tools.js":{"path":"/home/ltulloch/src/vscode-tekton/out/src/tools.js","s":{"1":1,"2":5,"3":1,"4":3,"5":3,"6":0,"7":1,"8":0,"9":0,"10":0,"11":1,"12":7,"13":3,"14":5,"15":1,"16":1,"17":1,"18":1,"19":1,"20":1,"21":1,"22":1,"23":1,"24":1,"25":1,"26":1,"27":1,"28":1,"29":1,"30":1,"31":19,"32":19,"33":0,"34":0,"35":0,"36":19,"37":16,"38":1,"39":1,"40":1,"41":1,"42":0,"43":0,"44":0,"45":0,"46":0,"47":0,"48":0,"49":0,"50":0,"51":0,"52":0,"53":0,"54":0,"55":0,"56":0,"57":0,"58":0,"59":0,"60":0,"61":0,"62":0,"63":0,"64":0,"65":0,"66":0,"67":0,"68":0,"69":0,"70":0,"71":0,"72":0,"73":4,"74":4,"75":4,"76":3,"77":3,"78":3,"79":3,"80":6,"81":1,"82":3,"83":1,"84":4,"85":0,"86":0,"87":0,"88":0,"89":0,"90":0,"91":0,"92":1,"93":1},"b":{"1":[1,1,1],"2":[5,5],"3":[4,3],"4":[5,5],"5":[0,19],"6":[0,0],"7":[1,0],"8":[0,0],"9":[0,0],"10":[0,0],"11":[0,0],"12":[0,0],"13":[0,0],"14":[0,0],"15":[0,0],"16":[0,0],"17":[3,1],"18":[3,0],"19":[1,2],"20":[0,0],"21":[0,0]},"f":{"1":5,"2":5,"3":3,"4":0,"5":7,"6":3,"7":19,"8":16,"9":1,"10":1,"11":4,"12":4,"13":0,"14":0},"fnMap":{"1":{"name":"(anonymous_1)","line":6,"loc":{"start":{"line":6,"column":44},"end":{"line":6,"column":89}}},"2":{"name":"(anonymous_2)","line":7,"loc":{"start":{"line":7,"column":36},"end":{"line":7,"column":63}}},"3":{"name":"fulfilled","line":8,"loc":{"start":{"line":8,"column":8},"end":{"line":8,"column":34}}},"4":{"name":"rejected","line":9,"loc":{"start":{"line":9,"column":8},"end":{"line":9,"column":33}}},"5":{"name":"step","line":10,"loc":{"start":{"line":10,"column":8},"end":{"line":10,"column":30}}},"6":{"name":"(anonymous_6)","line":10,"loc":{"start":{"line":10,"column":76},"end":{"line":10,"column":95}}},"7":{"name":"(anonymous_7)","line":31,"loc":{"start":{"line":31,"column":23},"end":{"line":31,"column":48}}},"8":{"name":"(anonymous_8)","line":41,"loc":{"start":{"line":41,"column":29},"end":{"line":41,"column":32}}},"9":{"name":"(anonymous_9)","line":44,"loc":{"start":{"line":44,"column":27},"end":{"line":44,"column":30}}},"10":{"name":"(anonymous_10)","line":45,"loc":{"start":{"line":45,"column":47},"end":{"line":45,"column":60}}},"11":{"name":"(anonymous_11)","line":97,"loc":{"start":{"line":97,"column":21},"end":{"line":97,"column":65}}},"12":{"name":"(anonymous_12)","line":98,"loc":{"start":{"line":98,"column":47},"end":{"line":98,"column":60}}},"13":{"name":"(anonymous_13)","line":115,"loc":{"start":{"line":115,"column":21},"end":{"line":115,"column":47}}},"14":{"name":"(anonymous_14)","line":116,"loc":{"start":{"line":116,"column":47},"end":{"line":116,"column":60}}}},"statementMap":{"1":{"start":{"line":6,"column":0},"end":{"line":13,"column":2}},"2":{"start":{"line":7,"column":4},"end":{"line":12,"column":7}},"3":{"start":{"line":8,"column":8},"end":{"line":8,"column":99}},"4":{"start":{"line":8,"column":36},"end":{"line":8,"column":97}},"5":{"start":{"line":8,"column":42},"end":{"line":8,"column":70}},"6":{"start":{"line":8,"column":85},"end":{"line":8,"column":95}},"7":{"start":{"line":9,"column":8},"end":{"line":9,"column":102}},"8":{"start":{"line":9,"column":35},"end":{"line":9,"column":100}},"9":{"start":{"line":9,"column":41},"end":{"line":9,"column":73}},"10":{"start":{"line":9,"column":88},"end":{"line":9,"column":98}},"11":{"start":{"line":10,"column":8},"end":{"line":10,"column":151}},"12":{"start":{"line":10,"column":32},"end":{"line":10,"column":149}},"13":{"start":{"line":10,"column":97},"end":{"line":10,"column":119}},"14":{"start":{"line":11,"column":8},"end":{"line":11,"column":78}},"15":{"start":{"line":14,"column":0},"end":{"line":14,"column":62}},"16":{"start":{"line":15,"column":0},"end":{"line":15,"column":46}},"17":{"start":{"line":16,"column":0},"end":{"line":16,"column":44}},"18":{"start":{"line":17,"column":0},"end":{"line":17,"column":37}},"19":{"start":{"line":18,"column":0},"end":{"line":18,"column":46}},"20":{"start":{"line":19,"column":0},"end":{"line":19,"column":31}},"21":{"start":{"line":20,"column":0},"end":{"line":20,"column":29}},"22":{"start":{"line":21,"column":0},"end":{"line":21,"column":33}},"23":{"start":{"line":22,"column":0},"end":{"line":22,"column":29}},"24":{"start":{"line":23,"column":0},"end":{"line":23,"column":33}},"25":{"start":{"line":24,"column":0},"end":{"line":24,"column":25}},"26":{"start":{"line":25,"column":0},"end":{"line":25,"column":31}},"27":{"start":{"line":26,"column":0},"end":{"line":26,"column":33}},"28":{"start":{"line":27,"column":0},"end":{"line":27,"column":43}},"29":{"start":{"line":28,"column":0},"end":{"line":28,"column":41}},"30":{"start":{"line":29,"column":0},"end":{"line":29,"column":81}},"31":{"start":{"line":32,"column":8},"end":{"line":32,"column":61}},"32":{"start":{"line":33,"column":8},"end":{"line":38,"column":9}},"33":{"start":{"line":34,"column":12},"end":{"line":37,"column":13}},"34":{"start":{"line":35,"column":16},"end":{"line":35,"column":59}},"35":{"start":{"line":36,"column":16},"end":{"line":36,"column":36}},"36":{"start":{"line":39,"column":8},"end":{"line":39,"column":19}},"37":{"start":{"line":42,"column":8},"end":{"line":42,"column":88}},"38":{"start":{"line":45,"column":8},"end":{"line":95,"column":11}},"39":{"start":{"line":46,"column":12},"end":{"line":46,"column":57}},"40":{"start":{"line":47,"column":12},"end":{"line":93,"column":13}},"41":{"start":{"line":48,"column":16},"end":{"line":48,"column":138}},"42":{"start":{"line":49,"column":16},"end":{"line":53,"column":17}},"43":{"start":{"line":50,"column":20},"end":{"line":50,"column":65}},"44":{"start":{"line":51,"column":20},"end":{"line":51,"column":107}},"45":{"start":{"line":52,"column":20},"end":{"line":52,"column":110}},"46":{"start":{"line":54,"column":16},"end":{"line":89,"column":17}},"47":{"start":{"line":56,"column":20},"end":{"line":56,"column":138}},"48":{"start":{"line":57,"column":20},"end":{"line":57,"column":95}},"49":{"start":{"line":58,"column":20},"end":{"line":58,"column":200}},"50":{"start":{"line":59,"column":20},"end":{"line":59,"column":106}},"51":{"start":{"line":60,"column":20},"end":{"line":88,"column":21}},"52":{"start":{"line":61,"column":24},"end":{"line":61,"column":35}},"53":{"start":{"line":62,"column":24},"end":{"line":76,"column":62}},"54":{"start":{"line":63,"column":28},"end":{"line":63,"column":47}},"55":{"start":{"line":64,"column":28},"end":{"line":70,"column":31}},"56":{"start":{"line":69,"column":32},"end":{"line":69,"column":200}},"57":{"start":{"line":69,"column":141},"end":{"line":69,"column":198}},"58":{"start":{"line":71,"column":28},"end":{"line":71,"column":108}},"59":{"start":{"line":72,"column":28},"end":{"line":75,"column":29}},"60":{"start":{"line":73,"column":32},"end":{"line":73,"column":64}},"61":{"start":{"line":74,"column":32},"end":{"line":74,"column":216}},"62":{"start":{"line":77,"column":24},"end":{"line":84,"column":25}},"63":{"start":{"line":78,"column":28},"end":{"line":78,"column":170}},"64":{"start":{"line":79,"column":28},"end":{"line":79,"column":60}},"65":{"start":{"line":80,"column":28},"end":{"line":82,"column":29}},"66":{"start":{"line":81,"column":32},"end":{"line":81,"column":71}},"67":{"start":{"line":83,"column":28},"end":{"line":83,"column":61}},"68":{"start":{"line":86,"column":25},"end":{"line":88,"column":21}},"69":{"start":{"line":87,"column":24},"end":{"line":87,"column":95}},"70":{"start":{"line":90,"column":16},"end":{"line":92,"column":17}},"71":{"start":{"line":91,"column":20},"end":{"line":91,"column":61}},"72":{"start":{"line":94,"column":12},"end":{"line":94,"column":32}},"73":{"start":{"line":98,"column":8},"end":{"line":113,"column":11}},"74":{"start":{"line":99,"column":12},"end":{"line":99,"column":32}},"75":{"start":{"line":100,"column":12},"end":{"line":111,"column":13}},"76":{"start":{"line":101,"column":16},"end":{"line":101,"column":197}},"77":{"start":{"line":102,"column":16},"end":{"line":102,"column":94}},"78":{"start":{"line":103,"column":16},"end":{"line":110,"column":17}},"79":{"start":{"line":104,"column":20},"end":{"line":106,"column":62}},"80":{"start":{"line":105,"column":24},"end":{"line":105,"column":52}},"81":{"start":{"line":106,"column":38},"end":{"line":106,"column":60}},"82":{"start":{"line":107,"column":20},"end":{"line":109,"column":21}},"83":{"start":{"line":108,"column":24},"end":{"line":108,"column":57}},"84":{"start":{"line":112,"column":12},"end":{"line":112,"column":35}},"85":{"start":{"line":116,"column":8},"end":{"line":125,"column":11}},"86":{"start":{"line":117,"column":12},"end":{"line":117,"column":23}},"87":{"start":{"line":118,"column":12},"end":{"line":123,"column":13}},"88":{"start":{"line":119,"column":16},"end":{"line":122,"column":17}},"89":{"start":{"line":120,"column":20},"end":{"line":120,"column":38}},"90":{"start":{"line":121,"column":20},"end":{"line":121,"column":26}},"91":{"start":{"line":124,"column":12},"end":{"line":124,"column":26}},"92":{"start":{"line":128,"column":0},"end":{"line":128,"column":80}},"93":{"start":{"line":129,"column":0},"end":{"line":129,"column":34}}},"branchMap":{"1":{"line":6,"type":"binary-expr","locations":[{"start":{"line":6,"column":17},"end":{"line":6,"column":21}},{"start":{"line":6,"column":25},"end":{"line":6,"column":39}},{"start":{"line":6,"column":44},"end":{"line":13,"column":1}}]},"2":{"line":7,"type":"binary-expr","locations":[{"start":{"line":7,"column":16},"end":{"line":7,"column":17}},{"start":{"line":7,"column":22},"end":{"line":7,"column":33}}]},"3":{"line":10,"type":"cond-expr","locations":[{"start":{"line":10,"column":46},"end":{"line":10,"column":67}},{"start":{"line":10,"column":70},"end":{"line":10,"column":148}}]},"4":{"line":11,"type":"binary-expr","locations":[{"start":{"line":11,"column":51},"end":{"line":11,"column":61}},{"start":{"line":11,"column":65},"end":{"line":11,"column":67}}]},"5":{"line":33,"type":"if","locations":[{"start":{"line":33,"column":8},"end":{"line":33,"column":8}},{"start":{"line":33,"column":8},"end":{"line":33,"column":8}}]},"6":{"line":34,"type":"if","locations":[{"start":{"line":34,"column":12},"end":{"line":34,"column":12}},{"start":{"line":34,"column":12},"end":{"line":34,"column":12}}]},"7":{"line":47,"type":"if","locations":[{"start":{"line":47,"column":12},"end":{"line":47,"column":12}},{"start":{"line":47,"column":12},"end":{"line":47,"column":12}}]},"8":{"line":49,"type":"if","locations":[{"start":{"line":49,"column":16},"end":{"line":49,"column":16}},{"start":{"line":49,"column":16},"end":{"line":49,"column":16}}]},"9":{"line":51,"type":"cond-expr","locations":[{"start":{"line":51,"column":59},"end":{"line":51,"column":79}},{"start":{"line":51,"column":82},"end":{"line":51,"column":86}}]},"10":{"line":54,"type":"if","locations":[{"start":{"line":54,"column":16},"end":{"line":54,"column":16}},{"start":{"line":54,"column":16},"end":{"line":54,"column":16}}]},"11":{"line":60,"type":"if","locations":[{"start":{"line":60,"column":20},"end":{"line":60,"column":20}},{"start":{"line":60,"column":20},"end":{"line":60,"column":20}}]},"12":{"line":72,"type":"if","locations":[{"start":{"line":72,"column":28},"end":{"line":72,"column":28}},{"start":{"line":72,"column":28},"end":{"line":72,"column":28}}]},"13":{"line":77,"type":"if","locations":[{"start":{"line":77,"column":24},"end":{"line":77,"column":24}},{"start":{"line":77,"column":24},"end":{"line":77,"column":24}}]},"14":{"line":80,"type":"if","locations":[{"start":{"line":80,"column":28},"end":{"line":80,"column":28}},{"start":{"line":80,"column":28},"end":{"line":80,"column":28}}]},"15":{"line":86,"type":"if","locations":[{"start":{"line":86,"column":25},"end":{"line":86,"column":25}},{"start":{"line":86,"column":25},"end":{"line":86,"column":25}}]},"16":{"line":90,"type":"if","locations":[{"start":{"line":90,"column":16},"end":{"line":90,"column":16}},{"start":{"line":90,"column":16},"end":{"line":90,"column":16}}]},"17":{"line":100,"type":"if","locations":[{"start":{"line":100,"column":12},"end":{"line":100,"column":12}},{"start":{"line":100,"column":12},"end":{"line":100,"column":12}}]},"18":{"line":103,"type":"if","locations":[{"start":{"line":103,"column":16},"end":{"line":103,"column":16}},{"start":{"line":103,"column":16},"end":{"line":103,"column":16}}]},"19":{"line":107,"type":"if","locations":[{"start":{"line":107,"column":20},"end":{"line":107,"column":20}},{"start":{"line":107,"column":20},"end":{"line":107,"column":20}}]},"20":{"line":119,"type":"if","locations":[{"start":{"line":119,"column":16},"end":{"line":119,"column":16}},{"start":{"line":119,"column":16},"end":{"line":119,"column":16}}]},"21":{"line":119,"type":"binary-expr","locations":[{"start":{"line":119,"column":20},"end":{"line":119,"column":28}},{"start":{"line":119,"column":32},"end":{"line":119,"column":102}}]}}},"/home/ltulloch/src/vscode-tekton/out/src/util/platform.js":{"path":"/home/ltulloch/src/vscode-tekton/out/src/util/platform.js","s":{"1":1,"2":3,"3":0,"4":3,"5":20,"6":21,"7":4,"8":5,"9":3,"10":0,"11":3,"12":1},"b":{"1":[0,3],"2":[3,0]},"f":{"1":3,"2":20,"3":21,"4":4,"5":5,"6":3},"fnMap":{"1":{"name":"(anonymous_1)","line":8,"loc":{"start":{"line":8,"column":19},"end":{"line":8,"column":25}}},"2":{"name":"(anonymous_2)","line":14,"loc":{"start":{"line":14,"column":16},"end":{"line":14,"column":19}}},"3":{"name":"(anonymous_3)","line":17,"loc":{"start":{"line":17,"column":17},"end":{"line":17,"column":20}}},"4":{"name":"(anonymous_4)","line":20,"loc":{"start":{"line":20,"column":18},"end":{"line":20,"column":21}}},"5":{"name":"(anonymous_5)","line":23,"loc":{"start":{"line":23,"column":17},"end":{"line":23,"column":20}}},"6":{"name":"(anonymous_6)","line":26,"loc":{"start":{"line":26,"column":26},"end":{"line":26,"column":29}}}},"statementMap":{"1":{"start":{"line":6,"column":0},"end":{"line":6,"column":62}},"2":{"start":{"line":9,"column":8},"end":{"line":11,"column":9}},"3":{"start":{"line":10,"column":12},"end":{"line":10,"column":38}},"4":{"start":{"line":12,"column":8},"end":{"line":12,"column":61}},"5":{"start":{"line":15,"column":8},"end":{"line":15,"column":32}},"6":{"start":{"line":18,"column":8},"end":{"line":18,"column":32}},"7":{"start":{"line":21,"column":8},"end":{"line":21,"column":33}},"8":{"start":{"line":24,"column":8},"end":{"line":24,"column":27}},"9":{"start":{"line":27,"column":8},"end":{"line":30,"column":11}},"10":{"start":{"line":28,"column":25},"end":{"line":28,"column":49}},"11":{"start":{"line":29,"column":27},"end":{"line":29,"column":44}},"12":{"start":{"line":33,"column":0},"end":{"line":33,"column":28}}},"branchMap":{"1":{"line":9,"type":"if","locations":[{"start":{"line":9,"column":8},"end":{"line":9,"column":8}},{"start":{"line":9,"column":8},"end":{"line":9,"column":8}}]},"2":{"line":12,"type":"cond-expr","locations":[{"start":{"line":12,"column":32},"end":{"line":12,"column":48}},{"start":{"line":12,"column":51},"end":{"line":12,"column":60}}]}}},"/home/ltulloch/src/vscode-tekton/out/src/util/archive.js":{"path":"/home/ltulloch/src/vscode-tekton/out/src/util/archive.js","s":{"1":1,"2":1,"3":5,"4":5,"5":4,"6":4,"7":4,"8":4,"9":1,"10":1},"b":{"1":[4,1],"2":[2,2],"3":[4,2],"4":[1,3]},"f":{"1":5},"fnMap":{"1":{"name":"(anonymous_1)","line":9,"loc":{"start":{"line":9,"column":16},"end":{"line":9,"column":45}}}},"statementMap":{"1":{"start":{"line":6,"column":0},"end":{"line":6,"column":62}},"2":{"start":{"line":7,"column":0},"end":{"line":7,"column":31}},"3":{"start":{"line":10,"column":8},"end":{"line":28,"column":11}},"4":{"start":{"line":11,"column":12},"end":{"line":27,"column":13}},"5":{"start":{"line":12,"column":16},"end":{"line":23,"column":19}},"6":{"start":{"line":17,"column":28},"end":{"line":17,"column":131}},"7":{"start":{"line":18,"column":28},"end":{"line":18,"column":42}},"8":{"start":{"line":22,"column":20},"end":{"line":22,"column":50}},"9":{"start":{"line":26,"column":16},"end":{"line":26,"column":65}},"10":{"start":{"line":31,"column":0},"end":{"line":31,"column":26}}},"branchMap":{"1":{"line":11,"type":"if","locations":[{"start":{"line":11,"column":12},"end":{"line":11,"column":12}},{"start":{"line":11,"column":12},"end":{"line":11,"column":12}}]},"2":{"line":17,"type":"cond-expr","locations":[{"start":{"line":17,"column":71},"end":{"line":17,"column":121}},{"start":{"line":17,"column":124},"end":{"line":17,"column":130}}]},"3":{"line":17,"type":"binary-expr","locations":[{"start":{"line":17,"column":28},"end":{"line":17,"column":34}},{"start":{"line":17,"column":38},"end":{"line":17,"column":68}}]},"4":{"line":22,"type":"cond-expr","locations":[{"start":{"line":22,"column":26},"end":{"line":22,"column":37}},{"start":{"line":22,"column":40},"end":{"line":22,"column":49}}]}}},"/home/ltulloch/src/vscode-tekton/out/src/util/download.js":{"path":"/home/ltulloch/src/vscode-tekton/out/src/util/download.js","s":{"1":4,"2":3,"3":3,"4":4},"b":{},"f":{"1":3},"fnMap":{"1":{"name":"(anonymous_1)","line":8,"loc":{"start":{"line":8,"column":23},"end":{"line":8,"column":69}}}},"statementMap":{"1":{"start":{"line":6,"column":0},"end":{"line":6,"column":62}},"2":{"start":{"line":9,"column":8},"end":{"line":11,"column":11}},"3":{"start":{"line":10,"column":12},"end":{"line":10,"column":29}},"4":{"start":{"line":14,"column":0},"end":{"line":14,"column":36}}},"branchMap":{}},"/home/ltulloch/src/vscode-tekton/out/src/util/watch.js":{"path":"/home/ltulloch/src/vscode-tekton/out/src/util/watch.js","s":{"1":1,"2":1,"3":1,"4":1,"5":1,"6":0,"7":1,"8":0,"9":0,"10":0,"11":1,"12":2,"13":1,"14":1,"15":1,"16":1,"17":1,"18":1,"19":1,"20":1,"21":4,"22":4,"23":4,"24":4,"25":4,"26":1,"27":1,"28":0,"29":1,"30":1,"31":1,"32":1,"33":1,"34":1,"35":1,"36":4,"37":1,"38":1,"39":1,"40":1,"41":1,"42":1,"43":1},"b":{"1":[1,1,1],"2":[1,1],"3":[1,1],"4":[1,1],"5":[1,0],"6":[0,1],"7":[1,0],"8":[1,0]},"f":{"1":1,"2":1,"3":1,"4":0,"5":2,"6":1,"7":4,"8":1,"9":1},"fnMap":{"1":{"name":"(anonymous_1)","line":6,"loc":{"start":{"line":6,"column":44},"end":{"line":6,"column":89}}},"2":{"name":"(anonymous_2)","line":7,"loc":{"start":{"line":7,"column":36},"end":{"line":7,"column":63}}},"3":{"name":"fulfilled","line":8,"loc":{"start":{"line":8,"column":8},"end":{"line":8,"column":34}}},"4":{"name":"rejected","line":9,"loc":{"start":{"line":9,"column":8},"end":{"line":9,"column":33}}},"5":{"name":"step","line":10,"loc":{"start":{"line":10,"column":8},"end":{"line":10,"column":30}}},"6":{"name":"(anonymous_6)","line":10,"loc":{"start":{"line":10,"column":76},"end":{"line":10,"column":95}}},"7":{"name":"(anonymous_7)","line":21,"loc":{"start":{"line":21,"column":36},"end":{"line":21,"column":57}}},"8":{"name":"(anonymous_8)","line":31,"loc":{"start":{"line":31,"column":73},"end":{"line":31,"column":86}}},"9":{"name":"(anonymous_9)","line":43,"loc":{"start":{"line":43,"column":15},"end":{"line":43,"column":34}}}},"statementMap":{"1":{"start":{"line":6,"column":0},"end":{"line":13,"column":2}},"2":{"start":{"line":7,"column":4},"end":{"line":12,"column":7}},"3":{"start":{"line":8,"column":8},"end":{"line":8,"column":99}},"4":{"start":{"line":8,"column":36},"end":{"line":8,"column":97}},"5":{"start":{"line":8,"column":42},"end":{"line":8,"column":70}},"6":{"start":{"line":8,"column":85},"end":{"line":8,"column":95}},"7":{"start":{"line":9,"column":8},"end":{"line":9,"column":102}},"8":{"start":{"line":9,"column":35},"end":{"line":9,"column":100}},"9":{"start":{"line":9,"column":41},"end":{"line":9,"column":73}},"10":{"start":{"line":9,"column":88},"end":{"line":9,"column":98}},"11":{"start":{"line":10,"column":8},"end":{"line":10,"column":151}},"12":{"start":{"line":10,"column":32},"end":{"line":10,"column":149}},"13":{"start":{"line":10,"column":97},"end":{"line":10,"column":119}},"14":{"start":{"line":11,"column":8},"end":{"line":11,"column":78}},"15":{"start":{"line":14,"column":0},"end":{"line":14,"column":62}},"16":{"start":{"line":15,"column":0},"end":{"line":15,"column":25}},"17":{"start":{"line":16,"column":0},"end":{"line":16,"column":33}},"18":{"start":{"line":17,"column":0},"end":{"line":17,"column":29}},"19":{"start":{"line":18,"column":0},"end":{"line":18,"column":35}},"20":{"start":{"line":19,"column":0},"end":{"line":19,"column":33}},"21":{"start":{"line":22,"column":8},"end":{"line":22,"column":52}},"22":{"start":{"line":23,"column":8},"end":{"line":23,"column":18}},"23":{"start":{"line":24,"column":8},"end":{"line":24,"column":25}},"24":{"start":{"line":25,"column":8},"end":{"line":25,"column":37}},"25":{"start":{"line":26,"column":8},"end":{"line":40,"column":11}},"26":{"start":{"line":27,"column":12},"end":{"line":39,"column":13}},"27":{"start":{"line":28,"column":16},"end":{"line":30,"column":17}},"28":{"start":{"line":29,"column":20},"end":{"line":29,"column":40}},"29":{"start":{"line":31,"column":16},"end":{"line":38,"column":25}},"30":{"start":{"line":31,"column":41},"end":{"line":38,"column":18}},"31":{"start":{"line":32,"column":20},"end":{"line":32,"column":38}},"32":{"start":{"line":33,"column":20},"end":{"line":33,"column":113}},"33":{"start":{"line":34,"column":20},"end":{"line":37,"column":21}},"34":{"start":{"line":35,"column":24},"end":{"line":35,"column":53}},"35":{"start":{"line":36,"column":24},"end":{"line":36,"column":45}},"36":{"start":{"line":41,"column":8},"end":{"line":41,"column":36}},"37":{"start":{"line":44,"column":8},"end":{"line":55,"column":11}},"38":{"start":{"line":45,"column":12},"end":{"line":45,"column":87}},"39":{"start":{"line":46,"column":12},"end":{"line":54,"column":36}},"40":{"start":{"line":48,"column":16},"end":{"line":51,"column":17}},"41":{"start":{"line":49,"column":20},"end":{"line":49,"column":39}},"42":{"start":{"line":50,"column":20},"end":{"line":50,"column":34}},"43":{"start":{"line":58,"column":0},"end":{"line":58,"column":30}}},"branchMap":{"1":{"line":6,"type":"binary-expr","locations":[{"start":{"line":6,"column":17},"end":{"line":6,"column":21}},{"start":{"line":6,"column":25},"end":{"line":6,"column":39}},{"start":{"line":6,"column":44},"end":{"line":13,"column":1}}]},"2":{"line":7,"type":"binary-expr","locations":[{"start":{"line":7,"column":16},"end":{"line":7,"column":17}},{"start":{"line":7,"column":22},"end":{"line":7,"column":33}}]},"3":{"line":10,"type":"cond-expr","locations":[{"start":{"line":10,"column":46},"end":{"line":10,"column":67}},{"start":{"line":10,"column":70},"end":{"line":10,"column":148}}]},"4":{"line":11,"type":"binary-expr","locations":[{"start":{"line":11,"column":51},"end":{"line":11,"column":61}},{"start":{"line":11,"column":65},"end":{"line":11,"column":67}}]},"5":{"line":27,"type":"if","locations":[{"start":{"line":27,"column":12},"end":{"line":27,"column":12}},{"start":{"line":27,"column":12},"end":{"line":27,"column":12}}]},"6":{"line":28,"type":"if","locations":[{"start":{"line":28,"column":16},"end":{"line":28,"column":16}},{"start":{"line":28,"column":16},"end":{"line":28,"column":16}}]},"7":{"line":34,"type":"if","locations":[{"start":{"line":34,"column":20},"end":{"line":34,"column":20}},{"start":{"line":34,"column":20},"end":{"line":34,"column":20}}]},"8":{"line":48,"type":"if","locations":[{"start":{"line":48,"column":16},"end":{"line":48,"column":16}},{"start":{"line":48,"column":16},"end":{"line":48,"column":16}}]}}},"/home/ltulloch/src/vscode-tekton/out/src/tekton/pipelinerun.js":{"path":"/home/ltulloch/src/vscode-tekton/out/src/tekton/pipelinerun.js","s":{"1":1,"2":4,"3":1,"4":3,"5":3,"6":0,"7":1,"8":1,"9":1,"10":1,"11":1,"12":7,"13":4,"14":4,"15":1,"16":1,"17":1,"18":4,"19":4,"20":3,"21":2,"22":0,"23":0,"24":0,"25":0,"26":0,"27":0,"28":0,"29":0,"30":1},"b":{"1":[1,1,1],"2":[4,4],"3":[3,4],"4":[4,4],"5":[2,1],"6":[0,0],"7":[0,0]},"f":{"1":4,"2":4,"3":3,"4":1,"5":7,"6":4,"7":4,"8":4,"9":0,"10":0,"11":0,"12":0},"fnMap":{"1":{"name":"(anonymous_1)","line":6,"loc":{"start":{"line":6,"column":44},"end":{"line":6,"column":89}}},"2":{"name":"(anonymous_2)","line":7,"loc":{"start":{"line":7,"column":36},"end":{"line":7,"column":63}}},"3":{"name":"fulfilled","line":8,"loc":{"start":{"line":8,"column":8},"end":{"line":8,"column":34}}},"4":{"name":"rejected","line":9,"loc":{"start":{"line":9,"column":8},"end":{"line":9,"column":33}}},"5":{"name":"step","line":10,"loc":{"start":{"line":10,"column":8},"end":{"line":10,"column":30}}},"6":{"name":"(anonymous_6)","line":10,"loc":{"start":{"line":10,"column":76},"end":{"line":10,"column":95}}},"7":{"name":"(anonymous_7)","line":18,"loc":{"start":{"line":18,"column":19},"end":{"line":18,"column":30}}},"8":{"name":"(anonymous_8)","line":19,"loc":{"start":{"line":19,"column":47},"end":{"line":19,"column":60}}},"9":{"name":"(anonymous_9)","line":25,"loc":{"start":{"line":25,"column":15},"end":{"line":25,"column":26}}},"10":{"name":"(anonymous_10)","line":26,"loc":{"start":{"line":26,"column":47},"end":{"line":26,"column":60}}},"11":{"name":"(anonymous_11)","line":32,"loc":{"start":{"line":32,"column":15},"end":{"line":32,"column":26}}},"12":{"name":"(anonymous_12)","line":33,"loc":{"start":{"line":33,"column":47},"end":{"line":33,"column":60}}}},"statementMap":{"1":{"start":{"line":6,"column":0},"end":{"line":13,"column":2}},"2":{"start":{"line":7,"column":4},"end":{"line":12,"column":7}},"3":{"start":{"line":8,"column":8},"end":{"line":8,"column":99}},"4":{"start":{"line":8,"column":36},"end":{"line":8,"column":97}},"5":{"start":{"line":8,"column":42},"end":{"line":8,"column":70}},"6":{"start":{"line":8,"column":85},"end":{"line":8,"column":95}},"7":{"start":{"line":9,"column":8},"end":{"line":9,"column":102}},"8":{"start":{"line":9,"column":35},"end":{"line":9,"column":100}},"9":{"start":{"line":9,"column":41},"end":{"line":9,"column":73}},"10":{"start":{"line":9,"column":88},"end":{"line":9,"column":98}},"11":{"start":{"line":10,"column":8},"end":{"line":10,"column":151}},"12":{"start":{"line":10,"column":32},"end":{"line":10,"column":149}},"13":{"start":{"line":10,"column":97},"end":{"line":10,"column":119}},"14":{"start":{"line":11,"column":8},"end":{"line":11,"column":78}},"15":{"start":{"line":14,"column":0},"end":{"line":14,"column":62}},"16":{"start":{"line":15,"column":0},"end":{"line":15,"column":45}},"17":{"start":{"line":16,"column":0},"end":{"line":16,"column":32}},"18":{"start":{"line":19,"column":8},"end":{"line":23,"column":11}},"19":{"start":{"line":20,"column":12},"end":{"line":20,"column":175}},"20":{"start":{"line":21,"column":12},"end":{"line":22,"column":109}},"21":{"start":{"line":22,"column":16},"end":{"line":22,"column":109}},"22":{"start":{"line":26,"column":8},"end":{"line":30,"column":11}},"23":{"start":{"line":27,"column":12},"end":{"line":27,"column":175}},"24":{"start":{"line":28,"column":12},"end":{"line":29,"column":105}},"25":{"start":{"line":29,"column":16},"end":{"line":29,"column":105}},"26":{"start":{"line":33,"column":8},"end":{"line":37,"column":11}},"27":{"start":{"line":34,"column":12},"end":{"line":34,"column":175}},"28":{"start":{"line":35,"column":12},"end":{"line":36,"column":108}},"29":{"start":{"line":36,"column":16},"end":{"line":36,"column":108}},"30":{"start":{"line":40,"column":0},"end":{"line":40,"column":34}}},"branchMap":{"1":{"line":6,"type":"binary-expr","locations":[{"start":{"line":6,"column":17},"end":{"line":6,"column":21}},{"start":{"line":6,"column":25},"end":{"line":6,"column":39}},{"start":{"line":6,"column":44},"end":{"line":13,"column":1}}]},"2":{"line":7,"type":"binary-expr","locations":[{"start":{"line":7,"column":16},"end":{"line":7,"column":17}},{"start":{"line":7,"column":22},"end":{"line":7,"column":33}}]},"3":{"line":10,"type":"cond-expr","locations":[{"start":{"line":10,"column":46},"end":{"line":10,"column":67}},{"start":{"line":10,"column":70},"end":{"line":10,"column":148}}]},"4":{"line":11,"type":"binary-expr","locations":[{"start":{"line":11,"column":51},"end":{"line":11,"column":61}},{"start":{"line":11,"column":65},"end":{"line":11,"column":67}}]},"5":{"line":21,"type":"if","locations":[{"start":{"line":21,"column":12},"end":{"line":21,"column":12}},{"start":{"line":21,"column":12},"end":{"line":21,"column":12}}]},"6":{"line":28,"type":"if","locations":[{"start":{"line":28,"column":12},"end":{"line":28,"column":12}},{"start":{"line":28,"column":12},"end":{"line":28,"column":12}}]},"7":{"line":35,"type":"if","locations":[{"start":{"line":35,"column":12},"end":{"line":35,"column":12}},{"start":{"line":35,"column":12},"end":{"line":35,"column":12}}]}}},"/home/ltulloch/src/vscode-tekton/out/src/tekton/tektonitem.js":{"path":"/home/ltulloch/src/vscode-tekton/out/src/tekton/tektonitem.js","s":{"1":1,"2":23,"3":1,"4":12,"5":12,"6":4,"7":1,"8":2,"9":2,"10":2,"11":1,"12":29,"13":14,"14":23,"15":1,"16":1,"17":1,"18":1,"19":1,"20":1,"21":0,"22":0,"23":0,"24":0,"25":0,"26":0,"27":0,"28":0,"29":0,"30":0,"31":0,"32":0,"33":0,"34":0,"35":0,"36":3,"37":2,"38":2,"39":2,"40":2,"41":0,"42":0,"43":0,"44":0,"45":0,"46":0,"47":3,"48":3,"49":2,"50":1,"51":1,"52":3,"53":3,"54":2,"55":1,"56":1,"57":15,"58":15,"59":15,"60":7,"61":5,"62":1,"63":5,"64":0,"65":13,"66":1,"67":1,"68":1},"b":{"1":[1,1,1],"2":[23,23],"3":[15,14],"4":[23,23],"5":[0,0],"6":[0,0],"7":[0,0],"8":[0,0],"9":[0,0],"10":[0,0],"11":[0,0],"12":[1,2],"13":[2,0],"14":[0,0],"15":[1,1],"16":[1,1],"17":[7,8],"18":[1,4],"19":[5,2],"20":[0,5],"21":[5,2]},"f":{"1":23,"2":23,"3":12,"4":2,"5":29,"6":14,"7":0,"8":0,"9":0,"10":0,"11":0,"12":3,"13":2,"14":2,"15":0,"16":0,"17":3,"18":3,"19":3,"20":3,"21":15,"22":15},"fnMap":{"1":{"name":"(anonymous_1)","line":6,"loc":{"start":{"line":6,"column":44},"end":{"line":6,"column":89}}},"2":{"name":"(anonymous_2)","line":7,"loc":{"start":{"line":7,"column":36},"end":{"line":7,"column":63}}},"3":{"name":"fulfilled","line":8,"loc":{"start":{"line":8,"column":8},"end":{"line":8,"column":34}}},"4":{"name":"rejected","line":9,"loc":{"start":{"line":9,"column":8},"end":{"line":9,"column":33}}},"5":{"name":"step","line":10,"loc":{"start":{"line":10,"column":8},"end":{"line":10,"column":30}}},"6":{"name":"(anonymous_6)","line":10,"loc":{"start":{"line":10,"column":76},"end":{"line":10,"column":95}}},"7":{"name":"(anonymous_7)","line":27,"loc":{"start":{"line":27,"column":29},"end":{"line":27,"column":43}}},"8":{"name":"(anonymous_8)","line":31,"loc":{"start":{"line":31,"column":18},"end":{"line":31,"column":42}}},"9":{"name":"(anonymous_9)","line":32,"loc":{"start":{"line":32,"column":47},"end":{"line":32,"column":60}}},"10":{"name":"(anonymous_10)","line":48,"loc":{"start":{"line":48,"column":20},"end":{"line":48,"column":37}}},"11":{"name":"(anonymous_11)","line":51,"loc":{"start":{"line":51,"column":21},"end":{"line":51,"column":46}}},"12":{"name":"(anonymous_12)","line":54,"loc":{"start":{"line":54,"column":26},"end":{"line":54,"column":43}}},"13":{"name":"(anonymous_13)","line":57,"loc":{"start":{"line":57,"column":27},"end":{"line":57,"column":30}}},"14":{"name":"(anonymous_14)","line":58,"loc":{"start":{"line":58,"column":47},"end":{"line":58,"column":60}}},"15":{"name":"(anonymous_15)","line":65,"loc":{"start":{"line":65,"column":30},"end":{"line":65,"column":41}}},"16":{"name":"(anonymous_16)","line":66,"loc":{"start":{"line":66,"column":47},"end":{"line":66,"column":60}}},"17":{"name":"(anonymous_17)","line":73,"loc":{"start":{"line":73,"column":23},"end":{"line":73,"column":30}}},"18":{"name":"(anonymous_18)","line":74,"loc":{"start":{"line":74,"column":47},"end":{"line":74,"column":60}}},"19":{"name":"(anonymous_19)","line":81,"loc":{"start":{"line":81,"column":26},"end":{"line":81,"column":36}}},"20":{"name":"(anonymous_20)","line":82,"loc":{"start":{"line":82,"column":47},"end":{"line":82,"column":60}}},"21":{"name":"(anonymous_21)","line":89,"loc":{"start":{"line":89,"column":27},"end":{"line":89,"column":96}}},"22":{"name":"(anonymous_22)","line":90,"loc":{"start":{"line":90,"column":47},"end":{"line":90,"column":60}}}},"statementMap":{"1":{"start":{"line":6,"column":0},"end":{"line":13,"column":2}},"2":{"start":{"line":7,"column":4},"end":{"line":12,"column":7}},"3":{"start":{"line":8,"column":8},"end":{"line":8,"column":99}},"4":{"start":{"line":8,"column":36},"end":{"line":8,"column":97}},"5":{"start":{"line":8,"column":42},"end":{"line":8,"column":70}},"6":{"start":{"line":8,"column":85},"end":{"line":8,"column":95}},"7":{"start":{"line":9,"column":8},"end":{"line":9,"column":102}},"8":{"start":{"line":9,"column":35},"end":{"line":9,"column":100}},"9":{"start":{"line":9,"column":41},"end":{"line":9,"column":73}},"10":{"start":{"line":9,"column":88},"end":{"line":9,"column":98}},"11":{"start":{"line":10,"column":8},"end":{"line":10,"column":151}},"12":{"start":{"line":10,"column":32},"end":{"line":10,"column":149}},"13":{"start":{"line":10,"column":97},"end":{"line":10,"column":119}},"14":{"start":{"line":11,"column":8},"end":{"line":11,"column":78}},"15":{"start":{"line":14,"column":0},"end":{"line":14,"column":62}},"16":{"start":{"line":15,"column":0},"end":{"line":15,"column":32}},"17":{"start":{"line":16,"column":0},"end":{"line":16,"column":67}},"18":{"start":{"line":17,"column":0},"end":{"line":17,"column":35}},"19":{"start":{"line":18,"column":0},"end":{"line":18,"column":39}},"20":{"start":{"line":19,"column":0},"end":{"line":25,"column":2}},"21":{"start":{"line":28,"column":8},"end":{"line":28,"column":85}},"22":{"start":{"line":28,"column":53},"end":{"line":28,"column":83}},"23":{"start":{"line":29,"column":8},"end":{"line":29,"column":87}},"24":{"start":{"line":32,"column":8},"end":{"line":46,"column":11}},"25":{"start":{"line":33,"column":12},"end":{"line":45,"column":15}},"26":{"start":{"line":36,"column":20},"end":{"line":36,"column":99}},"27":{"start":{"line":37,"column":20},"end":{"line":38,"column":234}},"28":{"start":{"line":38,"column":24},"end":{"line":38,"column":234}},"29":{"start":{"line":39,"column":20},"end":{"line":40,"column":149}},"30":{"start":{"line":40,"column":24},"end":{"line":40,"column":149}},"31":{"start":{"line":41,"column":20},"end":{"line":42,"column":87}},"32":{"start":{"line":42,"column":24},"end":{"line":42,"column":87}},"33":{"start":{"line":43,"column":20},"end":{"line":43,"column":45}},"34":{"start":{"line":49,"column":8},"end":{"line":49,"column":57}},"35":{"start":{"line":52,"column":8},"end":{"line":52,"column":74}},"36":{"start":{"line":55,"column":8},"end":{"line":55,"column":91}},"37":{"start":{"line":58,"column":8},"end":{"line":63,"column":11}},"38":{"start":{"line":59,"column":12},"end":{"line":59,"column":69}},"39":{"start":{"line":60,"column":12},"end":{"line":61,"column":51}},"40":{"start":{"line":61,"column":16},"end":{"line":61,"column":51}},"41":{"start":{"line":62,"column":12},"end":{"line":62,"column":32}},"42":{"start":{"line":66,"column":8},"end":{"line":71,"column":11}},"43":{"start":{"line":67,"column":12},"end":{"line":67,"column":83}},"44":{"start":{"line":68,"column":12},"end":{"line":69,"column":54}},"45":{"start":{"line":69,"column":16},"end":{"line":69,"column":54}},"46":{"start":{"line":70,"column":12},"end":{"line":70,"column":35}},"47":{"start":{"line":74,"column":8},"end":{"line":79,"column":11}},"48":{"start":{"line":75,"column":12},"end":{"line":75,"column":65}},"49":{"start":{"line":76,"column":12},"end":{"line":77,"column":47}},"50":{"start":{"line":77,"column":16},"end":{"line":77,"column":47}},"51":{"start":{"line":78,"column":12},"end":{"line":78,"column":28}},"52":{"start":{"line":82,"column":8},"end":{"line":87,"column":11}},"53":{"start":{"line":83,"column":12},"end":{"line":83,"column":74}},"54":{"start":{"line":84,"column":12},"end":{"line":85,"column":50}},"55":{"start":{"line":85,"column":16},"end":{"line":85,"column":50}},"56":{"start":{"line":86,"column":12},"end":{"line":86,"column":31}},"57":{"start":{"line":90,"column":8},"end":{"line":100,"column":11}},"58":{"start":{"line":91,"column":12},"end":{"line":91,"column":35}},"59":{"start":{"line":92,"column":12},"end":{"line":98,"column":13}},"60":{"start":{"line":93,"column":16},"end":{"line":93,"column":130}},"61":{"start":{"line":94,"column":16},"end":{"line":95,"column":145}},"62":{"start":{"line":95,"column":20},"end":{"line":95,"column":145}},"63":{"start":{"line":96,"column":16},"end":{"line":97,"column":134}},"64":{"start":{"line":97,"column":20},"end":{"line":97,"column":134}},"65":{"start":{"line":99,"column":12},"end":{"line":99,"column":27}},"66":{"start":{"line":103,"column":0},"end":{"line":103,"column":40}},"67":{"start":{"line":104,"column":0},"end":{"line":104,"column":72}},"68":{"start":{"line":105,"column":0},"end":{"line":105,"column":32}}},"branchMap":{"1":{"line":6,"type":"binary-expr","locations":[{"start":{"line":6,"column":17},"end":{"line":6,"column":21}},{"start":{"line":6,"column":25},"end":{"line":6,"column":39}},{"start":{"line":6,"column":44},"end":{"line":13,"column":1}}]},"2":{"line":7,"type":"binary-expr","locations":[{"start":{"line":7,"column":16},"end":{"line":7,"column":17}},{"start":{"line":7,"column":22},"end":{"line":7,"column":33}}]},"3":{"line":10,"type":"cond-expr","locations":[{"start":{"line":10,"column":46},"end":{"line":10,"column":67}},{"start":{"line":10,"column":70},"end":{"line":10,"column":148}}]},"4":{"line":11,"type":"binary-expr","locations":[{"start":{"line":11,"column":51},"end":{"line":11,"column":61}},{"start":{"line":11,"column":65},"end":{"line":11,"column":67}}]},"5":{"line":29,"type":"binary-expr","locations":[{"start":{"line":29,"column":15},"end":{"line":29,"column":25}},{"start":{"line":29,"column":29},"end":{"line":29,"column":86}}]},"6":{"line":37,"type":"if","locations":[{"start":{"line":37,"column":20},"end":{"line":37,"column":20}},{"start":{"line":37,"column":20},"end":{"line":37,"column":20}}]},"7":{"line":39,"type":"if","locations":[{"start":{"line":39,"column":20},"end":{"line":39,"column":20}},{"start":{"line":39,"column":20},"end":{"line":39,"column":20}}]},"8":{"line":40,"type":"cond-expr","locations":[{"start":{"line":40,"column":130},"end":{"line":40,"column":143}},{"start":{"line":40,"column":146},"end":{"line":40,"column":147}}]},"9":{"line":41,"type":"if","locations":[{"start":{"line":41,"column":20},"end":{"line":41,"column":20}},{"start":{"line":41,"column":20},"end":{"line":41,"column":20}}]},"10":{"line":49,"type":"cond-expr","locatio
[...]
":22},"end":{"line":54,"column":39}}},"13":{"name":"(anonymous_13)","line":57,"loc":{"start":{"line":57,"column":26},"end":{"line":57,"column":43}}},"14":{"name":"(anonymous_14)","line":60,"loc":{"start":{"line":60,"column":21},"end":{"line":60,"column":29}}},"15":{"name":"(anonymous_15)","line":64,"loc":{"start":{"line":64,"column":27},"end":{"line":64,"column":30}}},"16":{"name":"(anonymous_16)","line":65,"loc":{"start":{"line":65,"column":47},"end":{"line":65,"column":60}}},"17":{"name":"(anonymous_17)","line":72,"loc":{"start":{"line":72,"column":30},"end":{"line":72,"column":41}}},"18":{"name":"(anonymous_18)","line":73,"loc":{"start":{"line":73,"column":47},"end":{"line":73,"column":60}}},"19":{"name":"(anonymous_19)","line":80,"loc":{"start":{"line":80,"column":30},"end":{"line":80,"column":40}}},"20":{"name":"(anonymous_20)","line":81,"loc":{"start":{"line":81,"column":47},"end":{"line":81,"column":60}}},"21":{"name":"(anonymous_21)","line":88,"loc":{"start":{"line":88,"column":28},"end":{"line":88,"column":42}}},"22":{"name":"(anonymous_22)","line":89,"loc":{"start":{"line":89,"column":47},"end":{"line":89,"column":60}}},"23":{"name":"(anonymous_23)","line":96,"loc":{"start":{"line":96,"column":26},"end":{"line":96,"column":40}}},"24":{"name":"(anonymous_24)","line":97,"loc":{"start":{"line":97,"column":47},"end":{"line":97,"column":60}}},"25":{"name":"(anonymous_25)","line":104,"loc":{"start":{"line":104,"column":26},"end":{"line":104,"column":38}}},"26":{"name":"(anonymous_26)","line":105,"loc":{"start":{"line":105,"column":47},"end":{"line":105,"column":60}}},"27":{"name":"(anonymous_27)","line":112,"loc":{"start":{"line":112,"column":20},"end":{"line":112,"column":32}}},"28":{"name":"(anonymous_28)","line":113,"loc":{"start":{"line":113,"column":47},"end":{"line":113,"column":60}}},"29":{"name":"(anonymous_29)","line":120,"loc":{"start":{"line":120,"column":27},"end":{"line":120,"column":91}}},"30":{"name":"(anonymous_30)","line":121,"loc":{"start":{"line":121,"column":47},"end":{"line":121,"column":60}}}},"statementMap":{"1":{"start":{"line":6,"column":0},"end":{"line":13,"column":2}},"2":{"start":{"line":7,"column":4},"end":{"line":12,"column":7}},"3":{"start":{"line":8,"column":8},"end":{"line":8,"column":99}},"4":{"start":{"line":8,"column":36},"end":{"line":8,"column":97}},"5":{"start":{"line":8,"column":42},"end":{"line":8,"column":70}},"6":{"start":{"line":8,"column":85},"end":{"line":8,"column":95}},"7":{"start":{"line":9,"column":8},"end":{"line":9,"column":102}},"8":{"start":{"line":9,"column":35},"end":{"line":9,"column":100}},"9":{"start":{"line":9,"column":41},"end":{"line":9,"column":73}},"10":{"start":{"line":9,"column":88},"end":{"line":9,"column":98}},"11":{"start":{"line":10,"column":8},"end":{"line":10,"column":151}},"12":{"start":{"line":10,"column":32},"end":{"line":10,"column":149}},"13":{"start":{"line":10,"column":97},"end":{"line":10,"column":119}},"14":{"start":{"line":11,"column":8},"end":{"line":11,"column":78}},"15":{"start":{"line":14,"column":0},"end":{"line":14,"column":62}},"16":{"start":{"line":15,"column":0},"end":{"line":15,"column":32}},"17":{"start":{"line":16,"column":0},"end":{"line":16,"column":67}},"18":{"start":{"line":17,"column":0},"end":{"line":17,"column":35}},"19":{"start":{"line":18,"column":0},"end":{"line":18,"column":39}},"20":{"start":{"line":19,"column":0},"end":{"line":25,"column":2}},"21":{"start":{"line":28,"column":8},"end":{"line":28,"column":91}},"22":{"start":{"line":28,"column":57},"end":{"line":28,"column":89}},"23":{"start":{"line":29,"column":8},"end":{"line":29,"column":89}},"24":{"start":{"line":32,"column":8},"end":{"line":46,"column":11}},"25":{"start":{"line":33,"column":12},"end":{"line":45,"column":15}},"26":{"start":{"line":36,"column":20},"end":{"line":36,"column":99}},"27":{"start":{"line":37,"column":20},"end":{"line":38,"column":234}},"28":{"start":{"line":38,"column":24},"end":{"line":38,"column":234}},"29":{"start":{"line":39,"column":20},"end":{"line":40,"column":149}},"30":{"start":{"line":40,"column":24},"end":{"line":40,"column":149}},"31":{"start":{"line":41,"column":20},"end":{"line":42,"column":87}},"32":{"start":{"line":42,"column":24},"end":{"line":42,"column":87}},"33":{"start":{"line":43,"column":20},"end":{"line":43,"column":45}},"34":{"start":{"line":49,"column":8},"end":{"line":49,"column":57}},"35":{"start":{"line":52,"column":8},"end":{"line":52,"column":74}},"36":{"start":{"line":55,"column":8},"end":{"line":55,"column":55}},"37":{"start":{"line":58,"column":8},"end":{"line":58,"column":91}},"38":{"start":{"line":61,"column":8},"end":{"line":61,"column":59}},"39":{"start":{"line":62,"column":8},"end":{"line":62,"column":47}},"40":{"start":{"line":65,"column":8},"end":{"line":70,"column":11}},"41":{"start":{"line":66,"column":12},"end":{"line":66,"column":69}},"42":{"start":{"line":67,"column":12},"end":{"line":68,"column":51}},"43":{"start":{"line":68,"column":16},"end":{"line":68,"column":51}},"44":{"start":{"line":69,"column":12},"end":{"line":69,"column":32}},"45":{"start":{"line":73,"column":8},"end":{"line":78,"column":11}},"46":{"start":{"line":74,"column":12},"end":{"line":74,"column":83}},"47":{"start":{"line":75,"column":12},"end":{"line":76,"column":54}},"48":{"start":{"line":76,"column":16},"end":{"line":76,"column":54}},"49":{"start":{"line":77,"column":12},"end":{"line":77,"column":35}},"50":{"start":{"line":81,"column":8},"end":{"line":86,"column":11}},"51":{"start":{"line":82,"column":12},"end":{"line":82,"column":82}},"52":{"start":{"line":83,"column":12},"end":{"line":84,"column":54}},"53":{"start":{"line":84,"column":16},"end":{"line":84,"column":54}},"54":{"start":{"line":85,"column":12},"end":{"line":85,"column":35}},"55":{"start":{"line":89,"column":8},"end":{"line":94,"column":11}},"56":{"start":{"line":90,"column":12},"end":{"line":90,"column":84}},"57":{"start":{"line":91,"column":12},"end":{"line":92,"column":52}},"58":{"start":{"line":92,"column":16},"end":{"line":92,"column":52}},"59":{"start":{"line":93,"column":12},"end":{"line":93,"column":35}},"60":{"start":{"line":97,"column":8},"end":{"line":102,"column":11}},"61":{"start":{"line":98,"column":12},"end":{"line":98,"column":78}},"62":{"start":{"line":99,"column":12},"end":{"line":100,"column":50}},"63":{"start":{"line":100,"column":16},"end":{"line":100,"column":50}},"64":{"start":{"line":101,"column":12},"end":{"line":101,"column":31}},"65":{"start":{"line":105,"column":8},"end":{"line":110,"column":11}},"66":{"start":{"line":106,"column":12},"end":{"line":106,"column":80}},"67":{"start":{"line":107,"column":12},"end":{"line":108,"column":50}},"68":{"start":{"line":108,"column":16},"end":{"line":108,"column":50}},"69":{"start":{"line":109,"column":12},"end":{"line":109,"column":31}},"70":{"start":{"line":113,"column":8},"end":{"line":118,"column":11}},"71":{"start":{"line":114,"column":12},"end":{"line":114,"column":70}},"72":{"start":{"line":115,"column":12},"end":{"line":116,"column":48}},"73":{"start":{"line":116,"column":16},"end":{"line":116,"column":48}},"74":{"start":{"line":117,"column":12},"end":{"line":117,"column":27}},"75":{"start":{"line":121,"column":8},"end":{"line":131,"column":11}},"76":{"start":{"line":122,"column":12},"end":{"line":122,"column":35}},"77":{"start":{"line":123,"column":12},"end":{"line":129,"column":13}},"78":{"start":{"line":124,"column":16},"end":{"line":124,"column":129}},"79":{"start":{"line":125,"column":16},"end":{"line":126,"column":140}},"80":{"start":{"line":126,"column":20},"end":{"line":126,"column":140}},"81":{"start":{"line":127,"column":16},"end":{"line":128,"column":139}},"82":{"start":{"line":128,"column":20},"end":{"line":128,"column":139}},"83":{"start":{"line":130,"column":12},"end":{"line":130,"column":27}},"84":{"start":{"line":134,"column":0},"end":{"line":134,"column":40}},"85":{"start":{"line":135,"column":0},"end":{"line":135,"column":70}},"86":{"start":{"line":136,"column":0},"end":{"line":136,"column":32}}},"branchMap":{"1":{"line":6,"type":"binary-expr","locations":[{"start":{"line":6,"column":17},"end":{"line":6,"column":21}},{"start":{"line":6,"column":25},"end":{"line":6,"column":39}},{"start":{"line":6,"column":44},"end":{"line":13,"column":1}}]},"2":{"line":7,"type":"binary-expr","locations":[{"start":{"line":7,"column":16},"end":{"line":7,"column":17}},{"start":{"line":7,"column":22},"end":{"line":7,"column":33}}]},"3":{"line":10,"type":"cond-expr","locations":[{"start":{"line":10,"column":46},"end":{"line":10,"column":67}},{"start":{"line":10,"column":70},"end":{"line":10,"column":148}}]},"4":{"line":11,"type":"binary-expr","locations":[{"start":{"line":11,"column":51},"end":{"line":11,"column":61}},{"start":{"line":11,"column":65},"end":{"line":11,"column":67}}]},"5":{"line":29,"type":"binary-expr","locations":[{"start":{"line":29,"column":15},"end":{"line":29,"column":27}},{"start":{"line":29,"column":31},"end":{"line":29,"column":88}}]},"6":{"line":37,"type":"if","locations":[{"start":{"line":37,"column":20},"end":{"line":37,"column":20}},{"start":{"line":37,"column":20},"end":{"line":37,"column":20}}]},"7":{"line":39,"type":"if","locations":[{"start":{"line":39,"column":20},"end":{"line":39,"column":20}},{"start":{"line":39,"column":20},"end":{"line":39,"column":20}}]},"8":{"line":40,"type":"cond-expr","locations":[{"start":{"line":40,"column":130},"end":{"line":40,"column":143}},{"start":{"line":40,"column":146},"end":{"line":40,"column":147}}]},"9":{"line":41,"type":"if","locations":[{"start":{"line":41,"column":20},"end":{"line":41,"column":20}},{"start":{"line":41,"column":20},"end":{"line":41,"column":20}}]},"10":{"line":49,"type":"cond-expr","locations":[{"start":{"line":49,"column":42},"end":{"line":49,"column":49}},{"start":{"line":49,"column":52},"end":{"line":49,"column":56}}]},"11":{"line":52,"type":"cond-expr","locations":[{"start":{"line":52,"column":59},"end":{"line":52,"column":63}},{"start":{"line":52,"column":66},"end":{"line":52,"column":73}}]},"12":{"line":55,"type":"cond-expr","locations":[{"start":{"line":55,"column":40},"end":{"line":55,"column":44}},{"start":{"line":55,"column":47},"end":{"line":55,"column":54}}]},"13":{"line":58,"type":"cond-expr","locations":[{"start":{"line":58,"column":76},"end":{"line":58,"column":80}},{"start":{"line":58,"column":83},"end":{"line":58,"column":90}}]},"14":{"line":62,"type":"cond-expr","locations":[{"start":{"line":62,"column":28},"end":{"line":62,"column":39}},{"start":{"line":62,"column":42},"end":{"line":62,"column":46}}]},"15":{"line":67,"type":"if","locations":[{"start":{"line":67,"column":12},"end":{"line":67,"column":12}},{"start":{"line":67,"column":12},"end":{"line":67,"column":12}}]},"16":{"line":75,"type":"if","locations":[{"start":{"line":75,"column":12},"end":{"line":75,"column":12}},{"start":{"line":75,"column":12},"end":{"line":75,"column":12}}]},"17":{"line":83,"type":"if","locations":[{"start":{"line":83,"column":12},"end":{"line":83,"column":12}},{"start":{"line":83,"column":12},"end":{"line":83,"column":12}}]},"18":{"line":91,"type":"if","locations":[{"start":{"line":91,"column":12},"end":{"line":91,"column":12}},{"start":{"line":91,"column":12},"end":{"line":91,"column":12}}]},"19":{"line":99,"type":"if","locations":[{"start":{"line":99,"column":12},"end":{"line":99,"column":12}},{"start":{"line":99,"column":12},"end":{"line":99,"column":12}}]},"20":{"line":107,"type":"if","locations":[{"start":{"line":107,"column":12},"end":{"line":107,"column":12}},{"start":{"line":107,"column":12},"end":{"line":107,"column":12}}]},"21":{"line":115,"type":"if","locations":[{"start":{"line":115,"column":12},"end":{"line":115,"column":12}},{"start":{"line":115,"column":12},"end":{"line":115,"column":12}}]},"22":{"line":123,"type":"if","locations":[{"start":{"line":123,"column":12},"end":{"line":123,"column":12}},{"start":{"line":123,"column":12},"end":{"line":123,"column":12}}]},"23":{"line":125,"type":"if","locations":[{"start":{"line":125,"column":16},"end":{"line":125,"column":16}},{"start":{"line":125,"column":16},"end":{"line":125,"column":16}}]},"24":{"line":125,"type":"binary-expr","locations":[{"start":{"line":125,"column":20},"end":{"line":125,"column":27}},{"start":{"line":125,"column":31},"end":{"line":125,"column":45}}]},"25":{"line":127,"type":"if","locations":[{"start":{"line":127,"column":16},"end":{"line":127,"column":16}},{"start":{"line":127,"column":16},"end":{"line":127,"column":16}}]},"26":{"line":127,"type":"binary-expr","locations":[{"start":{"line":127,"column":20},"end":{"line":127,"column":27}},{"start":{"line":127,"column":31},"end":{"line":127,"column":46}}]}}},"/home/ltulloch/src/vscode-tekton/out/src/tekton/pipeline.1.js":{"path":"/home/ltulloch/src/vscode-tekton/out/src/tekton/pipeline.1.js","s":{"1":0,"2":0,"3":0,"4":0,"5":0,"6":0,"7":0,"8":0,"9":0,"10":0,"11":0,"12":0,"13":0,"14":0,"15":0,"16":0,"17":0,"18":0,"19":0,"20":0,"21":0,"22":0,"23":0,"24":0,"25":0,"26":0,"27":0,"28":0,"29":0,"30":0,"31":0,"32":0,"33":0,"34":0,"35":0,"36":0,"37":0,"38":0,"39":0},"b":{"1":[0,0,0],"2":[0,0],"3":[0,0],"4":[0,0],"5":[0,0],"6":[0,0],"7":[0,0],"8":[0,0]},"f":{"1":0,"2":0,"3":0,"4":0,"5":0,"6":0,"7":0,"8":0,"9":0,"10":0,"11":0,"12":0},"fnMap":{"1":{"name":"(anonymous_1)","line":6,"loc":{"start":{"line":6,"column":44},"end":{"line":6,"column":89}}},"2":{"name":"(anonymous_2)","line":7,"loc":{"start":{"line":7,"column":36},"end":{"line":7,"column":63}}},"3":{"name":"fulfilled","line":8,"loc":{"start":{"line":8,"column":8},"end":{"line":8,"column":34}}},"4":{"name":"rejected","line":9,"loc":{"start":{"line":9,"column":8},"end":{"line":9,"column":33}}},"5":{"name":"step","line":10,"loc":{"start":{"line":10,"column":8},"end":{"line":10,"column":30}}},"6":{"name":"(anonymous_6)","line":10,"loc":{"start":{"line":10,"column":76},"end":{"line":10,"column":95}}},"7":{"name":"(anonymous_7)","line":19,"loc":{"start":{"line":19,"column":17},"end":{"line":19,"column":28}}},"8":{"name":"(anonymous_8)","line":20,"loc":{"start":{"line":20,"column":47},"end":{"line":20,"column":60}}},"9":{"name":"(anonymous_9)","line":33,"loc":{"start":{"line":33,"column":19},"end":{"line":33,"column":30}}},"10":{"name":"(anonymous_10)","line":34,"loc":{"start":{"line":34,"column":47},"end":{"line":34,"column":60}}},"11":{"name":"(anonymous_11)","line":40,"loc":{"start":{"line":40,"column":15},"end":{"line":40,"column":26}}},"12":{"name":"(anonymous_12)","line":41,"loc":{"start":{"line":41,"column":47},"end":{"line":41,"column":60}}}},"statementMap":{"1":{"start":{"line":6,"column":0},"end":{"line":13,"column":2}},"2":{"start":{"line":7,"column":4},"end":{"line":12,"column":7}},"3":{"start":{"line":8,"column":8},"end":{"line":8,"column":99}},"4":{"start":{"line":8,"column":36},"end":{"line":8,"column":97}},"5":{"start":{"line":8,"column":42},"end":{"line":8,"column":70}},"6":{"start":{"line":8,"column":85},"end":{"line":8,"column":95}},"7":{"start":{"line":9,"column":8},"end":{"line":9,"column":102}},"8":{"start":{"line":9,"column":35},"end":{"line":9,"column":100}},"9":{"start":{"line":9,"column":41},"end":{"line":9,"column":73}},"10":{"start":{"line":9,"column":88},"end":{"line":9,"column":98}},"11":{"start":{"line":10,"column":8},"end":{"line":10,"column":151}},"12":{"start":{"line":10,"column":32},"end":{"line":10,"column":149}},"13":{"start":{"line":10,"column":97},"end":{"line":10,"column":119}},"14":{"start":{"line":11,"column":8},"end":{"line":11,"column":78}},"15":{"start":{"line":14,"column":0},"end":{"line":14,"column":62}},"16":{"start":{"line":15,"column":0},"end":{"line":15,"column":45}},"17":{"start":{"line":16,"column":0},"end":{"line":16,"column":32}},"18":{"start":{"line":17,"column":0},"end":{"line":17,"column":47}},"19":{"start":{"line":20,"column":8},"end":{"line":31,"column":11}},"20":{"start":{"line":21,"column":12},"end":{"line":21,"column":122}},"21":{"start":{"line":22,"column":12},"end":{"line":23,"column":28}},"22":{"start":{"line":23,"column":16},"end":{"line":23,"column":28}},"23":{"start":{"line":24,"column":12},"end":{"line":24,"column":93}},"24":{"start":{"line":25,"column":12},"end":{"line":25,"column":93}},"25":{"start":{"line":26,"column":12},"end":{"line":27,"column":28}},"26":{"start":{"line":27,"column":16},"end":{"line":27,"column":28}},"27":{"start":{"line":28,"column":12},"end":{"line":30,"column":102}},"28":{"start":{"line":28,"column":117},"end":{"line":30,"column":100}},"29":{"start":{"line":29,"column":28},"end":{"line":29,"column":80}},"30":{"start":{"line":30,"column":34},"end":{"line":30,"column":99}},"31":{"start":{"line":34,"column":8},"end":{"line":38,"column":11}},"32":{"start":{"line":35,"column":12},"end":{"line":35,"column":163}},"33":{"start":{"line":36,"column":12},"end":{"line":37,"column":82}},"34":{"start":{"line":37,"column":16},"end":{"line":37,"column":82}},"35":{"start":{"line":41,"column":8},"end":{"line":45,"column":11}},"36":{"start":{"line":42,"column":12},"end":{"line":42,"column":163}},"37":{"start":{"line":43,"column":12},"end":{"line":44,"column":78}},"38":{"start":{"line":44,"column":16},"end":{"line":44,"column":78}},"39":{"start":{"line":48,"column":0},"end":{"line":48,"column":28}}},"branchMap":{"1":{"line":6,"type":"binary-expr","locations":[{"start":{"line":6,"column":17},"end":{"line":6,"column":21}},{"start":{"line":6,"column":25},"end":{"line":6,"column":39}},{"start":{"line":6,"column":44},"end":{"line":13,"column":1}}]},"2":{"line":7,"type":"binary-expr","locations":[{"start":{"line":7,"column":16},"end":{"line":7,"column":17}},{"start":{"line":7,"column":22},"end":{"line":7,"column":33}}]},"3":{"line":10,"type":"cond-expr","locations":[{"start":{"line":10,"column":46},"end":{"line":10,"column":67}},{"start":{"line":10,"column":70},"end":{"line":10,"column":148}}]},"4":{"line":11,"type":"binary-expr","locations":[{"start":{"line":11,"column":51},"end":{"line":11,"column":61}},{"start":{"line":11,"column":65},"end":{"line":11,"column":67}}]},"5":{"line":22,"type":"if","locations":[{"start":{"line":22,"column":12},"end":{"line":22,"column":12}},{"start":{"line":22,"column":12},"end":{"line":22,"column":12}}]},"6":{"line":26,"type":"if","locations":[{"start":{"line":26,"column":12},"end":{"line":26,"column":12}},{"start":{"line":26,"column":12},"end":{"line":26,"column":12}}]},"7":{"line":36,"type":"if","locations":[{"start":{"line":36,"column":12},"end":{"line":36,"column":12}},{"start":{"line":36,"column":12},"end":{"line":36,"column":12}}]},"8":{"line":43,"type":"if","locations":[{"start":{"line":43,"column":12},"end":{"line":43,"column":12}},{"start":{"line":43,"column":12},"end":{"line":43,"column":12}}]}}},"/home/ltulloch/src/vscode-tekton/out/src/test/extension.test.js":{"path":"/home/ltulloch/src/vscode-tekton/out/src/test/extension.test.js","s":{"1":0,"2":0,"3":0,"4":0,"5":0,"6":0},"b":{},"f":{"1":0,"2":0},"fnMap":{"1":{"name":"(anonymous_1)","line":14,"loc":{"start":{"line":14,"column":25},"end":{"line":14,"column":37}}},"2":{"name":"(anonymous_2)","line":16,"loc":{"start":{"line":16,"column":24},"end":{"line":16,"column":36}}}},"statementMap":{"1":{"start":{"line":6,"column":0},"end":{"line":6,"column":62}},"2":{"start":{"line":8,"column":0},"end":{"line":8,"column":33}},"3":{"start":{"line":14,"column":0},"end":{"line":20,"column":3}},"4":{"start":{"line":16,"column":4},"end":{"line":19,"column":7}},"5":{"start":{"line":17,"column":8},"end":{"line":17,"column":47}},"6":{"start":{"line":18,"column":8},"end":{"line":18,"column":47}}},"branchMap":{}},"/home/ltulloch/src/vscode-tekton/out/src/test/index.js":{"path":"/home/ltulloch/src/vscode-tekton/out/src/test/index.js","s":{"1":0,"2":0,"3":0,"4":0},"b":{},"f":{},"fnMap":{},"statementMap":{"1":{"start":{"line":13,"column":0},"end":{"line":13,"column":62}},"2":{"start":{"line":14,"column":0},"end":{"line":14,"column":52}},"3":{"start":{"line":18,"column":0},"end":{"line":21,"column":3}},"4":{"start":{"line":22,"column":0},"end":{"line":22,"column":28}}},"branchMap":{}}}