{"/home/ltulloch/src/vscode-tekton/out/src/cli.js":{"path":"/home/ltulloch/src/vscode-tekton/out/src/cli.js","s":{"1":1,"2":0,"3":1,"4":0,"5":0,"6":0,"7":1,"8":0,"9":0,"10":0,"11":1,"12":0,"13":0,"14":0,"15":1,"16":1,"17":1,"18":1,"19":2,"20":1,"21":2,"22":0,"23":0,"24":0,"25":0,"26":0,"27":0,"28":0,"29":0,"30":0,"31":0,"32":0,"33":0,"34":0,"35":1,"36":1,"37":0,"38":0,"39":0,"40":0,"41":0,"42":0,"43":0,"44":0,"45":0,"46":0,"47":0,"48":0},"b":{"1":[1,1,1],"2":[0,0],"3":[0,0],"4":[0,0],"5":[1,1],"6":[0,0],"7":[0,0],"8":[0,0]},"f":{"1":0,"2":0,"3":0,"4":0,"5":0,"6":0,"7":1,"8":2,"9":0,"10":0,"11":0,"12":0,"13":0,"14":1,"15":0,"16":0,"17":0},"fnMap":{"1":{"name":"(anonymous_1)","line":6,"loc":{"start":{"line":6,"column":44},"end":{"line":6,"column":89}}},"2":{"name":"(anonymous_2)","line":7,"loc":{"start":{"line":7,"column":36},"end":{"line":7,"column":63}}},"3":{"name":"fulfilled","line":8,"loc":{"start":{"line":8,"column":8},"end":{"line":8,"column":34}}},"4":{"name":"rejected","line":9,"loc":{"start":{"line":9,"column":8},"end":{"line":9,"column":33}}},"5":{"name":"step","line":10,"loc":{"start":{"line":10,"column":8},"end":{"line":10,"column":30}}},"6":{"name":"(anonymous_6)","line":10,"loc":{"start":{"line":10,"column":76},"end":{"line":10,"column":95}}},"7":{"name":"(anonymous_7)","line":18,"loc":{"start":{"line":18,"column":15},"end":{"line":18,"column":18}}},"8":{"name":"(anonymous_8)","line":21,"loc":{"start":{"line":21,"column":22},"end":{"line":21,"column":25}}},"9":{"name":"(anonymous_9)","line":27,"loc":{"start":{"line":27,"column":21},"end":{"line":27,"column":24}}},"10":{"name":"(anonymous_10)","line":28,"loc":{"start":{"line":28,"column":47},"end":{"line":28,"column":60}}},"11":{"name":"(anonymous_11)","line":32,"loc":{"start":{"line":32,"column":11},"end":{"line":32,"column":28}}},"12":{"name":"(anonymous_12)","line":33,"loc":{"start":{"line":33,"column":47},"end":{"line":33,"column":60}}},"13":{"name":"(anonymous_13)","line":34,"loc":{"start":{"line":34,"column":84},"end":{"line":34,"column":97}}},"14":{"name":"(anonymous_14)","line":54,"loc":{"start":{"line":54,"column":15},"end":{"line":54,"column":18}}},"15":{"name":"(anonymous_15)","line":57,"loc":{"start":{"line":57,"column":8},"end":{"line":57,"column":11}}},"16":{"name":"(anonymous_16)","line":60,"loc":{"start":{"line":60,"column":16},"end":{"line":60,"column":22}}},"17":{"name":"(anonymous_17)","line":70,"loc":{"start":{"line":70,"column":9},"end":{"line":70,"column":16}}}},"statementMap":{"1":{"start":{"line":6,"column":0},"end":{"line":13,"column":2}},"2":{"start":{"line":7,"column":4},"end":{"line":12,"column":7}},"3":{"start":{"line":8,"column":8},"end":{"line":8,"column":99}},"4":{"start":{"line":8,"column":36},"end":{"line":8,"column":97}},"5":{"start":{"line":8,"column":42},"end":{"line":8,"column":70}},"6":{"start":{"line":8,"column":85},"end":{"line":8,"column":95}},"7":{"start":{"line":9,"column":8},"end":{"line":9,"column":102}},"8":{"start":{"line":9,"column":35},"end":{"line":9,"column":100}},"9":{"start":{"line":9,"column":41},"end":{"line":9,"column":73}},"10":{"start":{"line":9,"column":88},"end":{"line":9,"column":98}},"11":{"start":{"line":10,"column":8},"end":{"line":10,"column":151}},"12":{"start":{"line":10,"column":32},"end":{"line":10,"column":149}},"13":{"start":{"line":10,"column":97},"end":{"line":10,"column":119}},"14":{"start":{"line":11,"column":8},"end":{"line":11,"column":78}},"15":{"start":{"line":14,"column":0},"end":{"line":14,"column":62}},"16":{"start":{"line":15,"column":0},"end":{"line":15,"column":46}},"17":{"start":{"line":16,"column":0},"end":{"line":16,"column":33}},"18":{"start":{"line":19,"column":8},"end":{"line":19,"column":47}},"19":{"start":{"line":22,"column":8},"end":{"line":24,"column":9}},"20":{"start":{"line":23,"column":12},"end":{"line":23,"column":37}},"21":{"start":{"line":25,"column":8},"end":{"line":25,"column":28}},"22":{"start":{"line":28,"column":8},"end":{"line":30,"column":11}},"23":{"start":{"line":29,"column":12},"end":{"line":29,"column":35}},"24":{"start":{"line":33,"column":8},"end":{"line":49,"column":11}},"25":{"start":{"line":34,"column":12},"end":{"line":48,"column":16}},"26":{"start":{"line":34,"column":52},"end":{"line":48,"column":14}},"27":{"start":{"line":35,"column":16},"end":{"line":35,"column":43}},"28":{"start":{"line":36,"column":16},"end":{"line":38,"column":17}},"29":{"start":{"line":37,"column":20},"end":{"line":37,"column":53}},"30":{"start":{"line":39,"column":16},"end":{"line":47,"column":19}},"31":{"start":{"line":40,"column":20},"end":{"line":40,"column":85}},"32":{"start":{"line":41,"column":20},"end":{"line":41,"column":58}},"33":{"start":{"line":42,"column":20},"end":{"line":42,"column":50}},"34":{"start":{"line":46,"column":20},"end":{"line":46,"column":71}},"35":{"start":{"line":52,"column":0},"end":{"line":52,"column":18}},"36":{"start":{"line":55,"column":8},"end":{"line":55,"column":77}},"37":{"start":{"line":58,"column":8},"end":{"line":58,"column":28}},"38":{"start":{"line":61,"column":8},"end":{"line":61,"column":21}},"39":{"start":{"line":62,"column":8},"end":{"line":67,"column":9}},"40":{"start":{"line":63,"column":12},"end":{"line":63,"column":64}},"41":{"start":{"line":66,"column":12},"end":{"line":66,"column":23}},"42":{"start":{"line":68,"column":8},"end":{"line":68,"column":24}},"43":{"start":{"line":71,"column":8},"end":{"line":71,"column":49}},"44":{"start":{"line":72,"column":8},"end":{"line":72,"column":38}},"45":{"start":{"line":73,"column":8},"end":{"line":75,"column":9}},"46":{"start":{"line":74,"column":12},"end":{"line":74,"column":38}},"47":{"start":{"line":76,"column":8},"end":{"line":78,"column":9}},"48":{"start":{"line":77,"column":12},"end":{"line":77,"column":32}}},"branchMap":{"1":{"line":6,"type":"binary-expr","locations":[{"start":{"line":6,"column":17},"end":{"line":6,"column":21}},{"start":{"line":6,"column":25},"end":{"line":6,"column":39}},{"start":{"line":6,"column":44},"end":{"line":13,"column":1}}]},"2":{"line":7,"type":"binary-expr","locations":[{"start":{"line":7,"column":16},"end":{"line":7,"column":17}},{"start":{"line":7,"column":22},"end":{"line":7,"column":33}}]},"3":{"line":10,"type":"cond-expr","locations":[{"start":{"line":10,"column":46},"end":{"line":10,"column":67}},{"start":{"line":10,"column":70},"end":{"line":10,"column":148}}]},"4":{"line":11,"type":"binary-expr","locations":[{"start":{"line":11,"column":51},"end":{"line":11,"column":61}},{"start":{"line":11,"column":65},"end":{"line":11,"column":67}}]},"5":{"line":22,"type":"if","locations":[{"start":{"line":22,"column":8},"end":{"line":22,"column":8}},{"start":{"line":22,"column":8},"end":{"line":22,"column":8}}]},"6":{"line":36,"type":"if","locations":[{"start":{"line":36,"column":16},"end":{"line":36,"column":16}},{"start":{"line":36,"column":16},"end":{"line":36,"column":16}}]},"7":{"line":73,"type":"if","locations":[{"start":{"line":73,"column":8},"end":{"line":73,"column":8}},{"start":{"line":73,"column":8},"end":{"line":73,"column":8}}]},"8":{"line":76,"type":"if","locations":[{"start":{"line":76,"column":8},"end":{"line":76,"column":8}},{"start":{"line":76,"column":8},"end":{"line":76,"column":8}}]}}},"/home/ltulloch/src/vscode-tekton/out/src/pipeline/pipelineExplorer.js":{"path":"/home/ltulloch/src/vscode-tekton/out/src/pipeline/pipelineExplorer.js","s":{"1":1,"2":0,"3":1,"4":0,"5":0,"6":0,"7":1,"8":0,"9":0,"10":0,"11":1,"12":0,"13":0,"14":0,"15":1,"16":1,"17":1,"18":0,"19":0,"20":0,"21":0,"22":1,"23":1,"24":1,"25":0,"26":0,"27":0,"28":0,"29":0,"30":0,"31":0,"32":0,"33":0,"34":0,"35":0,"36":0,"37":1,"38":1},"b":{"1":[1,1,1],"2":[0,0],"3":[0,0],"4":[0,0],"5":[1,0],"6":[0,0],"7":[0,0]},"f":{"1":0,"2":0,"3":0,"4":0,"5":0,"6":0,"7":0,"8":1,"9":0,"10":0,"11":0,"12":0,"13":0,"14":0,"15":0},"fnMap":{"1":{"name":"(anonymous_1)","line":2,"loc":{"start":{"line":2,"column":44},"end":{"line":2,"column":89}}},"2":{"name":"(anonymous_2)","line":3,"loc":{"start":{"line":3,"column":36},"end":{"line":3,"column":63}}},"3":{"name":"fulfilled","line":4,"loc":{"start":{"line":4,"column":8},"end":{"line":4,"column":34}}},"4":{"name":"rejected","line":5,"loc":{"start":{"line":5,"column":8},"end":{"line":5,"column":33}}},"5":{"name":"step","line":6,"loc":{"start":{"line":6,"column":8},"end":{"line":6,"column":30}}},"6":{"name":"(anonymous_6)","line":6,"loc":{"start":{"line":6,"column":76},"end":{"line":6,"column":95}}},"7":{"name":"(anonymous_7)","line":14,"loc":{"start":{"line":14,"column":15},"end":{"line":14,"column":18}}},"8":{"name":"(anonymous_8)","line":21,"loc":{"start":{"line":21,"column":22},"end":{"line":21,"column":25}}},"9":{"name":"(anonymous_9)","line":27,"loc":{"start":{"line":27,"column":15},"end":{"line":27,"column":25}}},"10":{"name":"(anonymous_10)","line":30,"loc":{"start":{"line":30,"column":15},"end":{"line":30,"column":25}}},"11":{"name":"(anonymous_11)","line":33,"loc":{"start":{"line":33,"column":13},"end":{"line":33,"column":23}}},"12":{"name":"(anonymous_12)","line":36,"loc":{"start":{"line":36,"column":11},"end":{"line":36,"column":20}}},"13":{"name":"(anonymous_13)","line":42,"loc":{"start":{"line":42,"column":11},"end":{"line":42,"column":14}}},"14":{"name":"(anonymous_14)","line":46,"loc":{"start":{"line":46,"column":10},"end":{"line":46,"column":17}}},"15":{"name":"(anonymous_15)","line":47,"loc":{"start":{"line":47,"column":47},"end":{"line":47,"column":60}}}},"statementMap":{"1":{"start":{"line":2,"column":0},"end":{"line":9,"column":2}},"2":{"start":{"line":3,"column":4},"end":{"line":8,"column":7}},"3":{"start":{"line":4,"column":8},"end":{"line":4,"column":99}},"4":{"start":{"line":4,"column":36},"end":{"line":4,"column":97}},"5":{"start":{"line":4,"column":42},"end":{"line":4,"column":70}},"6":{"start":{"line":4,"column":85},"end":{"line":4,"column":95}},"7":{"start":{"line":5,"column":8},"end":{"line":5,"column":102}},"8":{"start":{"line":5,"column":35},"end":{"line":5,"column":100}},"9":{"start":{"line":5,"column":41},"end":{"line":5,"column":73}},"10":{"start":{"line":5,"column":88},"end":{"line":5,"column":98}},"11":{"start":{"line":6,"column":8},"end":{"line":6,"column":151}},"12":{"start":{"line":6,"column":32},"end":{"line":6,"column":149}},"13":{"start":{"line":6,"column":97},"end":{"line":6,"column":119}},"14":{"start":{"line":7,"column":8},"end":{"line":7,"column":78}},"15":{"start":{"line":10,"column":0},"end":{"line":10,"column":62}},"16":{"start":{"line":11,"column":0},"end":{"line":11,"column":35}},"17":{"start":{"line":12,"column":0},"end":{"line":12,"column":32}},"18":{"start":{"line":15,"column":8},"end":{"line":15,"column":70}},"19":{"start":{"line":16,"column":8},"end":{"line":16,"column":73}},"20":{"start":{"line":18,"column":8},"end":{"line":18,"column":69}},"21":{"start":{"line":19,"column":8},"end":{"line":19,"column":109}},"22":{"start":{"line":22,"column":8},"end":{"line":24,"column":9}},"23":{"start":{"line":23,"column":12},"end":{"line":23,"column":66}},"24":{"start":{"line":25,"column":8},"end":{"line":25,"column":41}},"25":{"start":{"line":28,"column":8},"end":{"line":28,"column":23}},"26":{"start":{"line":31,"column":8},"end":{"line":31,"column":85}},"27":{"start":{"line":34,"column":8},"end":{"line":34,"column":35}},"28":{"start":{"line":37,"column":8},"end":{"line":39,"column":9}},"29":{"start":{"line":38,"column":12},"end":{"line":38,"column":46}},"30":{"start":{"line":40,"column":8},"end":{"line":40,"column":53}},"31":{"start":{"line":43,"column":8},"end":{"line":43,"column":33}},"32":{"start":{"line":44,"column":8},"end":{"line":44,"column":32}},"33":{"start":{"line":47,"column":8},"end":{"line":53,"column":11}},"34":{"start":{"line":48,"column":12},"end":{"line":48,"column":43}},"35":{"start":{"line":51,"column":12},"end":{"line":51,"column":45}},"36":{"start":{"line":52,"column":12},"end":{"line":52,"column":39}},"37":{"start":{"line":56,"column":0},"end":{"line":56,"column":46}},"38":{"start":{"line":57,"column":0},"end":{"line":57,"column":44}}},"branchMap":{"1":{"line":2,"type":"binary-expr","locations":[{"start":{"line":2,"column":17},"end":{"line":2,"column":21}},{"start":{"line":2,"column":25},"end":{"line":2,"column":39}},{"start":{"line":2,"column":44},"end":{"line":9,"column":1}}]},"2":{"line":3,"type":"binary-expr","locations":[{"start":{"line":3,"column":16},"end":{"line":3,"column":17}},{"start":{"line":3,"column":22},"end":{"line":3,"column":33}}]},"3":{"line":6,"type":"cond-expr","locations":[{"start":{"line":6,"column":46},"end":{"line":6,"column":67}},{"start":{"line":6,"column":70},"end":{"line":6,"column":148}}]},"4":{"line":7,"type":"binary-expr","locations":[{"start":{"line":7,"column":51},"end":{"line":7,"column":61}},{"start":{"line":7,"column":65},"end":{"line":7,"column":67}}]},"5":{"line":22,"type":"if","locations":[{"start":{"line":22,"column":8},"end":{"line":22,"column":8}},{"start":{"line":22,"column":8},"end":{"line":22,"column":8}}]},"6":{"line":31,"type":"cond-expr","locations":[{"start":{"line":31,"column":25},"end":{"line":31,"column":46}},{"start":{"line":31,"column":49},"end":{"line":31,"column":84}}]},"7":{"line":37,"type":"if","locations":[{"start":{"line":37,"column":8},"end":{"line":37,"column":8}},{"start":{"line":37,"column":8},"end":{"line":37,"column":8}}]}}},"/home/ltulloch/src/vscode-tekton/out/src/tkn.js":{"path":"/home/ltulloch/src/vscode-tekton/out/src/tkn.js","s":{"1":1,"2":0,"3":1,"4":0,"5":0,"6":0,"7":1,"8":0,"9":0,"10":0,"11":1,"12":0,"13":0,"14":0,"15":1,"16":1,"17":1,"18":1,"19":1,"20":1,"21":1,"22":1,"23":1,"24":1,"25":1,"26":1,"27":1,"28":1,"29":1,"30":1,"31":1,"32":0,"33":0,"34":0,"35":0,"36":0,"37":0,"38":0,"39":0,"40":0,"41":0,"42":0,"43":0,"44":0,"45":0,"46":0,"47":0,"48":0,"49":0,"50":0,"51":0,"52":0,"53":0,"54":1,"55":1,"56":1,"57":1,"58":1,"59":1,"60":1,"61":1,"62":0,"63":0,"64":0,"65":0,"66":0,"67":0,"68":0,"69":0,"70":0,"71":0,"72":0,"73":0,"74":1,"75":1,"76":0,"77":1,"78":1,"79":0,"80":0,"81":0,"82":0,"83":0,"84":0,"85":1,"86":1,"87":3,"88":1,"89":3,"90":0,"91":0,"92":0,"93":0,"94":0,"95":0,"96":0,"97":0,"98":0,"99":0,"100":0,"101":0,"102":0,"103":0,"104":0,"105":0,"106":0,"107":0,"108":0,"109":0,"110":0,"111":0,"112":0,"113":0,"114":0,"115":0,"116":0,"117":0,"118":0,"119":0,"120":0,"121":0,"122":0,"123":0,"124":0,"125":0,"126":0,"127":0,"128":0,"129":0,"130":0,"131":0,"132":0,"133":0,"134":0,"135":0,"136":0,"137":0,"138":0,"139":0,"140":0,"141":0,"142":0,"143":0,"144":0,"145":0,"146":0,"147":1,"148":1},"b":{"1":[1,1,1],"2":[0,0],"3":[0,0],"4":[0,0],"5":[1,1],"6":[0,0],"7":[0,0],"8":[0,0],"9":[0,0],"10":[0,0],"11":[1,2],"12":[0,0],"13":[0,0],"14":[0,0],"15":[0,0],"16":[0,0],"17":[0,0],"18":[0,0],"19":[0,0],"20":[0,0]},"f":{"1":0,"2":0,"3":0,"4":0,"5":0,"6":0,"7":1,"8":0,"9":0,"10":0,"11":0,"12":0,"13":0,"14":0,"15":0,"16":0,"17":0,"18":0,"19":0,"20":0,"21":0,"22":1,"23":0,"24":0,"25":0,"26":0,"27":0,"28":0,"29":0,"30":0,"31":0,"32":1,"33":3,"34":0,"35":0,"36":0,"37":0,"38":0,"39":0,"40":0,"41":0,"42":0,"43":0,"44":0,"45":0,"46":0,"47":0,"48":0,"49":0,"50":0,"51":0,"52":0,"53":0,"54":0,"55":0,"56":0,"57":0,"58":0,"59":0,"60":0,"61":0,"62":0},"fnMap":{"1":{"name":"(anonymous_1)","line":2,"loc":{"start":{"line":2,"column":44},"end":{"line":2,"column":89}}},"2":{"name":"(anonymous_2)","line":3,"loc":{"start":{"line":3,"column":36},"end":{"line":3,"column":63}}},"3":{"name":"fulfilled","line":4,"loc":{"start":{"line":4,"column":8},"end":{"line":4,"column":34}}},"4":{"name":"rejected","line":5,"loc":{"start":{"line":5,"column":8},"end":{"line":5,"column":33}}},"5":{"name":"step","line":6,"loc":{"start":{"line":6,"column":8},"end":{"line":6,"column":30}}},"6":{"name":"(anonymous_6)","line":6,"loc":{"start":{"line":6,"column":76},"end":{"line":6,"column":95}}},"7":{"name":"(anonymous_7)","line":20,"loc":{"start":{"line":20,"column":1},"end":{"line":20,"column":24}}},"8":{"name":"verbose","line":27,"loc":{"start":{"line":27,"column":0},"end":{"line":27,"column":43}}},"9":{"name":"(anonymous_9)","line":37,"loc":{"start":{"line":37,"column":24},"end":{"line":37,"column":43}}},"10":{"name":"(anonymous_10)","line":44,"loc":{"start":{"line":44,"column":24},"end":{"line":44,"column":31}}},"11":{"name":"(anonymous_11)","line":47,"loc":{"start":{"line":47,"column":24},"end":{"line":47,"column":27}}},"12":{"name":"(anonymous_12)","line":50,"loc":{"start":{"line":50,"column":28},"end":{"line":50,"column":35}}},"13":{"name":"(anonymous_13)","line":53,"loc":{"start":{"line":53,"column":27},"end":{"line":53,"column":34}}},"14":{"name":"(anonymous_14)","line":56,"loc":{"start":{"line":56,"column":31},"end":{"line":56,"column":38}}},"15":{"name":"(anonymous_15)","line":59,"loc":{"start":{"line":59,"column":30},"end":{"line":59,"column":37}}},"16":{"name":"(anonymous_16)","line":62,"loc":{"start":{"line":62,"column":20},"end":{"line":62,"column":27}}},"17":{"name":"(anonymous_17)","line":65,"loc":{"start":{"line":65,"column":23},"end":{"line":65,"column":30}}},"18":{"name":"(anonymous_18)","line":71,"loc":{"start":{"line":71,"column":26},"end":{"line":71,"column":33}}},"19":{"name":"(anonymous_19)","line":74,"loc":{"start":{"line":74,"column":26},"end":{"line":74,"column":29}}},"20":{"name":"(anonymous_20)","line":77,"loc":{"start":{"line":77,"column":35},"end":{"line":77,"column":52}}},"21":{"name":"(anonymous_21)","line":80,"loc":{"start":{"line":80,"column":23},"end":{"line":80,"column":34}}},"22":{"name":"(anonymous_22)","line":86,"loc":{"start":{"line":86,"column":15},"end":{"line":86,"column":118}}},"23":{"name":"(anonymous_23)","line":126,"loc":{"start":{"line":126,"column":16},"end":{"line":126,"column":19}}},"24":{"name":"(anonymous_24)","line":129,"loc":{"start":{"line":129,"column":15},"end":{"line":129,"column":18}}},"25":{"name":"(anonymous_25)","line":132,"loc":{"start":{"line":132,"column":13},"end":{"line":132,"column":16}}},"26":{"name":"(anonymous_26)","line":135,"loc":{"start":{"line":135,"column":20},"end":{"line":135,"column":23}}},"27":{"name":"(anonymous_27)","line":138,"loc":{"start":{"line":138,"column":11},"end":{"line":138,"column":14}}},"28":{"name":"(anonymous_28)","line":141,"loc":{"start":{"line":141,"column":15},"end":{"line":141,"column":18}}},"29":{"name":"(anonymous_29)","line":144,"loc":{"start":{"line":144,"column":13},"end":{"line":144,"column":16}}},"30":{"name":"getInstance","line":149,"loc":{"start":{"line":149,"column":0},"end":{"line":149,"column":23}}},"31":{"name":"compareNodes","line":153,"loc":{"start":{"line":153,"column":0},"end":{"line":153,"column":28}}},"32":{"name":"(anonymous_32)","line":164,"loc":{"start":{"line":164,"column":15},"end":{"line":164,"column":18}}},"33":{"name":"(anonymous_33)","line":168,"loc":{"start":{"line":168,"column":23},"end":{"line":168,"column":26}}},"34":{"name":"(anonymous_34)","line":175,"loc":{"start":{"line":175,"column":16},"end":{"line":175,"column":19}}},"35":{"name":"(anonymous_35)","line":176,"loc":{"start":{"line":176,"column":47},"end":{"line":176,"column":60}}},"36":{"name":"(anonymous_36)","line":183,"loc":{"start":{"line":183,"column":17},"end":{"line":183,"column":20}}},"37":{"name":"(anonymous_37)","line":184,"loc":{"start":{"line":184,"column":47},"end":{"line":184,"column":60}}},"38":{"name":"(anonymous_38)","line":203,"loc":{"start":{"line":203,"column":19},"end":{"line":203,"column":33}}},"39":{"name":"(anonymous_39)","line":206,"loc":{"start":{"line":206,"column":12},"end":{"line":206,"column":19}}},"40":{"name":"(anonymous_40)","line":209,"loc":{"start":{"line":209,"column":15},"end":{"line":209,"column":25}}},"41":{"name":"(anonymous_41)","line":212,"loc":{"start":{"line":212,"column":28},"end":{"line":212,"column":44}}},"42":{"name":"(anonymous_42)","line":215,"loc":{"start":{"line":215,"column":19},"end":{"line":215,"column":33}}},"43":{"name":"(anonymous_43)","line":218,"loc":{"start":{"line":218,"column":17},"end":{"line":218,"column":28}}},"44":{"name":"(anonymous_44)","line":221,"loc":{"start":{"line":221,"column":20},"end":{"line":221,"column":31}}},"45":{"name":"(anonymous_45)","line":224,"loc":{"start":{"line":224,"column":23},"end":{"line":224,"column":37}}},"46":{"name":"(anonymous_46)","line":227,"loc":{"start":{"line":227,"column":22},"end":{"line":227,"column":36}}},"47":{"name":"(anonymous_47)","line":230,"loc":{"start":{"line":230,"column":18},"end":{"line":230,"column":28}}},"48":{"name":"(anonymous_48)","line":233,"loc":{"start":{"line":233,"column":24},"end":{"line":233,"column":38}}},"49":{"name":"(anonymous_49)","line":236,"loc":{"start":{"line":236,"column":21},"end":{"line":236,"column":69}}},"50":{"name":"(anonymous_50)","line":237,"loc":{"start":{"line":237,"column":47},"end":{"line":237,"column":60}}},"51":{"name":"(anonymous_51)","line":248,"loc":{"start":{"line":248,"column":11},"end":{"line":248,"column":39}}},"52":{"name":"(anonymous_52)","line":249,"loc":{"start":{"line":249,"column":47},"end":{"line":249,"column":60}}},"53":{"name":"(anonymous_53)","line":251,"loc":{"start":{"line":251,"column":237},"end":{"line":251,"column":250}}},"54":{"name":"(anonymous_54)","line":254,"loc":{"start":{"line":254,"column":19},"end":{"line":254,"column":33}}},"55":{"name":"(anonymous_55)","line":260,"loc":{"start":{"line":260,"column":23},"end":{"line":260,"column":37}}},"56":{"name":"(anonymous_56)","line":263,"loc":{"start":{"line":263,"column":19},"end":{"line":263,"column":29}}},"57":{"name":"(anonymous_57)","line":266,"loc":{"start":{"line":266,"column":21},"end":{"line":266,"column":38}}},"58":{"name":"(anonymous_58)","line":269,"loc":{"start":{"line":269,"column":28},"end":{"line":269,"column":45}}},"59":{"name":"(anonymous_59)","line":272,"loc":{"start":{"line":272,"column":16},"end":{"line":272,"column":27}}},"60":{"name":"(anonymous_60)","line":275,"loc":{"start":{"line":275,"column":25},"end":{"line":275,"column":45}}},"61":{"name":"(anonymous_61)","line":276,"loc":{"start":{"line":276,"column":47},"end":{"line":276,"column":60}}},"62":{"name":"(anonymous_62)","line":282,"loc":{"start":{"line":282,"column":14},"end":{"line":282,"column":17}}}},"statementMap":{"1":{"start":{"line":2,"column":0},"end":{"line":9,"column":2}},"2":{"start":{"line":3,"column":4},"end":{"line":8,"column":7}},"3":{"start":{"line":4,"column":8},"end":{"line":4,"column":99}},"4":{"start":{"line":4,"column":36},"end":{"line":4,"column":97}},"5":{"start":{"line":4,"column":42},"end":{"line":4,"column":70}},"6":{"start":{"line":4,"column":85},"end":{"line":4,"column":95}},"7":{"start":{"line":5,"column":8},"end":{"line":5,"column":102}},"8":{"start":{"line":5,"column":35},"end":{"line":5,"column":100}},"9":{"start":{"line":5,"column":41},"end":{"line":5,"column":73}},"10":{"start":{"line":5,"column":88},"end":{"line":5,"column":98}},"11":{"start":{"line":6,"column":8},"end":{"line":6,"column":151}},"12":{"start":{"line":6,"column":32},"end":{"line":6,"column":149}},"13":{"start":{"line":6,"column":97},"end":{"line":6,"column":119}},"14":{"start":{"line":7,"column":8},"end":{"line":7,"column":78}},"15":{"start":{"line":10,"column":0},"end":{"line":10,"column":62}},"16":{"start":{"line":11,"column":0},"end":{"line":11,"column":37}},"17":{"start":{"line":12,"column":0},"end":{"line":12,"column":35}},"18":{"start":{"line":13,"column":0},"end":{"line":13,"column":52}},"19":{"start":{"line":14,"column":0},"end":{"line":14,"column":29}},"20":{"start":{"line":15,"column":0},"end":{"line":15,"column":35}},"21":{"start":{"line":16,"column":0},"end":{"line":16,"column":40}},"22":{"start":{"line":17,"column":0},"end":{"line":17,"column":66}},"23":{"start":{"line":18,"column":0},"end":{"line":18,"column":36}},"24":{"start":{"line":19,"column":0},"end":{"line":19,"column":16}},"25":{"start":{"line":20,"column":0},"end":{"line":26,"column":68}},"26":{"start":{"line":21,"column":4},"end":{"line":21,"column":33}},"27":{"start":{"line":22,"column":4},"end":{"line":22,"column":39}},"28":{"start":{"line":23,"column":4},"end":{"line":23,"column":41}},"29":{"start":{"line":24,"column":4},"end":{"line":24,"column":47}},"30":{"start":{"line":25,"column":4},"end":{"line":25,"column":47}},"31":{"start":{"line":27,"column":0},"end":{"line":42,"column":1}},"32":{"start":{"line":28,"column":4},"end":{"line":28,"column":14}},"33":{"start":{"line":29,"column":4},"end":{"line":29,"column":11}},"34":{"start":{"line":30,"column":4},"end":{"line":36,"column":5}},"35":{"start":{"line":31,"column":8},"end":{"line":31,"column":24}},"36":{"start":{"line":32,"column":8},"end":{"line":32,"column":30}},"37":{"start":{"line":35,"column":8},"end":{"line":35,"column":41}},"38":{"start":{"line":37,"column":4},"end":{"line":41,"column":6}},"39":{"start":{"line":38,"column":8},"end":{"line":38,"column":100}},"40":{"start":{"line":39,"column":8},"end":{"line":39,"column":45}},"41":{"start":{"line":40,"column":8},"end":{"line":40,"column":51}},"42":{"start":{"line":45,"column":8},"end":{"line":45,"column":44}},"43":{"start":{"line":48,"column":8},"end":{"line":48,"column":35}},"44":{"start":{"line":51,"column":8},"end":{"line":51,"column":39}},"45":{"start":{"line":54,"column":8},"end":{"line":54,"column":38}},"46":{"start":{"line":57,"column":8},"end":{"line":57,"column":50}},"47":{"start":{"line":60,"column":8},"end":{"line":60,"column":46}},"48":{"start":{"line":63,"column":8},"end":{"line":63,"column":39}},"49":{"start":{"line":66,"column":8},"end":{"line":66,"column":42}},"50":{"start":{"line":72,"column":8},"end":{"line":72,"column":42}},"51":{"start":{"line":75,"column":8},"end":{"line":75,"column":29}},"52":{"start":{"line":78,"column":8},"end":{"line":78,"column":41}},"53":{"start":{"line":81,"column":8},"end":{"line":81,"column":26}},"54":{"start":{"line":84,"column":0},"end":{"line":84,"column":26}},"55":{"start":{"line":87,"column":8},"end":{"line":87,"column":29}},"56":{"start":{"line":88,"column":8},"end":{"line":88,"column":25}},"57":{"start":{"line":89,"column":8},"end":{"line":89,"column":31}},"58":{"start":{"line":90,"column":8},"end":{"line":90,"column":23}},"59":{"start":{"line":91,"column":8},"end":{"line":91,"column":49}},"60":{"start":{"line":92,"column":8},"end":{"line":92,"column":33}},"61":{"start":{"line":93,"column":8},"end":{"line":124,"column":10}},"62":{"start":{"line":98,"column":35},"end":{"line":98,"column":58}},"63":{"start":{"line":104,"column":35},"end":{"line":104,"column":65}},"64":{"start":{"line":110,"column":35},"end":{"line":110,"column":58}},"65":{"start":{"line":116,"column":35},"end":{"line":116,"column":61}},"66":{"start":{"line":122,"column":35},"end":{"line":122,"column":65}},"67":{"start":{"line":127,"column":8},"end":{"line":127,"column":106}},"68":{"start":{"line":130,"column":8},"end":{"line":130,"column":69}},"69":{"start":{"line":133,"column":8},"end":{"line":133,"column":25}},"70":{"start":{"line":136,"column":8},"end":{"line":136,"column":58}},"71":{"start":{"line":139,"column":8},"end":{"line":139,"column":25}},"72":{"start":{"line":142,"column":8},"end":{"line":142,"column":61}},"73":{"start":{"line":145,"column":8},"end":{"line":145,"column":27}},"74":{"start":{"line":148,"column":0},"end":{"line":148,"column":40}},"75":{"start":{"line":149,"column":0},"end":{"line":151,"column":1}},"76":{"start":{"line":150,"column":4},"end":{"line":150,"column":28}},"77":{"start":{"line":152,"column":0},"end":{"line":152,"column":34}},"78":{"start":{"line":153,"column":0},"end":{"line":162,"column":1}},"79":{"start":{"line":154,"column":4},"end":{"line":156,"column":5}},"80":{"start":{"line":155,"column":8},"end":{"line":155,"column":18}},"81":{"start":{"line":157,"column":4},"end":{"line":159,"column":5}},"82":{"start":{"line":158,"column":8},"end":{"line":158,"column":17}},"83":{"start":{"line":160,"column":4},"end":{"line":160,"column":59}},"84":{"start":{"line":161,"column":4},"end":{"line":161,"column":50}},"85":{"start":{"line":165,"column":8},"end":{"line":165,"column":80}},"86":{"start":{"line":166,"column":8},"end":{"line":166,"column":31}},"87":{"start":{"line":169,"column":8},"end":{"line":171,"column":9}},"88":{"start":{"line":170,"column":12},"end":{"line":170,"column":45}},"89":{"start":{"line":172,"column":8},"end":{"line":172,"column":32}},"90":{"start":{"line":176,"column":8},"end":{"line":181,"column":11}},"91":{"start":{"line":177,"column":12},"end":{"line":179,"column":13}},"92":{"start":{"line":178,"column":16},"end":{"line":178,"column":70}},"93":{"start":{"line":180,"column":12},"end":{"line":180,"column":45}},"94":{"start":{"line":184,"column":8},"end":{"line":201,"column":11}},"95":{"start":{"line":185,"column":12},"end":{"line":185,"column":26}},"96":{"start":{"line":186,"column":12},"end":{"line":186,"column":93}},"97":{"start":{"line":187,"column":12},"end":{"line":190,"column":13}},"98":{"start":{"line":188,"column":16},"end":{"line":188,"column":36}},"99":{"start":{"line":189,"column":16},"end":{"line":189,"column":149}},"100":{"start":{"line":191,"column":12},"end":{"line":196,"column":13}},"101":{"start":{"line":192,"column":16},"end":{"line":192,"column":55}},"102":{"start":{"line":197,"column":12},"end":{"line":197,"column":69}},"103":{"start":{"line":197,"column":48},"end":{"line":197,"column":67}},"104":{"start":{"line":198,"column":12},"end":{"line":198,"column":48}},"105":{"start":{"line":199,"column":12},"end":{"line":199,"column":142}},"106":{"start":{"line":200,"column":12},"end":{"line":200,"column":152}},"107":{"start":{"line":200,"column":44},"end":{"line":200,"column":131}},"108":{"start":{"line":204,"column":8},"end":{"line":204,"column":51}},"109":{"start":{"line":207,"column":8},"end":{"line":207,"column":51}},"110":{"start":{"line":210,"column":8},"end":{"line":210,"column":51}},"111":{"start":{"line":213,"column":8},"end":{"line":213,"column":51}},"112":{"start":{"line":216,"column":8},"end":{"line":216,"column":51}},"113":{"start":{"line":219,"column":8},"end":{"line":219,"column":51}},"114":{"start":{"line":222,"column":8},"end":{"line":222,"column":51}},"115":{"start":{"line":225,"column":8},"end":{"line":225,"column":51}},"116":{"start":{"line":228,"column":8},"end":{"line":228,"column":51}},"117":{"start":{"line":231,"column":8},"end":{"line":231,"column":51}},"118":{"start":{"line":234,"column":8},"end":{"line":234,"column":51}},"119":{"start":{"line":237,"column":8},"end":{"line":246,"column":11}},"120":{"start":{"line":238,"column":12},"end":{"line":238,"column":46}},"121":{"start":{"line":239,"column":12},"end":{"line":239,"column":76}},"122":{"start":{"line":240,"column":12},"end":{"line":242,"column":13}},"123":{"start":{"line":241,"column":16},"end":{"line":241,"column":58}},"124":{"start":{"line":243,"column":12},"end":{"line":243,"column":94}},"125":{"start":{"line":244,"column":12},"end":{"line":244,"column":45}},"126":{"start":{"line":245,"column":12},"end":{"line":245,"column":28}},"127":{"start":{"line":249,"column":8},"end":{"line":252,"column":11}},"128":{"start":{"line":250,"column":12},"end":{"line":250,"column":78}},"129":{"start":{"line":251,"column":12},"end":{"line":251,"column":427}},"130":{"start":{"line":251,"column":205},"end":{"line":251,"column":323}},"131":{"start":{"line":251,"column":252},"end":{"line":251,"column":320}},"132":{"start":{"line":251,"column":340},"end":{"line":251,"column":425}},"133":{"start":{"line":255,"column":8},"end":{"line":255,"column":48}},"134":{"start":{"line":256,"column":8},"end":{"line":256,"column":47}},"135":{"start":{"line":257,"column":8},"end":{"line":257,"column":71}},"136":{"start":{"line":258,"column":8},"end":{"line":258,"column":20}},"137":{"start":{"line":261,"column":8},"end":{"line":261,"column":51}},"138":{"start":{"line":264,"column":8},"end":{"line":264,"column":51}},"139":{"start":{"line":267,"column":8},"end":{"line":267,"column":51}},"140":{"start":{"line":270,"column":8},"end":{"line":270,"column":51}},"141":{"start":{"line":273,"column":8},"end":{"line":273,"column":51}},"142":{"start":{"line":276,"column":8},"end":{"line":280,"column":11}},"143":{"start":{"line":277,"column":12},"end":{"line":277,"column":89}},"144":{"start":{"line":278,"column":12},"end":{"line":278,"column":104}},"145":{"start":{"line":279,"column":12},"end":{"line":279,"column":191}},"146":{"start":{"line":283,"column":8},"end":{"line":283,"column":27}},"147":{"start":{"line":286,"column":0},"end":{"line":286,"column":44}},"148":{"start":{"line":287,"column":0},"end":{"line":287,"column":26}}},"branchMap":{"1":{"line":2,"type":"binary-expr","locations":[{"start":{"line":2,"column":17},"end":{"line":2,"column":21}},{"start":{"line":2,"column":25},"end":{"line":2,"column":39}},{"start":{"line":2,"column":44},"end":{"line":9,"column":1}}]},"2":{"line":3,"type":"binary-expr","locations":[{"start":{"line":3,"column":16},"end":{"line":3,"column":17}},{"start":{"line":3,"column":22},"end":{"line":3,"column":33}}]},"3":{"line":6,"type":"cond-expr","locations":[{"start":{"line":6,"column":46},"end":{"line":6,"column":67}},{"start":{"line":6,"column":70},"end":{"line":6,"column":148}}]},"4":{"line":7,"type":"binary-expr","locations":[{"start":{"line":7,"column":51},"end":{"line":7,"column":61}},{"start":{"line":7,"column":65},"end":{"line":7,"column":67}}]},"5":{"line":26,"type":"binary-expr","locations":[{"start":{"line":26,"column":17},"end":{"line":26,"column":36}},{"start":{"line":26,"column":41},"end":{"line":26,"column":65}}]},"6":{"line":30,"type":"if","locations":[{"start":{"line":30,"column":4},"end":{"line":30,"column":4}},{"start":{"line":30,"column":4},"end":{"line":30,"column":4}}]},"7":{"line":40,"type":"cond-expr","locations":[{"start":{"line":40,"column":34},"end":{"line":40,"column":44}},{"start":{"line":40,"column":47},"end":{"line":40,"column":49}}]},"8":{"line":154,"type":"if","locations":[{"start":{"line":154,"column":4},"end":{"line":154,"column":4}},{"start":{"line":154,"column":4},"end":{"line":154,"column":4}}]},"9":{"line":157,"type":"if","locations":[{"start":{"line":157,"column":4},"end":{"line":157,"column":4}},{"start":{"line":157,"column":4},"end":{"line":157,"column":4}}]},"10":{"line":161,"type":"cond-expr","locations":[{"start":{"line":161,"column":15},"end":{"line":161,"column":16}},{"start":{"line":161,"column":19},"end":{"line":161,"column":49}}]},"11":{"line":169,"type":"if","locations":[{"start":{"line":169,"column":8},"end":{"line":169,"column":8}},{"start":{"line":169,"column":8},"end":{"line":169,"column":8}}]},"12":{"line":177,"type":"if","locations":[{"start":{"line":177,"column":12},"end":{"line":177,"column":12}},{"start":{"line":177,"column":12},"end":{"line":177,"column":12}}]},"13":{"line":187,"type":"if","locations":[{"start":{"line":187,"column":12},"end":{"line":187,"column":12}},{"start":{"line":187,"column":12},"end":{"line":187,"column":12}}]},"14":{"line":199,"type":"cond-expr","locations":[{"start":{"line":199,"column":53},"end":{"line":199,"column":95}},{"start":{"line":199,"column":98},"end":{"line":199,"column":141}}]},"15":{"line":240,"type":"if","locations":[{"start":{"line":240,"column":12},"end":{"line":240,"column":12}},{"start":{"line":240,"column":12},"end":{"line":240,"column":12}}]},"16":{"line":251,"type":"cond-expr","locations":[{"start":{"line":251,"column":54},"end":{"line":251,"column":156}},{"start":{"line":251,"column":159},"end":{"line":251,"column":166}}]},"17":{"line":251,"type":"cond-expr","locations":[{"start":{"line":251,"column":174},"end":{"line":251,"column":181}},{"start":{"line":251,"column":184},"end":{"line":251,"column":186}}]},"18":{"line":251,"type":"cond-expr","locations":[{"start":{"line":251,"column":282},"end":{"line":251,"column":310}},{"start":{"line":251,"column":313},"end":{"line":251,"column":319}}]},"19":{"line":251,"type":"binary-expr","locations":[{"start":{"line":251,"column":259},"end":{"line":251,"column":271}},{"start":{"line":251,"column":275},"end":{"line":251,"column":279}}]},"20":{"line":251,"type":"cond-expr","locations":[{"start":{"line":251,"column":347},"end":{"line":251,"column":366}},{"start":{"line":251,"column":369},"end":{"line":251,"column":425}}]}}},"/home/ltulloch/src/vscode-tekton/out/src/util/windowUtils.js":{"path":"/home/ltulloch/src/vscode-tekton/out/src/util/windowUtils.js","s":{"1":1,"2":1,"3":1,"4":0,"5":0,"6":0,"7":0,"8":0,"9":0,"10":0,"11":1},"b":{"1":[0,0],"2":[0,0],"3":[0,0,0],"4":[0,0]},"f":{"1":0},"fnMap":{"1":{"name":"(anonymous_1)","line":10,"loc":{"start":{"line":10,"column":25},"end":{"line":10,"column":70}}}},"statementMap":{"1":{"start":{"line":6,"column":0},"end":{"line":6,"column":62}},"2":{"start":{"line":7,"column":0},"end":{"line":7,"column":35}},"3":{"start":{"line":8,"column":0},"end":{"line":8,"column":29}},"4":{"start":{"line":11,"column":8},"end":{"line":11,"column":28}},"5":{"start":{"line":12,"column":8},"end":{"line":12,"column":37}},"6":{"start":{"line":13,"column":8},"end":{"line":13,"column":67}},"7":{"start":{"line":14,"column":8},"end":{"line":16,"column":9}},"8":{"start":{"line":15,"column":12},"end":{"line":15,"column":74}},"9":{"start":{"line":17,"column":8},"end":{"line":22,"column":10}},"10":{"start":{"line":23,"column":8},"end":{"line":23,"column":55}},"11":{"start":{"line":26,"column":0},"end":{"line":26,"column":32}}},"branchMap":{"1":{"line":13,"type":"cond-expr","locations":[{"start":{"line":13,"column":51},"end":{"line":13,"column":57}},{"start":{"line":13,"column":60},"end":{"line":13,"column":66}}]},"2":{"line":14,"type":"if","locations":[{"start":{"line":14,"column":8},"end":{"line":14,"column":8}},{"start":{"line":14,"column":8},"end":{"line":14,"column":8}}]},"3":{"line":14,"type":"binary-expr","locations":[{"start":{"line":14,"column":12},"end":{"line":14,"column":24}},{"start":{"line":14,"column":28},"end":{"line":14,"column":36}},{"start":{"line":14,"column":40},"end":{"line":14,"column":72}}]},"4":{"line":21,"type":"cond-expr","locations":[{"start":{"line":21,"column":54},"end":{"line":21,"column":63}},{"start":{"line":21,"column":66},"end":{"line":21,"column":77}}]}}},"/home/ltulloch/src/vscode-tekton/out/src/tools.js":{"path":"/home/ltulloch/src/vscode-tekton/out/src/tools.js","s":{"1":1,"2":0,"3":1,"4":0,"5":0,"6":0,"7":1,"8":0,"9":0,"10":0,"11":1,"12":0,"13":0,"14":0,"15":1,"16":1,"17":1,"18":1,"19":1,"20":1,"21":1,"22":1,"23":1,"24":1,"25":1,"26":1,"27":1,"28":1,"29":1,"30":1,"31":0,"32":0,"33":0,"34":1,"35":0,"36":0,"37":0,"38":0,"39":0,"40":0,"41":0,"42":0,"43":0,"44":0,"45":0,"46":0,"47":0,"48":0,"49":0,"50":0,"51":0,"52":0,"53":0,"54":0,"55":0,"56":0,"57":0,"58":0,"59":0,"60":0,"61":0,"62":0,"63":0,"64":0,"65":0,"66":0,"67":0,"68":0,"69":0,"70":0,"71":0,"72":0,"73":0,"74":0,"75":0,"76":0,"77":0,"78":0,"79":0,"80":0,"81":0,"82":0,"83":0,"84":0,"85":0,"86":0,"87":0,"88":0,"89":1,"90":1},"b":{"1":[1,1,1],"2":[0,0],"3":[0,0],"4":[0,0],"5":[0,1],"6":[0,0],"7":[0,0],"8":[0,0],"9":[0,0],"10":[0,0],"11":[0,0],"12":[0,0],"13":[0,0],"14":[0,0],"15":[0,0],"16":[0,0],"17":[0,0],"18":[0,0],"19":[0,0],"20":[0,0]},"f":{"1":0,"2":0,"3":0,"4":0,"5":0,"6":0,"7":1,"8":0,"9":0,"10":0,"11":0,"12":0,"13":0,"14":0},"fnMap":{"1":{"name":"(anonymous_1)","line":6,"loc":{"start":{"line":6,"column":44},"end":{"line":6,"column":89}}},"2":{"name":"(anonymous_2)","line":7,"loc":{"start":{"line":7,"column":36},"end":{"line":7,"column":63}}},"3":{"name":"fulfilled","line":8,"loc":{"start":{"line":8,"column":8},"end":{"line":8,"column":34}}},"4":{"name":"rejected","line":9,"loc":{"start":{"line":9,"column":8},"end":{"line":9,"column":33}}},"5":{"name":"step","line":10,"loc":{"start":{"line":10,"column":8},"end":{"line":10,"column":30}}},"6":{"name":"(anonymous_6)","line":10,"loc":{"start":{"line":10,"column":76},"end":{"line":10,"column":95}}},"7":{"name":"(anonymous_7)","line":29,"loc":{"start":{"line":29,"column":23},"end":{"line":29,"column":48}}},"8":{"name":"(anonymous_8)","line":39,"loc":{"start":{"line":39,"column":29},"end":{"line":39,"column":32}}},"9":{"name":"(anonymous_9)","line":42,"loc":{"start":{"line":42,"column":27},"end":{"line":42,"column":30}}},"10":{"name":"(anonymous_10)","line":43,"loc":{"start":{"line":43,"column":47},"end":{"line":43,"column":60}}},"11":{"name":"(anonymous_11)","line":93,"loc":{"start":{"line":93,"column":21},"end":{"line":93,"column":65}}},"12":{"name":"(anonymous_12)","line":94,"loc":{"start":{"line":94,"column":47},"end":{"line":94,"column":60}}},"13":{"name":"(anonymous_13)","line":111,"loc":{"start":{"line":111,"column":21},"end":{"line":111,"column":47}}},"14":{"name":"(anonymous_14)","line":112,"loc":{"start":{"line":112,"column":47},"end":{"line":112,"column":60}}}},"statementMap":{"1":{"start":{"line":6,"column":0},"end":{"line":13,"column":2}},"2":{"start":{"line":7,"column":4},"end":{"line":12,"column":7}},"3":{"start":{"line":8,"column":8},"end":{"line":8,"column":99}},"4":{"start":{"line":8,"column":36},"end":{"line":8,"column":97}},"5":{"start":{"line":8,"column":42},"end":{"line":8,"column":70}},"6":{"start":{"line":8,"column":85},"end":{"line":8,"column":95}},"7":{"start":{"line":9,"column":8},"end":{"line":9,"column":102}},"8":{"start":{"line":9,"column":35},"end":{"line":9,"column":100}},"9":{"start":{"line":9,"column":41},"end":{"line":9,"column":73}},"10":{"start":{"line":9,"column":88},"end":{"line":9,"column":98}},"11":{"start":{"line":10,"column":8},"end":{"line":10,"column":151}},"12":{"start":{"line":10,"column":32},"end":{"line":10,"column":149}},"13":{"start":{"line":10,"column":97},"end":{"line":10,"column":119}},"14":{"start":{"line":11,"column":8},"end":{"line":11,"column":78}},"15":{"start":{"line":14,"column":0},"end":{"line":14,"column":62}},"16":{"start":{"line":15,"column":0},"end":{"line":15,"column":46}},"17":{"start":{"line":16,"column":0},"end":{"line":16,"column":44}},"18":{"start":{"line":17,"column":0},"end":{"line":17,"column":37}},"19":{"start":{"line":18,"column":0},"end":{"line":18,"column":46}},"20":{"start":{"line":19,"column":0},"end":{"line":19,"column":31}},"21":{"start":{"line":20,"column":0},"end":{"line":20,"column":29}},"22":{"start":{"line":21,"column":0},"end":{"line":21,"column":33}},"23":{"start":{"line":22,"column":0},"end":{"line":22,"column":29}},"24":{"start":{"line":23,"column":0},"end":{"line":23,"column":33}},"25":{"start":{"line":24,"column":0},"end":{"line":24,"column":25}},"26":{"start":{"line":25,"column":0},"end":{"line":25,"column":31}},"27":{"start":{"line":26,"column":0},"end":{"line":26,"column":33}},"28":{"start":{"line":27,"column":0},"end":{"line":27,"column":43}},"29":{"start":{"line":30,"column":8},"end":{"line":30,"column":62}},"30":{"start":{"line":31,"column":8},"end":{"line":36,"column":9}},"31":{"start":{"line":32,"column":12},"end":{"line":35,"column":13}},"32":{"start":{"line":33,"column":16},"end":{"line":33,"column":61}},"33":{"start":{"line":34,"column":16},"end":{"line":34,"column":37}},"34":{"start":{"line":37,"column":8},"end":{"line":37,"column":20}},"35":{"start":{"line":40,"column":8},"end":{"line":40,"column":89}},"36":{"start":{"line":43,"column":8},"end":{"line":91,"column":11}},"37":{"start":{"line":44,"column":12},"end":{"line":44,"column":65}},"38":{"start":{"line":45,"column":12},"end":{"line":89,"column":13}},"39":{"start":{"line":46,"column":16},"end":{"line":46,"column":143}},"40":{"start":{"line":47,"column":16},"end":{"line":47,"column":61}},"41":{"start":{"line":48,"column":16},"end":{"line":48,"column":103}},"42":{"start":{"line":49,"column":16},"end":{"line":49,"column":114}},"43":{"start":{"line":50,"column":16},"end":{"line":85,"column":17}},"44":{"start":{"line":52,"column":20},"end":{"line":52,"column":146}},"45":{"start":{"line":53,"column":20},"end":{"line":53,"column":103}},"46":{"start":{"line":54,"column":20},"end":{"line":54,"column":216}},"47":{"start":{"line":55,"column":20},"end":{"line":55,"column":106}},"48":{"start":{"line":56,"column":20},"end":{"line":84,"column":21}},"49":{"start":{"line":57,"column":24},"end":{"line":57,"column":35}},"50":{"start":{"line":58,"column":24},"end":{"line":72,"column":62}},"51":{"start":{"line":59,"column":28},"end":{"line":59,"column":47}},"52":{"start":{"line":60,"column":28},"end":{"line":66,"column":31}},"53":{"start":{"line":65,"column":32},"end":{"line":65,"column":208}},"54":{"start":{"line":65,"column":149},"end":{"line":65,"column":206}},"55":{"start":{"line":67,"column":28},"end":{"line":67,"column":108}},"56":{"start":{"line":68,"column":28},"end":{"line":71,"column":29}},"57":{"start":{"line":69,"column":32},"end":{"line":69,"column":64}},"58":{"start":{"line":70,"column":32},"end":{"line":70,"column":232}},"59":{"start":{"line":73,"column":24},"end":{"line":80,"column":25}},"60":{"start":{"line":74,"column":28},"end":{"line":74,"column":178}},"61":{"start":{"line":75,"column":28},"end":{"line":75,"column":60}},"62":{"start":{"line":76,"column":28},"end":{"line":78,"column":29}},"63":{"start":{"line":77,"column":32},"end":{"line":77,"column":71}},"64":{"start":{"line":79,"column":28},"end":{"line":79,"column":61}},"65":{"start":{"line":82,"column":25},"end":{"line":84,"column":21}},"66":{"start":{"line":83,"column":24},"end":{"line":83,"column":95}},"67":{"start":{"line":86,"column":16},"end":{"line":88,"column":17}},"68":{"start":{"line":87,"column":20},"end":{"line":87,"column":69}},"69":{"start":{"line":90,"column":12},"end":{"line":90,"column":32}},"70":{"start":{"line":94,"column":8},"end":{"line":109,"column":11}},"71":{"start":{"line":95,"column":12},"end":{"line":95,"column":32}},"72":{"start":{"line":96,"column":12},"end":{"line":107,"column":13}},"73":{"start":{"line":97,"column":16},"end":{"line":97,"column":197}},"74":{"start":{"line":98,"column":16},"end":{"line":98,"column":94}},"75":{"start":{"line":99,"column":16},"end":{"line":106,"column":17}},"76":{"start":{"line":100,"column":20},"end":{"line":102,"column":62}},"77":{"start":{"line":101,"column":24},"end":{"line":101,"column":52}},"78":{"start":{"line":102,"column":38},"end":{"line":102,"column":60}},"79":{"start":{"line":103,"column":20},"end":{"line":105,"column":21}},"80":{"start":{"line":104,"column":24},"end":{"line":104,"column":57}},"81":{"start":{"line":108,"column":12},"end":{"line":108,"column":35}},"82":{"start":{"line":112,"column":8},"end":{"line":121,"column":11}},"83":{"start":{"line":113,"column":12},"end":{"line":113,"column":23}},"84":{"start":{"line":114,"column":12},"end":{"line":119,"column":13}},"85":{"start":{"line":115,"column":16},"end":{"line":118,"column":17}},"86":{"start":{"line":116,"column":20},"end":{"line":116,"column":38}},"87":{"start":{"line":117,"column":20},"end":{"line":117,"column":26}},"88":{"start":{"line":120,"column":12},"end":{"line":120,"column":26}},"89":{"start":{"line":124,"column":0},"end":{"line":124,"column":81}},"90":{"start":{"line":125,"column":0},"end":{"line":125,"column":34}}},"branchMap":{"1":{"line":6,"type":"binary-expr","locations":[{"start":{"line":6,"column":17},"end":{"line":6,"column":21}},{"start":{"line":6,"column":25},"end":{"line":6,"column":39}},{"start":{"line":6,"column":44},"end":{"line":13,"column":1}}]},"2":{"line":7,"type":"binary-expr","locations":[{"start":{"line":7,"column":16},"end":{"line":7,"column":17}},{"start":{"line":7,"column":22},"end":{"line":7,"column":33}}]},"3":{"line":10,"type":"cond-expr","locations":[{"start":{"line":10,"column":46},"end":{"line":10,"column":67}},{"start":{"line":10,"column":70},"end":{"line":10,"column":148}}]},"4":{"line":11,"type":"binary-expr","locations":[{"start":{"line":11,"column":51},"end":{"line":11,"column":61}},{"start":{"line":11,"column":65},"end":{"line":11,"column":67}}]},"5":{"line":31,"type":"if","locations":[{"start":{"line":31,"column":8},"end":{"line":31,"column":8}},{"start":{"line":31,"column":8},"end":{"line":31,"column":8}}]},"6":{"line":32,"type":"if","locations":[{"start":{"line":32,"column":12},"end":{"line":32,"column":12}},{"start":{"line":32,"column":12},"end":{"line":32,"column":12}}]},"7":{"line":45,"type":"if","locations":[{"start":{"line":45,"column":12},"end":{"line":45,"column":12}},{"start":{"line":45,"column":12},"end":{"line":45,"column":12}}]},"8":{"line":48,"type":"cond-expr","locations":[{"start":{"line":48,"column":55},"end":{"line":48,"column":75}},{"start":{"line":48,"column":78},"end":{"line":48,"column":82}}]},"9":{"line":50,"type":"if","locations":[{"start":{"line":50,"column":16},"end":{"line":50,"column":16}},{"start":{"line":50,"column":16},"end":{"line":50,"column":16}}]},"10":{"line":56,"type":"if","locations":[{"start":{"line":56,"column":20},"end":{"line":56,"column":20}},{"start":{"line":56,"column":20},"end":{"line":56,"column":20}}]},"11":{"line":68,"type":"if","locations":[{"start":{"line":68,"column":28},"end":{"line":68,"column":28}},{"start":{"line":68,"column":28},"end":{"line":68,"column":28}}]},"12":{"line":73,"type":"if","locations":[{"start":{"line":73,"column":24},"end":{"line":73,"column":24}},{"start":{"line":73,"column":24},"end":{"line":73,"column":24}}]},"13":{"line":76,"type":"if","locations":[{"start":{"line":76,"column":28},"end":{"line":76,"column":28}},{"start":{"line":76,"column":28},"end":{"line":76,"column":28}}]},"14":{"line":82,"type":"if","locations":[{"start":{"line":82,"column":25},"end":{"line":82,"column":25}},{"start":{"line":82,"column":25},"end":{"line":82,"column":25}}]},"15":{"line":86,"type":"if","locations":[{"start":{"line":86,"column":16},"end":{"line":86,"column":16}},{"start":{"line":86,"column":16},"end":{"line":86,"column":16}}]},"16":{"line":96,"type":"if","locations":[{"start":{"line":96,"column":12},"end":{"line":96,"column":12}},{"start":{"line":96,"column":12},"end":{"line":96,"column":12}}]},"17":{"line":99,"type":"if","locations":[{"start":{"line":99,"column":16},"end":{"line":99,"column":16}},{"start":{"line":99,"column":16},"end":{"line":99,"column":16}}]},"18":{"line":103,"type":"if","locations":[{"start":{"line":103,"column":20},"end":{"line":103,"column":20}},{"start":{"line":103,"column":20},"end":{"line":103,"column":20}}]},"19":{"line":115,"type":"if","locations":[{"start":{"line":115,"column":16},"end":{"line":115,"column":16}},{"start":{"line":115,"column":16},"end":{"line":115,"column":16}}]},"20":{"line":115,"type":"binary-expr","locations":[{"start":{"line":115,"column":20},"end":{"line":115,"column":28}},{"start":{"line":115,"column":32},"end":{"line":115,"column":102}}]}}},"/home/ltulloch/src/vscode-tekton/out/src/util/platform.js":{"path":"/home/ltulloch/src/vscode-tekton/out/src/util/platform.js","s":{"1":1,"2":0,"3":0,"4":0,"5":1,"6":1,"7":0,"8":0,"9":0,"10":0,"11":0,"12":1},"b":{"1":[0,0],"2":[0,0]},"f":{"1":0,"2":1,"3":1,"4":0,"5":0,"6":0},"fnMap":{"1":{"name":"(anonymous_1)","line":8,"loc":{"start":{"line":8,"column":19},"end":{"line":8,"column":25}}},"2":{"name":"(anonymous_2)","line":14,"loc":{"start":{"line":14,"column":16},"end":{"line":14,"column":19}}},"3":{"name":"(anonymous_3)","line":17,"loc":{"start":{"line":17,"column":17},"end":{"line":17,"column":20}}},"4":{"name":"(anonymous_4)","line":20,"loc":{"start":{"line":20,"column":18},"end":{"line":20,"column":21}}},"5":{"name":"(anonymous_5)","line":23,"loc":{"start":{"line":23,"column":17},"end":{"line":23,"column":20}}},"6":{"name":"(anonymous_6)","line":26,"loc":{"start":{"line":26,"column":26},"end":{"line":26,"column":29}}}},"statementMap":{"1":{"start":{"line":6,"column":0},"end":{"line":6,"column":62}},"2":{"start":{"line":9,"column":8},"end":{"line":11,"column":9}},"3":{"start":{"line":10,"column":12},"end":{"line":10,"column":38}},"4":{"start":{"line":12,"column":8},"end":{"line":12,"column":61}},"5":{"start":{"line":15,"column":8},"end":{"line":15,"column":32}},"6":{"start":{"line":18,"column":8},"end":{"line":18,"column":32}},"7":{"start":{"line":21,"column":8},"end":{"line":21,"column":33}},"8":{"start":{"line":24,"column":8},"end":{"line":24,"column":27}},"9":{"start":{"line":27,"column":8},"end":{"line":30,"column":11}},"10":{"start":{"line":28,"column":25},"end":{"line":28,"column":49}},"11":{"start":{"line":29,"column":27},"end":{"line":29,"column":44}},"12":{"start":{"line":33,"column":0},"end":{"line":33,"column":28}}},"branchMap":{"1":{"line":9,"type":"if","locations":[{"start":{"line":9,"column":8},"end":{"line":9,"column":8}},{"start":{"line":9,"column":8},"end":{"line":9,"column":8}}]},"2":{"line":12,"type":"cond-expr","locations":[{"start":{"line":12,"column":32},"end":{"line":12,"column":48}},{"start":{"line":12,"column":51},"end":{"line":12,"column":60}}]}}},"/home/ltulloch/src/vscode-tekton/out/src/util/archive.js":{"path":"/home/ltulloch/src/vscode-tekton/out/src/util/archive.js","s":{"1":1,"2":1,"3":0,"4":0,"5":0,"6":0,"7":0,"8":0,"9":0,"10":1},"b":{"1":[0,0],"2":[0,0],"3":[0,0],"4":[0,0]},"f":{"1":0},"fnMap":{"1":{"name":"(anonymous_1)","line":9,"loc":{"start":{"line":9,"column":16},"end":{"line":9,"column":45}}}},"statementMap":{"1":{"start":{"line":6,"column":0},"end":{"line":6,"column":62}},"2":{"start":{"line":7,"column":0},"end":{"line":7,"column":31}},"3":{"start":{"line":10,"column":8},"end":{"line":28,"column":11}},"4":{"start":{"line":11,"column":12},"end":{"line":27,"column":13}},"5":{"start":{"line":12,"column":16},"end":{"line":23,"column":19}},"6":{"start":{"line":17,"column":28},"end":{"line":17,"column":131}},"7":{"start":{"line":18,"column":28},"end":{"line":18,"column":42}},"8":{"start":{"line":22,"column":20},"end":{"line":22,"column":50}},"9":{"start":{"line":26,"column":16},"end":{"line":26,"column":65}},"10":{"start":{"line":31,"column":0},"end":{"line":31,"column":26}}},"branchMap":{"1":{"line":11,"type":"if","locations":[{"start":{"line":11,"column":12},"end":{"line":11,"column":12}},{"start":{"line":11,"column":12},"end":{"line":11,"column":12}}]},"2":{"line":17,"type":"cond-expr","locations":[{"start":{"line":17,"column":71},"end":{"line":17,"column":121}},{"start":{"line":17,"column":124},"end":{"line":17,"column":130}}]},"3":{"line":17,"type":"binary-expr","locations":[{"start":{"line":17,"column":28},"end":{"line":17,"column":34}},{"start":{"line":17,"column":38},"end":{"line":17,"column":68}}]},"4":{"line":22,"type":"cond-expr","locations":[{"start":{"line":22,"column":26},"end":{"line":22,"column":37}},{"start":{"line":22,"column":40},"end":{"line":22,"column":49}}]}}},"/home/ltulloch/src/vscode-tekton/out/src/util/download.js":{"path":"/home/ltulloch/src/vscode-tekton/out/src/util/download.js","s":{"1":1,"2":0,"3":0,"4":1},"b":{},"f":{"1":0},"fnMap":{"1":{"name":"(anonymous_1)","line":8,"loc":{"start":{"line":8,"column":23},"end":{"line":8,"column":69}}}},"statementMap":{"1":{"start":{"line":6,"column":0},"end":{"line":6,"column":62}},"2":{"start":{"line":9,"column":8},"end":{"line":11,"column":11}},"3":{"start":{"line":10,"column":12},"end":{"line":10,"column":29}},"4":{"start":{"line":14,"column":0},"end":{"line":14,"column":36}}},"branchMap":{}},"/home/ltulloch/src/vscode-tekton/out/src/tekton/pipelinerun.js":{"path":"/home/ltulloch/src/vscode-tekton/out/src/tekton/pipelinerun.js","s":{"1":1,"2":0,"3":1,"4":0,"5":0,"6":0,"7":1,"8":0,"9":0,"10":0,"11":1,"12":0,"13":0,"14":0,"15":1,"16":1,"17":1,"18":0,"19":0,"20":0,"21":0,"22":0,"23":0,"24":0,"25":0,"26":0,"27":0,"28":0,"29":0,"30":1},"b":{"1":[1,1,1],"2":[0,0],"3":[0,0],"4":[0,0],"5":[0,0],"6":[0,0],"7":[0,0]},"f":{"1":0,"2":0,"3":0,"4":0,"5":0,"6":0,"7":0,"8":0,"9":0,"10":0,"11":0,"12":0},"fnMap":{"1":{"name":"(anonymous_1)","line":6,"loc":{"start":{"line":6,"column":44},"end":{"line":6,"column":89}}},"2":{"name":"(anonymous_2)","line":7,"loc":{"start":{"line":7,"column":36},"end":{"line":7,"column":63}}},"3":{"name":"fulfilled","line":8,"loc":{"start":{"line":8,"column":8},"end":{"line":8,"column":34}}},"4":{"name":"rejected","line":9,"loc":{"start":{"line":9,"column":8},"end":{"line":9,"column":33}}},"5":{"name":"step","line":10,"loc":{"start":{"line":10,"column":8},"end":{"line":10,"column":30}}},"6":{"name":"(anonymous_6)","line":10,"loc":{"start":{"line":10,"column":76},"end":{"line":10,"column":95}}},"7":{"name":"(anonymous_7)","line":18,"loc":{"start":{"line":18,"column":19},"end":{"line":18,"column":30}}},"8":{"name":"(anonymous_8)","line":19,"loc":{"start":{"line":19,"column":47},"end":{"line":19,"column":60}}},"9":{"name":"(anonymous_9)","line":25,"loc":{"start":{"line":25,"column":15},"end":{"line":25,"column":26}}},"10":{"name":"(anonymous_10)","line":26,"loc":{"start":{"line":26,"column":47},"end":{"line":26,"column":60}}},"11":{"name":"(anonymous_11)","line":32,"loc":{"start":{"line":32,"column":15},"end":{"line":32,"column":26}}},"12":{"name":"(anonymous_12)","line":33,"loc":{"start":{"line":33,"column":47},"end":{"line":33,"column":60}}}},"statementMap":{"1":{"start":{"line":6,"column":0},"end":{"line":13,"column":2}},"2":{"start":{"line":7,"column":4},"end":{"line":12,"column":7}},"3":{"start":{"line":8,"column":8},"end":{"line":8,"column":99}},"4":{"start":{"line":8,"column":36},"end":{"line":8,"column":97}},"5":{"start":{"line":8,"column":42},"end":{"line":8,"column":70}},"6":{"start":{"line":8,"column":85},"end":{"line":8,"column":95}},"7":{"start":{"line":9,"column":8},"end":{"line":9,"column":102}},"8":{"start":{"line":9,"column":35},"end":{"line":9,"column":100}},"9":{"start":{"line":9,"column":41},"end":{"line":9,"column":73}},"10":{"start":{"line":9,"column":88},"end":{"line":9,"column":98}},"11":{"start":{"line":10,"column":8},"end":{"line":10,"column":151}},"12":{"start":{"line":10,"column":32},"end":{"line":10,"column":149}},"13":{"start":{"line":10,"column":97},"end":{"line":10,"column":119}},"14":{"start":{"line":11,"column":8},"end":{"line":11,"column":78}},"15":{"start":{"line":14,"column":0},"end":{"line":14,"column":62}},"16":{"start":{"line":15,"column":0},"end":{"line":15,"column":45}},"17":{"start":{"line":16,"column":0},"end":{"line":16,"column":32}},"18":{"start":{"line":19,"column":8},"end":{"line":23,"column":11}},"19":{"start":{"line":20,"column":12},"end":{"line":20,"column":175}},"20":{"start":{"line":21,"column":12},"end":{"line":22,"column":121}},"21":{"start":{"line":22,"column":16},"end":{"line":22,"column":121}},"22":{"start":{"line":26,"column":8},"end":{"line":30,"column":11}},"23":{"start":{"line":27,"column":12},"end":{"line":27,"column":175}},"24":{"start":{"line":28,"column":12},"end":{"line":29,"column":105}},"25":{"start":{"line":29,"column":16},"end":{"line":29,"column":105}},"26":{"start":{"line":33,"column":8},"end":{"line":37,"column":11}},"27":{"start":{"line":34,"column":12},"end":{"line":34,"column":175}},"28":{"start":{"line":35,"column":12},"end":{"line":36,"column":120}},"29":{"start":{"line":36,"column":16},"end":{"line":36,"column":120}},"30":{"start":{"line":40,"column":0},"end":{"line":40,"column":34}}},"branchMap":{"1":{"line":6,"type":"binary-expr","locations":[{"start":{"line":6,"column":17},"end":{"line":6,"column":21}},{"start":{"line":6,"column":25},"end":{"line":6,"column":39}},{"start":{"line":6,"column":44},"end":{"line":13,"column":1}}]},"2":{"line":7,"type":"binary-expr","locations":[{"start":{"line":7,"column":16},"end":{"line":7,"column":17}},{"start":{"line":7,"column":22},"end":{"line":7,"column":33}}]},"3":{"line":10,"type":"cond-expr","locations":[{"start":{"line":10,"column":46},"end":{"line":10,"column":67}},{"start":{"line":10,"column":70},"end":{"line":10,"column":148}}]},"4":{"line":11,"type":"binary-expr","locations":[{"start":{"line":11,"column":51},"end":{"line":11,"column":61}},{"start":{"line":11,"column":65},"end":{"line":11,"column":67}}]},"5":{"line":21,"type":"if","locations":[{"start":{"line":21,"column":12},"end":{"line":21,"column":12}},{"start":{"line":21,"column":12},"end":{"line":21,"column":12}}]},"6":{"line":28,"type":"if","locations":[{"start":{"line":28,"column":12},"end":{"line":28,"column":12}},{"start":{"line":28,"column":12},"end":{"line":28,"column":12}}]},"7":{"line":35,"type":"if","locations":[{"start":{"line":35,"column":12},"end":{"line":35,"column":12}},{"start":{"line":35,"column":12},"end":{"line":35,"column":12}}]}}},"/home/ltulloch/src/vscode-tekton/out/src/tekton/tektonitem.js":{"path":"/home/ltulloch/src/vscode-tekton/out/src/tekton/tektonitem.js","s":{"1":1,"2":0,"3":1,"4":0,"5":0,"6":0,"7":1,"8":0,"9":0,"10":0,"11":1,"12":0,"13":0,"14":0,"15":1,"16":1,"17":1,"18":1,"19":1,"20":1,"21":0,"22":0,"23":0,"24":0,"25":0,"26":0,"27":0,"28":0,"29":0,"30":0,"31":0,"32":0,"33":0,"34":0,"35":0,"36":0,"37":0,"38":0,"39":0,"40":0,"41":0,"42":0,"43":0,"44":0,"45":0,"46":0,"47":0,"48":0,"49":0,"50":0,"51":0,"52":0,"53":0,"54":0,"55":0,"56":0,"57":0,"58":0,"59":0,"60":0,"61":0,"62":0,"63":0,"64":0,"65":0,"66":1,"67":1,"68":1},"b":{"1":[1,1,1],"2":[0,0],"3":[0,0],"4":[0,0],"5":[0,0],"6":[0,0],"7":[0,0],"8":[0,0],"9":[0,0],"10":[0,0],"11":[0,0],"12":[0,0],"13":[0,0],"14":[0,0],"15":[0,0],"16":[0,0],"17":[0,0],"18":[0,0],"19":[0,0],"20":[0,0],"21":[0,0]},"f":{"1":0,"2":0,"3":0,"4":0,"5":0,"6":0,"7":0,"8":0,"9":0,"10":0,"11":0,"12":0,"13":0,"14":0,"15":0,"16":0,"17":0,"18":0,"19":0,"20":0,"21":0,"22":0},"fnMap":{"1":{"name":"(anonymous_1)","line":6,"loc":{"start":{"line":6,"column":44},"end":{"line":6,"column":89}}},"2":{"name":"(anonymous_2)","line":7,"loc":{"start":{"line":7,"column":36},"end":{"line":7,"column":63}}},"3":{"name":"fulfilled","line":8,"loc":{"start":{"line":8,"column":8},"end":{"line":8,"column":34}}},"4":{"name":"rejected","line":9,"loc":{"start":{"line":9,"column":8},"end":{"line":9,"column":33}}},"5":{"name":"step","line":10,"loc":{"start":{"line":10,"column":8},"end":{"line":10,"column":30}}},"6":{"name":"(anonymous_6)","line":10,"loc":{"start":{"line":10,"column":76},"end":{"line":10,"column":95}}},"7":{"name":"(anonymous_7)","line":27,"loc":{"start":{"line":27,"column":29},"end":{"line":27,"column":43}}},"8":{"name":"(anonymous_8)","line":31,"loc":{"start":{"line":31,"column":18},"end":{"line":31,"column":42}}},"9":{"name":"(anonymous_9)","line":32,"loc":{"start":{"line":32,"column":47},"end":{"line":32,"column":60}}},"10":{"name":"(anonymous_10)","line":48,"loc":{"start":{"line":48,"column":20},"end":{"line":48,"column":37}}},"11":{"name":"(anonymous_11)","line":51,"loc":{"start":{"line":51,"column":21},"end":{"line":51,"column":46}}},"12":{"name":"(anonymous_12)","line":54,"loc":{"start":{"line":54,"column":26},"end":{"line":54,"column":43}}},"13":{"name":"(anonymous_13)","line":57,"loc":{"start":{"line":57,"column":27},"end":{"line":57,"column":30}}},"14":{"name":"(anonymous_14)","line":58,"loc":{"start":{"line":58,"column":47},"end":{"line":58,"column":60}}},"15":{"name":"(anonymous_15)","line":65,"loc":{"start":{"line":65,"column":30},"end":{"line":65,"column":41}}},"16":{"name":"(anonymous_16)","line":66,"loc":{"start":{"line":66,"column":47},"end":{"line":66,"column":60}}},"17":{"name":"(anonymous_17)","line":73,"loc":{"start":{"line":73,"column":23},"end":{"line":73,"column":30}}},"18":{"name":"(anonymous_18)","line":74,"loc":{"start":{"line":74,"column":47},"end":{"line":74,"column":60}}},"19":{"name":"(anonymous_19)","line":81,"loc":{"start":{"line":81,"column":26},"end":{"line":81,"column":36}}},"20":{"name":"(anonymous_20)","line":82,"loc":{"start":{"line":82,"column":47},"end":{"line":82,"column":60}}},"21":{"name":"(anonymous_21)","line":89,"loc":{"start":{"line":89,"column":27},"end":{"line":89,"column":96}}},"22":{"name":"(anonymous_22)","line":90,"loc":{"start":{"line":90,"column":47},"end":{"line":90,"column":60}}}},"statementMap":{"1":{"start":{"line":6,"column":0},"end":{"line":13,"column":2}},"2":{"start":{"line":7,"column":4},"end":{"line":12,"column":7}},"3":{"start":{"line":8,"column":8},"end":{"line":8,"column":99}},"4":{"start":{"line":8,"column":36},"end":{"line":8,"column":97}},"5":{"start":{"line":8,"column":42},"end":{"line":8,"column":70}},"6":{"start":{"line":8,"column":85},"end":{"line":8,"column":95}},"7":{"start":{"line":9,"column":8},"end":{"line":9,"column":102}},"8":{"start":{"line":9,"column":35},"end":{"line":9,"column":100}},"9":{"start":{"line":9,"column":41},"end":{"line":9,"column":73}},"10":{"start":{"line":9,"column":88},"end":{"line":9,"column":98}},"11":{"start":{"line":10,"column":8},"end":{"line":10,"column":151}},"12":{"start":{"line":10,"column":32},"end":{"line":10,"column":149}},"13":{"start":{"line":10,"column":97},"end":{"line":10,"column":119}},"14":{"start":{"line":11,"column":8},"end":{"line":11,"column":78}},"15":{"start":{"line":14,"column":0},"end":{"line":14,"column":62}},"16":{"start":{"line":15,"column":0},"end":{"line":15,"column":32}},"17":{"start":{"line":16,"column":0},"end":{"line":16,"column":67}},"18":{"start":{"line":17,"column":0},"end":{"line":17,"column":35}},"19":{"start":{"line":18,"column":0},"end":{"line":18,"column":39}},"20":{"start":{"line":19,"column":0},"end":{"line":25,"column":2}},"21":{"start":{"line":28,"column":8},"end":{"line":28,"column":85}},"22":{"start":{"line":28,"column":53},"end":{"line":28,"column":83}},"23":{"start":{"line":29,"column":8},"end":{"line":29,"column":87}},"24":{"start":{"line":32,"column":8},"end":{"line":46,"column":11}},"25":{"start":{"line":33,"column":12},"end":{"line":45,"column":15}},"26":{"start":{"line":36,"column":20},"end":{"line":36,"column":99}},"27":{"start":{"line":37,"column":20},"end":{"line":38,"column":234}},"28":{"start":{"line":38,"column":24},"end":{"line":38,"column":234}},"29":{"start":{"line":39,"column":20},"end":{"line":40,"column":149}},"30":{"start":{"line":40,"column":24},"end":{"line":40,"column":149}},"31":{"start":{"line":41,"column":20},"end":{"line":42,"column":87}},"32":{"start":{"line":42,"column":24},"end":{"line":42,"column":87}},"33":{"start":{"line":43,"column":20},"end":{"line":43,"column":45}},"34":{"start":{"line":49,"column":8},"end":{"line":49,"column":57}},"35":{"start":{"line":52,"column":8},"end":{"line":52,"column":74}},"36":{"start":{"line":55,"column":8},"end":{"line":55,"column":91}},"37":{"start":{"line":58,"column":8},"end":{"line":63,"column":11}},"38":{"start":{"line":59,"column":12},"end":{"line":59,"column":69}},"39":{"start":{"line":60,"column":12},"end":{"line":61,"column":51}},"40":{"start":{"line":61,"column":16},"end":{"line":61,"column":51}},"41":{"start":{"line":62,"column":12},"end":{"line":62,"column":32}},"42":{"start":{"line":66,"column":8},"end":{"line":71,"column":11}},"43":{"start":{"line":67,"column":12},"end":{"line":67,"column":83}},"44":{"start":{"line":68,"column":12},"end":{"line":69,"column":54}},"45":{"start":{"line":69,"column":16},"end":{"line":69,"column":54}},"46":{"start":{"line":70,"column":12},"end":{"line":70,"column":35}},"47":{"start":{"line":74,"column":8},"end":{"line":79,"column":11}},"48":{"start":{"line":75,"column":12},"end":{"line":75,"column":65}},"49":{"start":{"line":76,"column":12},"end":{"line":77,"column":47}},"50":{"start":{"line":77,"column":16},"end":{"line":77,"column":47}},"51":{"start":{"line":78,"column":12},"end":{"line":78,"column":28}},"52":{"start":{"line":82,"column":8},"end":{"line":87,"column":11}},"53":{"start":{"line":83,"column":12},"end":{"line":83,"column":74}},"54":{"start":{"line":84,"column":12},"end":{"line":85,"column":50}},"55":{"start":{"line":85,"column":16},"end":{"line":85,"column":50}},"56":{"start":{"line":86,"column":12},"end":{"line":86,"column":31}},"57":{"start":{"line":90,"column":8},"end":{"line":100,"column":11}},"58":{"start":{"line":91,"column":12},"end":{"line":91,"column":35}},"59":{"start":{"line":92,"column":12},"end":{"line":98,"column":13}},"60":{"start":{"line":93,"column":16},"end":{"line":93,"column":130}},"61":{"start":{"line":94,"column":16},"end":{"line":95,"column":145}},"62":{"start":{"line":95,"column":20},"end":{"line":95,"column":145}},"63":{"start":{"line":96,"column":16},"end":{"line":97,"column":134}},"64":{"start":{"line":97,"column":20},"end":{"line":97,"column":134}},"65":{"start":{"line":99,"column":12},"end":{"line":99,"column":27}},"66":{"start":{"line":103,"column":0},"end":{"line":103,"column":40}},"67":{"start":{"line":104,"column":0},"end":{"line":104,"column":72}},"68":{"start":{"line":105,"column":0},"end":{"line":105,"column":32}}},"branchMap":{"1":{"line":6,"type":"binary-expr","locations":[{"start":{"line":6,"column":17},"end":{"line":6,"column":21}},{"start":{"line":6,"column":25},"end":{"line":6,"column":39}},{"start":{"line":6,"column":44},"end":{"line":13,"column":1}}]},"2":{"line":7,"type":"binary-expr","locations":[{"start":{"line":7,"column":16},"end":{"line":7,"column":17}},{"start":{"line":7,"column":22},"end":{"line":7,"column":33}}]},"3":{"line":10,"type":"cond-expr","locations":[{"start":{"line":10,"column":46},"end":{"line":10,"column":67}},{"start":{"line":10,"column":70},"end":{"line":10,"column":148}}]},"4":{"line":11,"type":"binary-expr","locations":[{"start":{"line":11,"column":51},"end":{"line":11,"column":61}},{"start":{"line":11,"column":65},"end":{"line":11,"column":67}}]},"5":{"line":29,"type":"binary-expr","locations":[{"start":{"line":29,"column":15},"end":{"line":29,"column":25}},{"start":{"line":29,"column":29},"end":{"line":29,"column":86}}]},"6":{"line":37,"type":"if","locations":[{"start":{"line":37,"column":20},"end":{"line":37,"column":20}},{"start":{"line":37,"column":20},"end":{"line":37,"column":20}}]},"7":{"line":39,"type":"if","locations":[{"start":{"line":39,"column":20},"end":{"line":39,"column":20}},{"start":{"line":39,"column":20},"end":{"line":39,"column":20}}]},"8":{"line":40,"type":"cond-expr","locations":[{"start":{"line":40,"column":130},"end":{"line":40,"column":143}},{"start":{"line":40,"column":146},"end":{"line":40,"column":147}}]},"9":{"line":41,"type":"if","locations":[{"start":{"line":41,"column":20},"end":{"line":41,"column":20}},{"start":{"line":41,"column":20},"end":{"line":41,"column":20}}]},"10":{"line":49,"type":"cond-expr","locations":[{"start":{"line":49,"column":42},"end":{"line":49,"column":49}},{"start":{"line":49,"column":52},"end":{"line":49,"column":56}}]},"11":{"line":52,"type":"cond-expr","locations":[{"start":{"line":52,"column":59},"end":{"line":52,"column":63}},{"start":{"line":52,"column":66},"end":{"line":52,"column":73}}]},"12":{"line":55,"type":"cond-expr","locations":[{"start":{"line":55,"column":76},"end":{"line":55,"column":80}},{"start":{"line":55,"column":83},"end":{"line":55,"column":90}}]},"13":{"line":60,"type":"if","locations":[{"start":{"line":60,"column":12},"end":{"line":60,"column":12}},{"start":{"line":60,"column":12},"end":{"line":60,"column":12}}]},"14":{"line":68,"type":"if","locations":[{"start":{"line":68,"column":12},"end":{"line":68,"column":12}},{"start":{"line":68,"column":12},"end":{"line":68,"column":12}}]},"15":{"line":76,"type":"if","locations":[{"start":{"line":76,"column":12},"end":{"line":76,"column":12}},{"start":{"line":76,"column":12},"end":{"line":76,"column":12}}]},"16":{"line":84,"type":"if","locations":[{"start":{"line":84,"column":12},"end":{"line":84,"column":12}},{"start":{"line":84,"column":12},"end":{"line":84,"column":12}}]},"17":{"line":92,"type":"if","locations":[{"start":{"line":92,"column":12},"end":{"line":92,"column":12}},{"start":{"line":92,"column":12},"end":{"line":92,"column":12}}]},"18":{"line":94,"type":"if","locations":[{"start":{"line":94,"column":16},"end":{"line":94,"column":16}},{"start":{"line":94,"column":16},"end":{"line":94,"column":16}}]},"19":{"line":94,"type":"binary-expr","locations":[{"start":{"line":94,"column":20},"end":{"line":94,"column":27}},{"start":{"line":94,"column":31},"end":{"line":94,"column":50}}]},"20":{"line":96,"type":"if","locations":[{"start":{"line":96,"column":16},"end":{"line":96,"column":16}},{"start":{"line":96,"column":16},"end":{"line":96,"column":16}}]},"21":{"line":96,"type":"binary-expr","locations":[{"start":{"line":96,"column":20},"end":{"line":96,"column":27}},{"start":{"line":96,"column":31},"end":{"line":96,"column":46}}]}}},"/home/ltulloch/src/vscode-tekton/out/src/tekton/taskrun.js":{"path":"/home/ltulloch/src/vscode-tekton/out/src/tekton/taskrun.js","s":{"1":1,"2":0,"3":1,"4":0,"5":0,"6":0,"7":1,"8":0,"9":0,"10":0,"11":1,"12":0,"13":0,"14":0,"15":1,"16":1,"17":1,"18":0,"19":0,"20":0,"21":0,"22":0,"23":0,"24":0,"25":0,"26":1},"b":{"1":[1,1,1],"2":[0,0],"3":[0,0],"4":[0,0],"5":[0,0],"6":[0,0]},"f":{"1":0,"2":0,"3":0,"4":0,"5":0,"6":0,"7":0,"8":0,"9":0,"10":0},"fnMap":{"1":{"name":"(anonymous_1)","line":6,"loc":{"start":{"line":6,"column":44},"end":{"line":6,"column":89}}},"2":{"name":"(anonymous_2)","line":7,"loc":{"start":{"line":7,"column":36},"end":{"line":7,"column":63}}},"3":{"name":"fulfilled","line":8,"loc":{"start":{"line":8,"column":8},"end":{"line":8,"column":34}}},"4":{"name":"rejected","line":9,"loc":{"start":{"line":9,"column":8},"end":{"line":9,"column":33}}},"5":{"name":"step","line":10,"loc":{"start":{"line":10,"column":8},"end":{"line":10,"column":30}}},"6":{"name":"(anonymous_6)","line":10,"loc":{"start":{"line":10,"column":76},"end":{"line":10,"column":95}}},"7":{"name":"(anonymous_7)","line":18,"loc":{"start":{"line":18,"column":15},"end":{"line":18,"column":26}}},"8":{"name":"(anonymous_8)","line":19,"loc":{"start":{"line":19,"column":47},"end":{"line":19,"column":60}}},"9":{"name":"(anonymous_9)","line":25,"loc":{"start":{"line":25,"column":15},"end":{"line":25,"column":26}}},"10":{"name":"(anonymous_10)","line":26,"loc":{"start":{"line":26,"column":47},"end":{"line":26,"column":60}}}},"statementMap":{"1":{"start":{"line":6,"column":0},"end":{"line":13,"column":2}},"2":{"start":{"line":7,"column":4},"end":{"line":12,"column":7}},"3":{"start":{"line":8,"column":8},"end":{"line":8,"column":99}},"4":{"start":{"line":8,"column":36},"end":{"line":8,"column":97}},"5":{"start":{"line":8,"column":42},"end":{"line":8,"column":70}},"6":{"start":{"line":8,"column":85},"end":{"line":8,"column":95}},"7":{"start":{"line":9,"column":8},"end":{"line":9,"column":102}},"8":{"start":{"line":9,"column":35},"end":{"line":9,"column":100}},"9":{"start":{"line":9,"column":41},"end":{"line":9,"column":73}},"10":{"start":{"line":9,"column":88},"end":{"line":9,"column":98}},"11":{"start":{"line":10,"column":8},"end":{"line":10,"column":151}},"12":{"start":{"line":10,"column":32},"end":{"line":10,"column":149}},"13":{"start":{"line":10,"column":97},"end":{"line":10,"column":119}},"14":{"start":{"line":11,"column":8},"end":{"line":11,"column":78}},"15":{"start":{"line":14,"column":0},"end":{"line":14,"column":62}},"16":{"start":{"line":15,"column":0},"end":{"line":15,"column":45}},"17":{"start":{"line":16,"column":0},"end":{"line":16,"column":32}},"18":{"start":{"line":19,"column":8},"end":{"line":23,"column":11}},"19":{"start":{"line":20,"column":12},"end":{"line":20,"column":158}},"20":{"start":{"line":21,"column":12},"end":{"line":22,"column":93}},"21":{"start":{"line":22,"column":16},"end":{"line":22,"column":93}},"22":{"start":{"line":26,"column":8},"end":{"line":30,"column":11}},"23":{"start":{"line":27,"column":12},"end":{"line":27,"column":158}},"24":{"start":{"line":28,"column":12},"end":{"line":29,"column":96}},"25":{"start":{"line":29,"column":16},"end":{"line":29,"column":96}},"26":{"start":{"line":33,"column":0},"end":{"line":33,"column":26}}},"branchMap":{"1":{"line":6,"type":"binary-expr","locations":[{"start":{"line":6,"column":17},"end":{"line":6,"column":21}},{"start":{"line":6,"column":25},"end":{"line":6,"column":39}},{"start":{"line":6,"column":44},"end":{"line":13,"column":1}}]},"2":{"line":7,"type":"binary-expr","locations":[{"start":{"line":7,"column":16},"end":{"line":7,"column":17}},{"start":{"line":7,"column":22},"end":{"line":7,"column":33}}]},"3":{"line":10,"type":"cond-expr","locations":[{"start":{"line":10,"column":46},"end":{"line":10,"column":67}},{"start":{"line":10,"column":70},"end":{"line":10,"column":148}}]},"4":{"line":11,"type":"binary-expr","locations":[{"start":{"line":11,"column":51},"end":{"line":11,"column":61}},{"start":{"line":11,"column":65},"end":{"line":11,"column":67}}]},"5":{"line":21,"type":"if","locations":[{"start":{"line":21,"column":12},"end":{"line":21,"column":12}},{"start":{"line":21,"column":12},"end":{"line":21,"column":12}}]},"6":{"line":28,"type":"if","locations":[{"start":{"line":28,"column":12},"end":{"line":28,"column":12}},{"start":{"line":28,"column":12},"end":{"line":28,"column":12}}]}}},"/home/ltulloch/src/vscode-tekton/out/src/tekton/pipeline.js":{"path":"/home/ltulloch/src/vscode-tekton/out/src/tekton/pipeline.js","s":{"1":1,"2":0,"3":1,"4":0,"5":0,"6":0,"7":1,"8":0,"9":0,"10":0,"11":1,"12":0,"13":0,"14":0,"15":1,"16":1,"17":1,"18":1,"19":1,"20":1,"21":0,"22":0,"23":0,"24":0,"25":0,"26":0,"27":0,"28":0,"29":0,"30":0,"31":0,"32":0,"33":0,"34":0,"35":0,"36":0,"37":0,"38":0,"39":0,"40":0,"41":0,"42":0,"43":0,"44":0,"45":0,"46":0,"47":0,"48":0,"49":0,"50":0,"51":0,"52":0,"53":0,"54":0,"55":1},"b":{"1":[1,1,1],"2":[0,0],"3":[0,0],"4":[0,0],"5":[0,0],"6":[0,0],"7":[0,0],"8":[0,0],"9":[0,0]},"f":{"1":0,"2":0,"3":0,"4":0,"5":0,"6":0,"7":0,"8":0,"9":0,"10":0,"11":0,"12":0,"13":0,"14":0,"15":0,"16":0,"17":0,"18":0,"19":0,"20":0},"fnMap":{"1":{"name":"(anonymous_1)","line":6,"loc":{"start":{"line":6,"column":44},"end":{"line":6,"column":89}}},"2":{"name":"(anonymous_2)","line":7,"loc":{"start":{"line":7,"column":36},"end":{"line":7,"column":63}}},"3":{"name":"fulfilled","line":8,"loc":{"start":{"line":8,"column":8},"end":{"line":8,"column":34}}},"4":{"name":"rejected","line":9,"loc":{"start":{"line":9,"column":8},"end":{"line":9,"column":33}}},"5":{"name":"step","line":10,"loc":{"start":{"line":10,"column":8},"end":{"line":10,"column":30}}},"6":{"name":"(anonymous_6)","line":10,"loc":{"start":{"line":10,"column":76},"end":{"line":10,"column":95}}},"7":{"name":"(anonymous_7)","line":21,"loc":{"start":{"line":21,"column":27},"end":{"line":21,"column":55}}},"8":{"name":"(anonymous_8)","line":24,"loc":{"start":{"line":24,"column":24},"end":{"line":24,"column":34}}},"9":{"name":"(anonymous_9)","line":25,"loc":{"start":{"line":25,"column":47},"end":{"line":25,"column":60}}},"10":{"name":"(anonymous_10)","line":29,"loc":{"start":{"line":29,"column":16},"end":{"line":29,"column":26}}},"11":{"name":"(anonymous_11)","line":30,"loc":{"start":{"line":30,"column":47},"end":{"line":30,"column":60}}},"12":{"name":"(anonymous_12)","line":56,"loc":{"start":{"line":56,"column":26},"end":{"line":56,"column":37}}},"13":{"name":"(anonymous_13)","line":59,"loc":{"start":{"line":59,"column":18},"end":{"line":59,"column":21}}},"14":{"name":"(anonymous_14)","line":62,"loc":{"start":{"line":62,"column":16},"end":{"line":62,"column":19}}},"15":{"name":"(anonymous_15)","line":65,"loc":{"start":{"line":65,"column":27},"end":{"line":65,"column":30}}},"16":{"name":"(anonymous_16)","line":66,"loc":{"start":{"line":66,"column":47},"end":{"line":66,"column":60}}},"17":{"name":"(anonymous_17)","line":82,"loc":{"start":{"line":82,"column":19},"end":{"line":82,"column":29}}},"18":{"name":"(anonymous_18)","line":83,"loc":{"start":{"line":83,"column":47},"end":{"line":83,"column":60}}},"19":{"name":"(anonymous_19)","line":89,"loc":{"start":{"line":89,"column":15},"end":{"line":89,"column":26}}},"20":{"name":"(anonymous_20)","line":90,"loc":{"start":{"line":90,"column":47},"end":{"line":90,"column":60}}}},"statementMap":{"1":{"start":{"line":6,"column":0},"end":{"line":13,"column":2}},"2":{"start":{"line":7,"column":4},"end":{"line":12,"column":7}},"3":{"start":{"line":8,"column":8},"end":{"line":8,"column":99}},"4":{"start":{"line":8,"column":36},"end":{"line":8,"column":97}},"5":{"start":{"line":8,"column":42},"end":{"line":8,"column":70}},"6":{"start":{"line":8,"column":85},"end":{"line":8,"column":95}},"7":{"start":{"line":9,"column":8},"end":{"line":9,"column":102}},"8":{"start":{"line":9,"column":35},"end":{"line":9,"column":100}},"9":{"start":{"line":9,"column":41},"end":{"line":9,"column":73}},"10":{"start":{"line":9,"column":88},"end":{"line":9,"column":98}},"11":{"start":{"line":10,"column":8},"end":{"line":10,"column":151}},"12":{"start":{"line":10,"column":32},"end":{"line":10,"column":149}},"13":{"start":{"line":10,"column":97},"end":{"line":10,"column":119}},"14":{"start":{"line":11,"column":8},"end":{"line":11,"col
[...]
":28,"loc":{"start":{"line":28,"column":11},"end":{"line":28,"column":45}}},"5":{"name":"(anonymous_5)","line":59,"loc":{"start":{"line":59,"column":17},"end":{"line":59,"column":20}}}},"statementMap":{"1":{"start":{"line":7,"column":0},"end":{"line":7,"column":62}},"2":{"start":{"line":8,"column":0},"end":{"line":10,"column":1}},"3":{"start":{"line":9,"column":4},"end":{"line":9,"column":61}},"4":{"start":{"line":11,"column":0},"end":{"line":11,"column":32}},"5":{"start":{"line":12,"column":0},"end":{"line":14,"column":1}},"6":{"start":{"line":13,"column":4},"end":{"line":13,"column":58}},"7":{"start":{"line":13,"column":32},"end":{"line":13,"column":56}},"8":{"start":{"line":15,"column":0},"end":{"line":15,"column":20}},"9":{"start":{"line":21,"column":8},"end":{"line":21,"column":41}},"10":{"start":{"line":22,"column":8},"end":{"line":22,"column":28}},"11":{"start":{"line":23,"column":8},"end":{"line":23,"column":38}},"12":{"start":{"line":24,"column":8},"end":{"line":24,"column":30}},"13":{"start":{"line":25,"column":8},"end":{"line":25,"column":22}},"14":{"start":{"line":26,"column":8},"end":{"line":26,"column":25}},"15":{"start":{"line":29,"column":8},"end":{"line":29,"column":25}},"16":{"start":{"line":30,"column":8},"end":{"line":30,"column":29}},"17":{"start":{"line":31,"column":8},"end":{"line":42,"column":9}},"18":{"start":{"line":32,"column":12},"end":{"line":41,"column":15}},"19":{"start":{"line":33,"column":16},"end":{"line":33,"column":35}},"20":{"start":{"line":34,"column":16},"end":{"line":34,"column":34}},"21":{"start":{"line":36,"column":16},"end":{"line":36,"column":46}},"22":{"start":{"line":37,"column":16},"end":{"line":37,"column":38}},"23":{"start":{"line":38,"column":16},"end":{"line":38,"column":39}},"24":{"start":{"line":39,"column":16},"end":{"line":39,"column":33}},"25":{"start":{"line":40,"column":16},"end":{"line":40,"column":30}},"26":{"start":{"line":43,"column":8},"end":{"line":46,"column":18}},"27":{"start":{"line":44,"column":12},"end":{"line":44,"column":32}},"28":{"start":{"line":45,"column":12},"end":{"line":45,"column":33}},"29":{"start":{"line":47,"column":8},"end":{"line":47,"column":38}},"30":{"start":{"line":60,"column":8},"end":{"line":63,"column":9}},"31":{"start":{"line":61,"column":12},"end":{"line":61,"column":39}},"32":{"start":{"line":62,"column":12},"end":{"line":62,"column":32}},"33":{"start":{"line":66,"column":0},"end":{"line":66,"column":26}}},"branchMap":{"1":{"line":9,"type":"binary-expr","locations":[{"start":{"line":9,"column":11},"end":{"line":9,"column":20}},{"start":{"line":9,"column":24},"end":{"line":9,"column":60}}]},"2":{"line":31,"type":"if","locations":[{"start":{"line":31,"column":8},"end":{"line":31,"column":8}},{"start":{"line":31,"column":8},"end":{"line":31,"column":8}}]},"3":{"line":60,"type":"if","locations":[{"start":{"line":60,"column":8},"end":{"line":60,"column":8}},{"start":{"line":60,"column":8},"end":{"line":60,"column":8}}]}}},"/home/ltulloch/src/vscode-tekton/out/src/util/credentialManager.js":{"path":"/home/ltulloch/src/vscode-tekton/out/src/util/credentialManager.js","s":{"1":0,"2":0,"3":0,"4":0,"5":0,"6":0,"7":0,"8":0,"9":0,"10":0,"11":0,"12":0,"13":0,"14":0,"15":0,"16":0,"17":0,"18":0,"19":0,"20":0,"21":0,"22":0,"23":0,"24":0,"25":0,"26":0,"27":0,"28":0,"29":0,"30":0,"31":0,"32":0},"b":{"1":[0,0,0],"2":[0,0],"3":[0,0],"4":[0,0],"5":[0,0],"6":[0,0]},"f":{"1":0,"2":0,"3":0,"4":0,"5":0,"6":0,"7":0,"8":0,"9":0,"10":0,"11":0,"12":0,"13":0},"fnMap":{"1":{"name":"(anonymous_1)","line":6,"loc":{"start":{"line":6,"column":44},"end":{"line":6,"column":89}}},"2":{"name":"(anonymous_2)","line":7,"loc":{"start":{"line":7,"column":36},"end":{"line":7,"column":63}}},"3":{"name":"fulfilled","line":8,"loc":{"start":{"line":8,"column":8},"end":{"line":8,"column":34}}},"4":{"name":"rejected","line":9,"loc":{"start":{"line":9,"column":8},"end":{"line":9,"column":33}}},"5":{"name":"step","line":10,"loc":{"start":{"line":10,"column":8},"end":{"line":10,"column":30}}},"6":{"name":"(anonymous_6)","line":10,"loc":{"start":{"line":10,"column":76},"end":{"line":10,"column":95}}},"7":{"name":"(anonymous_7)","line":19,"loc":{"start":{"line":19,"column":18},"end":{"line":19,"column":38}}},"8":{"name":"(anonymous_8)","line":20,"loc":{"start":{"line":20,"column":47},"end":{"line":20,"column":60}}},"9":{"name":"(anonymous_9)","line":24,"loc":{"start":{"line":24,"column":18},"end":{"line":24,"column":31}}},"10":{"name":"(anonymous_10)","line":25,"loc":{"start":{"line":25,"column":47},"end":{"line":25,"column":60}}},"11":{"name":"(anonymous_11)","line":29,"loc":{"start":{"line":29,"column":22},"end":{"line":29,"column":33}}},"12":{"name":"(anonymous_12)","line":32,"loc":{"start":{"line":32,"column":22},"end":{"line":32,"column":25}}},"13":{"name":"getVscodeModule","line":37,"loc":{"start":{"line":37,"column":0},"end":{"line":37,"column":37}}}},"statementMap":{"1":{"start":{"line":6,"column":0},"end":{"line":13,"column":2}},"2":{"start":{"line":7,"column":4},"end":{"line":12,"column":7}},"3":{"start":{"line":8,"column":8},"end":{"line":8,"column":99}},"4":{"start":{"line":8,"column":36},"end":{"line":8,"column":97}},"5":{"start":{"line":8,"column":42},"end":{"line":8,"column":70}},"6":{"start":{"line":8,"column":85},"end":{"line":8,"column":95}},"7":{"start":{"line":9,"column":8},"end":{"line":9,"column":102}},"8":{"start":{"line":9,"column":35},"end":{"line":9,"column":100}},"9":{"start":{"line":9,"column":41},"end":{"line":9,"column":73}},"10":{"start":{"line":9,"column":88},"end":{"line":9,"column":98}},"11":{"start":{"line":10,"column":8},"end":{"line":10,"column":151}},"12":{"start":{"line":10,"column":32},"end":{"line":10,"column":149}},"13":{"start":{"line":10,"column":97},"end":{"line":10,"column":119}},"14":{"start":{"line":11,"column":8},"end":{"line":11,"column":78}},"15":{"start":{"line":14,"column":0},"end":{"line":14,"column":62}},"16":{"start":{"line":15,"column":0},"end":{"line":15,"column":44}},"17":{"start":{"line":16,"column":0},"end":{"line":16,"column":35}},"18":{"start":{"line":17,"column":0},"end":{"line":17,"column":41}},"19":{"start":{"line":20,"column":8},"end":{"line":22,"column":11}},"20":{"start":{"line":21,"column":12},"end":{"line":21,"column":78}},"21":{"start":{"line":25,"column":8},"end":{"line":27,"column":11}},"22":{"start":{"line":26,"column":12},"end":{"line":26,"column":64}},"23":{"start":{"line":30,"column":8},"end":{"line":30,"column":87}},"24":{"start":{"line":33,"column":8},"end":{"line":33,"column":74}},"25":{"start":{"line":36,"column":0},"end":{"line":36,"column":32}},"26":{"start":{"line":37,"column":0},"end":{"line":51,"column":1}},"27":{"start":{"line":38,"column":4},"end":{"line":43,"column":5}},"28":{"start":{"line":39,"column":8},"end":{"line":39,"column":82}},"29":{"start":{"line":44,"column":4},"end":{"line":49,"column":5}},"30":{"start":{"line":45,"column":8},"end":{"line":45,"column":77}},"31":{"start":{"line":50,"column":4},"end":{"line":50,"column":21}},"32":{"start":{"line":52,"column":0},"end":{"line":52,"column":42}}},"branchMap":{"1":{"line":6,"type":"binary-expr","locations":[{"start":{"line":6,"column":17},"end":{"line":6,"column":21}},{"start":{"line":6,"column":25},"end":{"line":6,"column":39}},{"start":{"line":6,"column":44},"end":{"line":13,"column":1}}]},"2":{"line":7,"type":"binary-expr","locations":[{"start":{"line":7,"column":16},"end":{"line":7,"column":17}},{"start":{"line":7,"column":22},"end":{"line":7,"column":33}}]},"3":{"line":10,"type":"cond-expr","locations":[{"start":{"line":10,"column":46},"end":{"line":10,"column":67}},{"start":{"line":10,"column":70},"end":{"line":10,"column":148}}]},"4":{"line":11,"type":"binary-expr","locations":[{"start":{"line":11,"column":51},"end":{"line":11,"column":61}},{"start":{"line":11,"column":65},"end":{"line":11,"column":67}}]},"5":{"line":21,"type":"cond-expr","locations":[{"start":{"line":21,"column":28},"end":{"line":21,"column":65}},{"start":{"line":21,"column":68},"end":{"line":21,"column":77}}]},"6":{"line":26,"type":"cond-expr","locations":[{"start":{"line":26,"column":28},"end":{"line":26,"column":58}},{"start":{"line":26,"column":61},"end":{"line":26,"column":63}}]}}},"/home/ltulloch/src/vscode-tekton/out/src/util/refs.js":{"path":"/home/ltulloch/src/vscode-tekton/out/src/util/refs.js","s":{"1":0,"2":0,"3":0,"4":0,"5":0,"6":0,"7":0,"8":0,"9":0,"10":0,"11":0,"12":0,"13":0,"14":0,"15":0,"16":0,"17":0,"18":0,"19":0,"20":0,"21":0,"22":0,"23":0,"24":0,"25":0,"26":0,"27":0,"28":0,"29":0,"30":0,"31":0,"32":0,"33":0,"34":0,"35":0,"36":0,"37":0,"38":0,"39":0,"40":0,"41":0,"42":0},"b":{"1":[0,0,0],"2":[0,0],"3":[0,0],"4":[0,0],"5":[0,0],"6":[0,0],"7":[0,0],"8":[0,0]},"f":{"1":0,"2":0,"3":0,"4":0,"5":0,"6":0,"7":0,"8":0,"9":0},"fnMap":{"1":{"name":"(anonymous_1)","line":7,"loc":{"start":{"line":7,"column":44},"end":{"line":7,"column":89}}},"2":{"name":"(anonymous_2)","line":8,"loc":{"start":{"line":8,"column":36},"end":{"line":8,"column":63}}},"3":{"name":"fulfilled","line":9,"loc":{"start":{"line":9,"column":8},"end":{"line":9,"column":34}}},"4":{"name":"rejected","line":10,"loc":{"start":{"line":10,"column":8},"end":{"line":10,"column":33}}},"5":{"name":"step","line":11,"loc":{"start":{"line":11,"column":8},"end":{"line":11,"column":30}}},"6":{"name":"(anonymous_6)","line":11,"loc":{"start":{"line":11,"column":76},"end":{"line":11,"column":95}}},"7":{"name":"(anonymous_7)","line":21,"loc":{"start":{"line":21,"column":1},"end":{"line":21,"column":17}}},"8":{"name":"(anonymous_8)","line":29,"loc":{"start":{"line":29,"column":19},"end":{"line":29,"column":27}}},"9":{"name":"(anonymous_9)","line":30,"loc":{"start":{"line":30,"column":47},"end":{"line":30,"column":60}}}},"statementMap":{"1":{"start":{"line":7,"column":0},"end":{"line":14,"column":2}},"2":{"start":{"line":8,"column":4},"end":{"line":13,"column":7}},"3":{"start":{"line":9,"column":8},"end":{"line":9,"column":99}},"4":{"start":{"line":9,"column":36},"end":{"line":9,"column":97}},"5":{"start":{"line":9,"column":42},"end":{"line":9,"column":70}},"6":{"start":{"line":9,"column":85},"end":{"line":9,"column":95}},"7":{"start":{"line":10,"column":8},"end":{"line":10,"column":102}},"8":{"start":{"line":10,"column":35},"end":{"line":10,"column":100}},"9":{"start":{"line":10,"column":41},"end":{"line":10,"column":73}},"10":{"start":{"line":10,"column":88},"end":{"line":10,"column":98}},"11":{"start":{"line":11,"column":8},"end":{"line":11,"column":151}},"12":{"start":{"line":11,"column":32},"end":{"line":11,"column":149}},"13":{"start":{"line":11,"column":97},"end":{"line":11,"column":119}},"14":{"start":{"line":12,"column":8},"end":{"line":12,"column":78}},"15":{"start":{"line":15,"column":0},"end":{"line":15,"column":62}},"16":{"start":{"line":16,"column":0},"end":{"line":16,"column":27}},"17":{"start":{"line":17,"column":0},"end":{"line":17,"column":27}},"18":{"start":{"line":18,"column":0},"end":{"line":18,"column":44}},"19":{"start":{"line":19,"column":0},"end":{"line":19,"column":52}},"20":{"start":{"line":20,"column":0},"end":{"line":20,"column":9}},"21":{"start":{"line":21,"column":0},"end":{"line":24,"column":47}},"22":{"start":{"line":22,"column":4},"end":{"line":22,"column":34}},"23":{"start":{"line":23,"column":4},"end":{"line":23,"column":40}},"24":{"start":{"line":27,"column":0},"end":{"line":27,"column":18}},"25":{"start":{"line":30,"column":8},"end":{"line":59,"column":11}},"26":{"start":{"line":31,"column":12},"end":{"line":58,"column":15}},"27":{"start":{"line":32,"column":16},"end":{"line":32,"column":77}},"28":{"start":{"line":33,"column":16},"end":{"line":36,"column":19}},"29":{"start":{"line":37,"column":16},"end":{"line":37,"column":48}},"30":{"start":{"line":38,"column":16},"end":{"line":38,"column":39}},"31":{"start":{"line":39,"column":16},"end":{"line":51,"column":19}},"32":{"start":{"line":40,"column":20},"end":{"line":43,"column":21}},"33":{"start":{"line":41,"column":24},"end":{"line":41,"column":111}},"34":{"start":{"line":42,"column":24},"end":{"line":42,"column":31}},"35":{"start":{"line":44,"column":20},"end":{"line":44,"column":79}},"36":{"start":{"line":45,"column":20},"end":{"line":47,"column":21}},"37":{"start":{"line":46,"column":24},"end":{"line":46,"column":97}},"38":{"start":{"line":48,"column":20},"end":{"line":50,"column":21}},"39":{"start":{"line":49,"column":24},"end":{"line":49,"column":94}},"40":{"start":{"line":52,"column":16},"end":{"line":57,"column":54}},"41":{"start":{"line":57,"column":39},"end":{"line":57,"column":52}},"42":{"start":{"line":62,"column":0},"end":{"line":62,"column":20}}},"branchMap":{"1":{"line":7,"type":"binary-expr","locations":[{"start":{"line":7,"column":17},"end":{"line":7,"column":21}},{"start":{"line":7,"column":25},"end":{"line":7,"column":39}},{"start":{"line":7,"column":44},"end":{"line":14,"column":1}}]},"2":{"line":8,"type":"binary-expr","locations":[{"start":{"line":8,"column":16},"end":{"line":8,"column":17}},{"start":{"line":8,"column":22},"end":{"line":8,"column":33}}]},"3":{"line":11,"type":"cond-expr","locations":[{"start":{"line":11,"column":46},"end":{"line":11,"column":67}},{"start":{"line":11,"column":70},"end":{"line":11,"column":148}}]},"4":{"line":12,"type":"binary-expr","locations":[{"start":{"line":12,"column":51},"end":{"line":12,"column":61}},{"start":{"line":12,"column":65},"end":{"line":12,"column":67}}]},"5":{"line":24,"type":"binary-expr","locations":[{"start":{"line":24,"column":10},"end":{"line":24,"column":22}},{"start":{"line":24,"column":27},"end":{"line":24,"column":44}}]},"6":{"line":40,"type":"if","locations":[{"start":{"line":40,"column":20},"end":{"line":40,"column":20}},{"start":{"line":40,"column":20},"end":{"line":40,"column":20}}]},"7":{"line":45,"type":"if","locations":[{"start":{"line":45,"column":20},"end":{"line":45,"column":20}},{"start":{"line":45,"column":20},"end":{"line":45,"column":20}}]},"8":{"line":48,"type":"if","locations":[{"start":{"line":48,"column":20},"end":{"line":48,"column":20}},{"start":{"line":48,"column":20},"end":{"line":48,"column":20}}]}}},"/home/ltulloch/src/vscode-tekton/out/src/util/watch.js":{"path":"/home/ltulloch/src/vscode-tekton/out/src/util/watch.js","s":{"1":0,"2":0,"3":0,"4":0,"5":0,"6":0,"7":0,"8":0,"9":0,"10":0,"11":0,"12":0,"13":0,"14":0,"15":0,"16":0,"17":0,"18":0,"19":0,"20":0,"21":0,"22":0,"23":0,"24":0,"25":0,"26":0,"27":0,"28":0,"29":0,"30":0,"31":0,"32":0,"33":0,"34":0,"35":0,"36":0,"37":0,"38":0,"39":0,"40":0,"41":0,"42":0,"43":0},"b":{"1":[0,0,0],"2":[0,0],"3":[0,0],"4":[0,0],"5":[0,0],"6":[0,0],"7":[0,0],"8":[0,0]},"f":{"1":0,"2":0,"3":0,"4":0,"5":0,"6":0,"7":0,"8":0,"9":0},"fnMap":{"1":{"name":"(anonymous_1)","line":6,"loc":{"start":{"line":6,"column":44},"end":{"line":6,"column":89}}},"2":{"name":"(anonymous_2)","line":7,"loc":{"start":{"line":7,"column":36},"end":{"line":7,"column":63}}},"3":{"name":"fulfilled","line":8,"loc":{"start":{"line":8,"column":8},"end":{"line":8,"column":34}}},"4":{"name":"rejected","line":9,"loc":{"start":{"line":9,"column":8},"end":{"line":9,"column":33}}},"5":{"name":"step","line":10,"loc":{"start":{"line":10,"column":8},"end":{"line":10,"column":30}}},"6":{"name":"(anonymous_6)","line":10,"loc":{"start":{"line":10,"column":76},"end":{"line":10,"column":95}}},"7":{"name":"(anonymous_7)","line":21,"loc":{"start":{"line":21,"column":36},"end":{"line":21,"column":57}}},"8":{"name":"(anonymous_8)","line":31,"loc":{"start":{"line":31,"column":73},"end":{"line":31,"column":86}}},"9":{"name":"(anonymous_9)","line":43,"loc":{"start":{"line":43,"column":15},"end":{"line":43,"column":34}}}},"statementMap":{"1":{"start":{"line":6,"column":0},"end":{"line":13,"column":2}},"2":{"start":{"line":7,"column":4},"end":{"line":12,"column":7}},"3":{"start":{"line":8,"column":8},"end":{"line":8,"column":99}},"4":{"start":{"line":8,"column":36},"end":{"line":8,"column":97}},"5":{"start":{"line":8,"column":42},"end":{"line":8,"column":70}},"6":{"start":{"line":8,"column":85},"end":{"line":8,"column":95}},"7":{"start":{"line":9,"column":8},"end":{"line":9,"column":102}},"8":{"start":{"line":9,"column":35},"end":{"line":9,"column":100}},"9":{"start":{"line":9,"column":41},"end":{"line":9,"column":73}},"10":{"start":{"line":9,"column":88},"end":{"line":9,"column":98}},"11":{"start":{"line":10,"column":8},"end":{"line":10,"column":151}},"12":{"start":{"line":10,"column":32},"end":{"line":10,"column":149}},"13":{"start":{"line":10,"column":97},"end":{"line":10,"column":119}},"14":{"start":{"line":11,"column":8},"end":{"line":11,"column":78}},"15":{"start":{"line":14,"column":0},"end":{"line":14,"column":62}},"16":{"start":{"line":15,"column":0},"end":{"line":15,"column":25}},"17":{"start":{"line":16,"column":0},"end":{"line":16,"column":33}},"18":{"start":{"line":17,"column":0},"end":{"line":17,"column":29}},"19":{"start":{"line":18,"column":0},"end":{"line":18,"column":35}},"20":{"start":{"line":19,"column":0},"end":{"line":19,"column":33}},"21":{"start":{"line":22,"column":8},"end":{"line":22,"column":52}},"22":{"start":{"line":23,"column":8},"end":{"line":23,"column":18}},"23":{"start":{"line":24,"column":8},"end":{"line":24,"column":25}},"24":{"start":{"line":25,"column":8},"end":{"line":25,"column":37}},"25":{"start":{"line":26,"column":8},"end":{"line":40,"column":11}},"26":{"start":{"line":27,"column":12},"end":{"line":39,"column":13}},"27":{"start":{"line":28,"column":16},"end":{"line":30,"column":17}},"28":{"start":{"line":29,"column":20},"end":{"line":29,"column":40}},"29":{"start":{"line":31,"column":16},"end":{"line":38,"column":25}},"30":{"start":{"line":31,"column":41},"end":{"line":38,"column":18}},"31":{"start":{"line":32,"column":20},"end":{"line":32,"column":38}},"32":{"start":{"line":33,"column":20},"end":{"line":33,"column":113}},"33":{"start":{"line":34,"column":20},"end":{"line":37,"column":21}},"34":{"start":{"line":35,"column":24},"end":{"line":35,"column":53}},"35":{"start":{"line":36,"column":24},"end":{"line":36,"column":45}},"36":{"start":{"line":41,"column":8},"end":{"line":41,"column":36}},"37":{"start":{"line":44,"column":8},"end":{"line":55,"column":11}},"38":{"start":{"line":45,"column":12},"end":{"line":45,"column":87}},"39":{"start":{"line":46,"column":12},"end":{"line":54,"column":36}},"40":{"start":{"line":48,"column":16},"end":{"line":51,"column":17}},"41":{"start":{"line":49,"column":20},"end":{"line":49,"column":39}},"42":{"start":{"line":50,"column":20},"end":{"line":50,"column":34}},"43":{"start":{"line":58,"column":0},"end":{"line":58,"column":30}}},"branchMap":{"1":{"line":6,"type":"binary-expr","locations":[{"start":{"line":6,"column":17},"end":{"line":6,"column":21}},{"start":{"line":6,"column":25},"end":{"line":6,"column":39}},{"start":{"line":6,"column":44},"end":{"line":13,"column":1}}]},"2":{"line":7,"type":"binary-expr","locations":[{"start":{"line":7,"column":16},"end":{"line":7,"column":17}},{"start":{"line":7,"column":22},"end":{"line":7,"column":33}}]},"3":{"line":10,"type":"cond-expr","locations":[{"start":{"line":10,"column":46},"end":{"line":10,"column":67}},{"start":{"line":10,"column":70},"end":{"line":10,"column":148}}]},"4":{"line":11,"type":"binary-expr","locations":[{"start":{"line":11,"column":51},"end":{"line":11,"column":61}},{"start":{"line":11,"column":65},"end":{"line":11,"column":67}}]},"5":{"line":27,"type":"if","locations":[{"start":{"line":27,"column":12},"end":{"line":27,"column":12}},{"start":{"line":27,"column":12},"end":{"line":27,"column":12}}]},"6":{"line":28,"type":"if","locations":[{"start":{"line":28,"column":16},"end":{"line":28,"column":16}},{"start":{"line":28,"column":16},"end":{"line":28,"column":16}}]},"7":{"line":34,"type":"if","locations":[{"start":{"line":34,"column":20},"end":{"line":34,"column":20}},{"start":{"line":34,"column":20},"end":{"line":34,"column":20}}]},"8":{"line":48,"type":"if","locations":[{"start":{"line":48,"column":16},"end":{"line":48,"column":16}},{"start":{"line":48,"column":16},"end":{"line":48,"column":16}}]}}}}